<?xml version="1.0" encoding="utf-8"?><testsuites name="pytest tests"><testsuite name="pytest" errors="1" failures="0" skipped="0" tests="1" time="2.001" timestamp="2026-02-05T13:27:14.417439+08:00" hostname="MacBook-Pro-4.local"><testcase classname="" name="tests.test_dgm_integration" time="0.000"><error message="collection failure">ImportError while importing test module '/Users/dhyana/DHARMIC_GODEL_CLAW/tests/test_dgm_integration.py'.
Hint: make sure your test modules/packages have valid Python names.
Traceback:
/Library/Frameworks/Python.framework/Versions/3.13/lib/python3.13/importlib/__init__.py:88: in import_module
    return _bootstrap._gcd_import(name[level:], package, level)
           ^^^^^^^^^^^^^^^^^^^^^^^^^^^^^^^^^^^^^^^^^^^^^^^^^^^^
tests/test_dgm_integration.py:84: in &lt;module&gt;
    from swarm.dgm_integration import (
E   ImportError: cannot import name 'SwarmDGMBridge' from 'swarm.dgm_integration' (/Users/dhyana/DHARMIC_GODEL_CLAW/swarm/dgm_integration.py)</error></testcase></testsuite></testsuites>