<?xml version="1.0" encoding="utf-8"?><testsuites name="pytest tests"><testsuite name="pytest" errors="4" failures="38" skipped="1" tests="614" time="97.047" timestamp="2026-02-05T12:52:48.246467+08:00" hostname="MacBook-Pro-4.local"><testcase classname="tests.test_auto_push.TestMutationProposal" name="test_proposal_creation" time="0.013" /><testcase classname="tests.test_auto_push.TestMutationProposal" name="test_proposal_defaults" time="0.000" /><testcase classname="tests.test_auto_push.TestCircuitResult" name="test_approval_ratio" time="0.000" /><testcase classname="tests.test_auto_push.TestCircuitResult" name="test_approval_ratio_zero_votes" time="0.000" /><testcase classname="tests.test_auto_push.TestCircuitResult" name="test_gates_tracking" time="0.000" /><testcase classname="tests.test_auto_push.TestVoteRecord" name="test_vote_creation" time="0.000" /><testcase classname="tests.test_auto_push.TestAutoPusherCommit" name="test_commit_approved_mutation_dry_run" time="0.002" /><testcase classname="tests.test_auto_push.TestAutoPusherCommit" name="test_commit_rejected_mutation_fails" time="0.001" /><testcase classname="tests.test_auto_push.TestAutoPusherCommit" name="test_commit_message_format" time="0.001" /><testcase classname="tests.test_auto_push.TestAutoPusherCommit" name="test_commit_live_mode" time="0.002" /><testcase classname="tests.test_auto_push.TestAutoPusherCommit" name="test_commit_handles_git_error" time="0.001" /><testcase classname="tests.test_auto_push.TestAutoPusherPush" name="test_push_dry_run_succeeds" time="0.001" /><testcase classname="tests.test_auto_push.TestAutoPusherPush" name="test_push_fails_for_uncommitted" time="0.001" /><testcase classname="tests.test_auto_push.TestAutoPusherPush" name="test_push_fails_protected_branch" time="0.001" /><testcase classname="tests.test_auto_push.TestAutoPusherPush" name="test_push_custom_protected_branches" time="0.002" /><testcase classname="tests.test_auto_push.TestAutoPusherPush" name="test_push_runs_tests" time="0.001" /><testcase classname="tests.test_auto_push.TestAutoPusherPush" name="test_push_fails_on_test_failure" time="0.001" /><testcase classname="tests.test_auto_push.TestArchiveIntegration" name="test_push_logs_to_archive" time="0.001" /><testcase classname="tests.test_auto_push.TestArchiveIntegration" name="test_archive_tracks_lineage" time="0.002" /><testcase classname="tests.test_auto_push.TestEnvironmentConfig" name="test_dry_run_from_env_true" time="0.001" /><testcase classname="tests.test_auto_push.TestEnvironmentConfig" name="test_dry_run_from_env_false" time="0.001" /><testcase classname="tests.test_auto_push.TestEnvironmentConfig" name="test_dry_run_from_env_1" time="0.001" /><testcase classname="tests.test_auto_push.TestEnvironmentConfig" name="test_explicit_dry_run_overrides_env" time="0.001" /><testcase classname="tests.test_auto_push.TestCommitAndPush" name="test_commit_and_push_success" time="0.003" /><testcase classname="tests.test_auto_push.TestCommitAndPush" name="test_commit_and_push_commit_fails" time="0.001" /><testcase classname="tests.test_auto_push.TestSafetyChecks" name="test_check_no_uncommitted_clean" time="0.001" /><testcase classname="tests.test_auto_push.TestSafetyChecks" name="test_check_no_uncommitted_with_allowed_changes" time="0.001" /><testcase classname="tests.test_auto_push.TestSafetyChecks" name="test_check_no_uncommitted_with_outside_changes" time="0.001" /><testcase classname="tests.test_auto_push.TestWitnessLogging" name="test_commit_logs_witness_event" time="0.001" /><testcase classname="tests.test_auto_push.TestWitnessLogging" name="test_push_logs_strange_loop_witness" time="0.002" /><testcase classname="tests.test_circuit_integration.TestMutationProposal" name="test_proposal_creation" time="0.000" /><testcase classname="tests.test_circuit_integration.TestMutationProposal" name="test_proposal_with_all_fields" time="0.000" /><testcase classname="tests.test_circuit_integration.TestMutationProposal" name="test_to_voting_proposal" time="0.000"><failure message="TypeError: MutationProposal.__init__() got an unexpected keyword argument 'rationale'">tests/test_circuit_integration.py:63: in test_to_voting_proposal
    proposal = MutationProposal(
E   TypeError: MutationProposal.__init__() got an unexpected keyword argument 'rationale'</failure></testcase><testcase classname="tests.test_circuit_integration.TestEleganceEvaluator" name="test_elegant_code" time="0.001" /><testcase classname="tests.test_circuit_integration.TestEleganceEvaluator" name="test_bloated_code" time="0.001" /><testcase classname="tests.test_circuit_integration.TestCircuitPhases" name="test_phase_2_valid_syntax" time="0.000"><error message="failed on setup with &quot;TypeError: MutationCircuit.__init__() got an unexpected keyword argument 'quick_vote'&quot;">tests/test_circuit_integration.py:160: in circuit
    return MutationCircuit(project_root=tmp_path, quick_vote=True, min_votes=3)
           ^^^^^^^^^^^^^^^^^^^^^^^^^^^^^^^^^^^^^^^^^^^^^^^^^^^^^^^^^^^^^^^^^^^^
E   TypeError: MutationCircuit.__init__() got an unexpected keyword argument 'quick_vote'</error></testcase><testcase classname="tests.test_circuit_integration.TestCircuitPhases" name="test_phase_2_invalid_syntax" time="0.000"><error message="failed on setup with &quot;TypeError: MutationCircuit.__init__() got an unexpected keyword argument 'quick_vote'&quot;">tests/test_circuit_integration.py:160: in circuit
    return MutationCircuit(project_root=tmp_path, quick_vote=True, min_votes=3)
           ^^^^^^^^^^^^^^^^^^^^^^^^^^^^^^^^^^^^^^^^^^^^^^^^^^^^^^^^^^^^^^^^^^^^
E   TypeError: MutationCircuit.__init__() got an unexpected keyword argument 'quick_vote'</error></testcase><testcase classname="tests.test_circuit_integration.TestCircuitPhases" name="test_phase_3_create_file" time="0.000"><error message="failed on setup with &quot;TypeError: MutationCircuit.__init__() got an unexpected keyword argument 'quick_vote'&quot;">tests/test_circuit_integration.py:160: in circuit
    return MutationCircuit(project_root=tmp_path, quick_vote=True, min_votes=3)
           ^^^^^^^^^^^^^^^^^^^^^^^^^^^^^^^^^^^^^^^^^^^^^^^^^^^^^^^^^^^^^^^^^^^^
E   TypeError: MutationCircuit.__init__() got an unexpected keyword argument 'quick_vote'</error></testcase><testcase classname="tests.test_circuit_integration.TestCircuitPhases" name="test_phase_3_modify_existing" time="0.000"><error message="failed on setup with &quot;TypeError: MutationCircuit.__init__() got an unexpected keyword argument 'quick_vote'&quot;">tests/test_circuit_integration.py:160: in circuit
    return MutationCircuit(project_root=tmp_path, quick_vote=True, min_votes=3)
           ^^^^^^^^^^^^^^^^^^^^^^^^^^^^^^^^^^^^^^^^^^^^^^^^^^^^^^^^^^^^^^^^^^^^
E   TypeError: MutationCircuit.__init__() got an unexpected keyword argument 'quick_vote'</error></testcase><testcase classname="tests.test_circuit_integration.TestCircuitRollback" name="test_rollback_restores_original" time="0.002"><failure message="AttributeError: 'MutationCircuit' object has no attribute '_phase_3_implementation'">tests/test_circuit_integration.py:256: in test_rollback_restores_original
    circuit._phase_3_implementation(proposal)
    ^^^^^^^^^^^^^^^^^^^^^^^^^^^^^^^
E   AttributeError: 'MutationCircuit' object has no attribute '_phase_3_implementation'</failure></testcase><testcase classname="tests.test_circuit_integration.TestCircuitRollback" name="test_rollback_deletes_new_file" time="0.001"><failure message="AttributeError: 'MutationCircuit' object has no attribute '_phase_3_implementation'">tests/test_circuit_integration.py:278: in test_rollback_deletes_new_file
    circuit._phase_3_implementation(proposal)
    ^^^^^^^^^^^^^^^^^^^^^^^^^^^^^^^
E   AttributeError: 'MutationCircuit' object has no attribute '_phase_3_implementation'</failure></testcase><testcase classname="tests.test_circuit_integration.TestFullCircuitFlow" name="test_successful_circuit_flow" time="0.002"><failure message="TypeError: MutationCircuit.__init__() got an unexpected keyword argument 'quick_vote'">tests/test_circuit_integration.py:295: in test_successful_circuit_flow
    circuit = MutationCircuit(
E   TypeError: MutationCircuit.__init__() got an unexpected keyword argument 'quick_vote'</failure></testcase><testcase classname="tests.test_circuit_integration.TestFullCircuitFlow" name="test_circuit_with_syntax_error" time="0.001"><failure message="TypeError: MutationCircuit.__init__() got an unexpected keyword argument 'quick_vote'">tests/test_circuit_integration.py:368: in test_circuit_with_syntax_error
    circuit = MutationCircuit(project_root=tmp_path, quick_vote=True, min_votes=3)
              ^^^^^^^^^^^^^^^^^^^^^^^^^^^^^^^^^^^^^^^^^^^^^^^^^^^^^^^^^^^^^^^^^^^^
E   TypeError: MutationCircuit.__init__() got an unexpected keyword argument 'quick_vote'</failure></testcase><testcase classname="tests.test_circuit_integration.TestConvenienceFunctions" name="test_run_circuit_function" time="0.001"><failure message="TypeError: MutationCircuit.__init__() got an unexpected keyword argument 'quick_vote'">tests/test_circuit_integration.py:434: in test_run_circuit_function
    result = run_circuit(proposal, project_root=tmp_path, quick_vote=True, min_votes=3)
             ^^^^^^^^^^^^^^^^^^^^^^^^^^^^^^^^^^^^^^^^^^^^^^^^^^^^^^^^^^^^^^^^^^^^^^^^^^
src/dgm/circuit.py:1085: in run_circuit
    circuit = MutationCircuit(**kwargs)
              ^^^^^^^^^^^^^^^^^^^^^^^^^
E   TypeError: MutationCircuit.__init__() got an unexpected keyword argument 'quick_vote'</failure></testcase><testcase classname="tests.test_claude_max.TestMessage" name="test_message_creation" time="0.000" /><testcase classname="tests.test_claude_max.TestModelResponse" name="test_response_creation" time="0.000" /><testcase classname="tests.test_claude_max.TestModelResponse" name="test_response_with_custom_model" time="0.000" /><testcase classname="tests.test_claude_max.TestClaudeMax" name="test_initialization_success" time="0.000" /><testcase classname="tests.test_claude_max.TestClaudeMax" name="test_initialization_cli_not_found" time="0.001" /><testcase classname="tests.test_claude_max.TestClaudeMax" name="test_initialization_cli_not_working" time="0.000" /><testcase classname="tests.test_claude_max.TestClaudeMax" name="test_invoke_simple_message" time="0.000" /><testcase classname="tests.test_claude_max.TestClaudeMax" name="test_invoke_with_system_prompt" time="0.000" /><testcase classname="tests.test_claude_max.TestClaudeMax" name="test_invoke_with_conversation_history" time="0.000" /><testcase classname="tests.test_claude_max.TestClaudeMax" name="test_invoke_cli_error" time="0.000" /><testcase classname="tests.test_claude_max.TestClaudeMax" name="test_invoke_timeout" time="0.000" /><testcase classname="tests.test_claude_max.TestClaudeMax" name="test_response_method_alias" time="0.000" /><testcase classname="tests.test_claude_max.TestClaudeMax" name="test_chat_simple" time="0.000" /><testcase classname="tests.test_claude_max.TestClaudeMax" name="test_chat_with_history" time="0.000" /><testcase classname="tests.test_claude_max.TestClaudeMax" name="test_chat_with_system_prompt" time="0.000" /><testcase classname="tests.test_claude_max.TestClaudeMax" name="test_working_directory" time="0.000" /><testcase classname="tests.test_claude_max.TestClaudeMax" name="test_repr" time="0.000" /><testcase classname="tests.test_dgm.TestArchive" name="test_archive_init" time="0.001" /><testcase classname="tests.test_dgm.TestArchive" name="test_add_entry" time="0.001" /><testcase classname="tests.test_dgm.TestArchive" name="test_get_lineage" time="0.001" /><testcase classname="tests.test_dgm.TestArchive" name="test_fitness_score" time="0.000" /><testcase classname="tests.test_dgm.TestArchive" name="test_fitness_weighted" time="0.000" /><testcase classname="tests.test_dgm.TestFitnessEvaluator" name="test_evaluator_init" time="0.000" /><testcase classname="tests.test_dgm.TestFitnessEvaluator" name="test_evaluate_nonexistent_file" time="0.000" /><testcase classname="tests.test_dgm.TestFitnessEvaluator" name="test_dharmic_gates_check" time="0.004" /><testcase classname="tests.test_dgm.TestSelector" name="test_selector_init" time="0.000" /><testcase classname="tests.test_dgm.TestSelector" name="test_select_from_empty" time="0.001" /><testcase classname="tests.test_dgm.TestSelector" name="test_tournament_selection" time="0.001" /><testcase classname="tests.test_dgm.TestDGMIntegration" name="test_full_cycle_dry_run" time="0.006" /><testcase classname="tests.test_dgm.TestDharmicGates" name="test_consent_always_fails_without_human" time="0.004" /><testcase classname="tests.test_dgm.TestDharmicGates" name="test_ahimsa_detects_dangerous_code" time="0.000" /><testcase classname="tests.test_dgm_integration.TestSwarmDGMBridgeInit" name="test_default_initialization" time="0.001" /><testcase classname="tests.test_dgm_integration.TestSwarmDGMBridgeInit" name="test_custom_dry_run_setting" time="0.001" /><testcase classname="tests.test_dgm_integration.TestSwarmDGMBridgeInit" name="test_shared_archive_with_dgm" time="0.001" /><testcase classname="tests.test_dgm_integration.TestSwarmDGMBridgeInit" name="test_custom_dgm_instance" time="0.001" /><testcase classname="tests.test_dgm_integration.TestSwarmDGMBridgeInit" name="test_fitness_weights_defined" time="0.001" /><testcase classname="tests.test_dgm_integration.TestProposalToEntry" name="test_basic_conversion" time="0.001" /><testcase classname="tests.test_dgm_integration.TestProposalToEntry" name="test_metadata_extraction" time="0.001" /><testcase classname="tests.test_dgm_integration.TestProposalToEntry" name="test_parent_id_passed" time="0.001" /><testcase classname="tests.test_dgm_integration.TestProposalToEntry" name="test_empty_metadata_handling" time="0.001" /><testcase classname="tests.test_dgm_integration.TestProposalToEntry" name="test_fitness_initialized_empty" time="0.001" /><testcase classname="tests.test_dgm_integration.TestWorkflowResultToEntry" name="test_basic_conversion" time="0.001" /><testcase classname="tests.test_dgm_integration.TestWorkflowResultToEntry" name="test_no_files_changed_is_evaluation" time="0.001" /><testcase classname="tests.test_dgm_integration.TestWorkflowResultToEntry" name="test_parent_lineage_preserved" time="0.001" /><testcase classname="tests.test_dgm_integration.TestWorkflowResultToEntry" name="test_test_results_captured" time="0.001" /><testcase classname="tests.test_dgm_integration.TestFitnessCalculation" name="test_perfect_result_high_fitness" time="0.001" /><testcase classname="tests.test_dgm_integration.TestFitnessCalculation" name="test_failed_tests_low_correctness" time="0.001" /><testcase classname="tests.test_dgm_integration.TestFitnessCalculation" name="test_failed_workflow_low_safety" time="0.001" /><testcase classname="tests.test_dgm_integration.TestFitnessCalculation" name="test_many_files_lower_efficiency" time="0.001" /><testcase classname="tests.test_dgm_integration.TestFitnessCalculation" name="test_no_changes_high_efficiency" time="0.001" /><testcase classname="tests.test_dgm_integration.TestFitnessCalculation" name="test_fitness_total_with_weights" time="0.001" /><testcase classname="tests.test_dgm_integration.TestArchiveIntegration" name="test_archive_entry_basic" time="0.001" /><testcase classname="tests.test_dgm_integration.TestArchiveIntegration" name="test_archive_entry_status_override" time="0.001" /><testcase classname="tests.test_dgm_integration.TestArchiveIntegration" name="test_get_best_parent_empty_archive" time="0.001" /><testcase classname="tests.test_dgm_integration.TestArchiveIntegration" name="test_get_best_parent_returns_best" time="0.001" /><testcase classname="tests.test_dgm_integration.TestArchiveIntegration" name="test_archive_successful_pattern_filters_failures" time="0.001" /><testcase classname="tests.test_dgm_integration.TestArchiveIntegration" name="test_archive_successful_pattern_filters_test_failures" time="0.001" /><testcase classname="tests.test_dgm_integration.TestArchiveIntegration" name="test_archive_successful_pattern_archives_success" time="0.001" /><testcase classname="tests.test_dgm_integration.TestEvolutionCycleDryRun" name="test_basic_cycle_execution" time="0.002" /><testcase classname="tests.test_dgm_integration.TestEvolutionCycleDryRun" name="test_cycle_increments_counters" time="0.002" /><testcase classname="tests.test_dgm_integration.TestEvolutionCycleDryRun" name="test_cycle_uses_parent_lineage" time="0.002" /><testcase classname="tests.test_dgm_integration.TestEvolutionCycleDryRun" name="test_cycle_rejects_failed_gates" time="0.002" /><testcase classname="tests.test_dgm_integration.TestEvolutionCycleDryRun" name="test_cycle_rejects_no_improvement" time="0.002" /><testcase classname="tests.test_dgm_integration.TestEvolutionCycleDryRun" name="test_cycle_handles_orchestrator_error" time="0.002" /><testcase classname="tests.test_dgm_integration.TestEvolutionCycleDryRun" name="test_dry_run_sets_status" time="0.002" /><testcase classname="tests.test_dgm_integration.TestDharmicGates" name="test_passes_all_required_gates" time="0.001" /><testcase classname="tests.test_dgm_integration.TestDharmicGates" name="test_fails_missing_ahimsa" time="0.001" /><testcase classname="tests.test_dgm_integration.TestDharmicGates" name="test_fails_missing_consent" time="0.001" /><testcase classname="tests.test_dgm_integration.TestDharmicGates" name="test_required_gates_from_dgm" time="0.001" /><testcase classname="tests.test_dgm_integration.TestBridgeStatus" name="test_initial_status" time="0.001" /><testcase classname="tests.test_dgm_integration.TestBridgeStatus" name="test_status_after_activity" time="0.001" /><testcase classname="tests.test_dgm_integration.TestEvolutionLoop" name="test_loop_executes_multiple_cycles" time="1.005" /><testcase classname="tests.test_dgm_integration.TestEvolutionLoop" name="test_loop_early_stops_on_no_improvement" time="1.006" /><testcase classname="tests.test_dgm_integration.TestConvenienceFunction" name="test_evolve_with_swarm_dry_run" time="0.002" /><testcase classname="tests.test_dgm_integration.TestEdgeCases" name="test_proposal_with_empty_component" time="0.001" /><testcase classname="tests.test_dgm_integration.TestEdgeCases" name="test_workflow_result_with_empty_metrics" time="0.001" /><testcase classname="tests.test_dgm_integration.TestEdgeCases" name="test_archive_persists_to_disk" time="0.002" /><testcase classname="tests.test_dgm_orchestrator.TestVoteDecision" name="test_values" time="0.000" /><testcase classname="tests.test_dgm_orchestrator.TestImprovementStatus" name="test_all_statuses" time="0.000" /><testcase classname="tests.test_dgm_orchestrator.TestVote" name="test_create_vote" time="0.000" /><testcase classname="tests.test_dgm_orchestrator.TestVote" name="test_vote_with_custom_timestamp" time="0.000" /><testcase classname="tests.test_dgm_orchestrator.TestVotingResult" name="test_approval_rate_all_approve" time="0.000" /><testcase classname="tests.test_dgm_orchestrator.TestVotingResult" name="test_approval_rate_with_abstains" time="0.000" /><testcase classname="tests.test_dgm_orchestrator.TestVotingResult" name="test_approval_rate_all_abstain" time="0.000" /><testcase classname="tests.test_dgm_orchestrator.TestMutationProposal" name="test_create_proposal" time="0.000" /><testcase classname="tests.test_dgm_orchestrator.TestComponentMetrics" name="test_fitness_trend_improving" time="0.000" /><testcase classname="tests.test_dgm_orchestrator.TestComponentMetrics" name="test_fitness_trend_declining" time="0.000" /><testcase classname="tests.test_dgm_orchestrator.TestComponentMetrics" name="test_fitness_trend_stable" time="0.000" /><testcase classname="tests.test_dgm_orchestrator.TestComponentMetrics" name="test_fitness_trend_insufficient_data" time="0.000" /><testcase classname="tests.test_dgm_orchestrator.TestComponentMetrics" name="test_success_rate" time="0.000" /><testcase classname="tests.test_dgm_orchestrator.TestComponentMetrics" name="test_success_rate_no_attempts" time="0.000" /><testcase classname="tests.test_dgm_orchestrator.TestImprovementResult" name="test_to_dict" time="0.000" /><testcase classname="tests.test_dgm_orchestrator.TestMutator" name="test_init" time="0.001" /><testcase classname="tests.test_dgm_orchestrator.TestMutator" name="test_propose_improvement" time="0.002" /><testcase classname="tests.test_dgm_orchestrator.TestMutator" name="test_propose_with_focus" time="0.001" /><testcase classname="tests.test_dgm_orchestrator.TestMutator" name="test_select_mutation_type_large_file" time="0.001" /><testcase classname="tests.test_dgm_orchestrator.TestMutator" name="test_select_mutation_type_with_todo" time="0.001" /><testcase classname="tests.test_dgm_orchestrator.TestMutator" name="test_generate_id_uniqueness" time="0.001" /><testcase classname="tests.test_dgm_orchestrator.TestVotingSwarm" name="test_init_defaults" time="0.000" /><testcase classname="tests.test_dgm_orchestrator.TestVotingSwarm" name="test_custom_threshold" time="0.000" /><testcase classname="tests.test_dgm_orchestrator.TestVotingSwarm" name="test_vote_on_proposal_structure" time="0.001" /><testcase classname="tests.test_dgm_orchestrator.TestVotingSwarm" name="test_vote_phases" time="0.000" /><testcase classname="tests.test_dgm_orchestrator.TestVotingSwarm" name="test_syntax_phase_valid_code" time="0.000" /><testcase classname="tests.test_dgm_orchestrator.TestVotingSwarm" name="test_syntax_phase_invalid_code" time="0.000" /><testcase classname="tests.test_dgm_orchestrator.TestVotingSwarm" name="test_aggregate_votes_passing" time="0.000" /><testcase classname="tests.test_dgm_orchestrator.TestVotingSwarm" name="test_aggregate_votes_failing" time="0.000" /><testcase classname="tests.test_dgm_orchestrator.TestEleganceEvaluator" name="test_init" time="0.001" /><testcase classname="tests.test_dgm_orchestrator.TestEleganceEvaluator" name="test_evaluate_elegant_code" time="0.002" /><testcase classname="tests.test_dgm_orchestrator.TestEleganceEvaluator" name="test_evaluate_poor_code" time="0.001" /><testcase classname="tests.test_dgm_orchestrator.TestEleganceEvaluator" name="test_score_clarity_with_docstrings" time="0.001" /><testcase classname="tests.test_dgm_orchestrator.TestEleganceEvaluator" name="test_score_clarity_with_type_hints" time="0.001" /><testcase classname="tests.test_dgm_orchestrator.TestEleganceEvaluator" name="test_score_conciseness" time="0.001" /><testcase classname="tests.test_dgm_orchestrator.TestEleganceEvaluator" name="test_score_composability" time="0.001" /><testcase classname="tests.test_dgm_orchestrator.TestMutationCircuit" name="test_init" time="0.001" /><testcase classname="tests.test_dgm_orchestrator.TestMutationCircuit" name="test_evaluate_valid_code" time="0.002" /><testcase classname="tests.test_dgm_orchestrator.TestMutationCircuit" name="test_evaluate_invalid_syntax" time="0.001" /><testcase classname="tests.test_dgm_orchestrator.TestMutationCircuit" name="test_evaluate_all_phases" time="0.002" /><testcase classname="tests.test_dgm_orchestrator.TestAutoPusher" name="test_init" time="0.001" /><testcase classname="tests.test_dgm_orchestrator.TestAutoPusher" name="test_dry_run_commit" time="0.001" /><testcase classname="tests.test_dgm_orchestrator.TestAutoPusher" name="test_generate_commit_message" time="0.001" /><testcase classname="tests.test_dgm_orchestrator.TestDGMOrchestrator" name="test_init" time="0.016" /><testcase classname="tests.test_dgm_orchestrator.TestDGMOrchestrator" name="test_run_improvement_cycle" time="4.245" /><testcase classname="tests.test_dgm_orchestrator.TestDGMOrchestrator" name="test_run_improvement_cycle_no_component" time="0.004" /><testcase classname="tests.test_dgm_orchestrator.TestDGMOrchestrator" name="test_get_status" time="0.003" /><testcase classname="tests.test_dgm_orchestrator.TestDGMOrchestrator" name="test_score_component_priority" time="0.003" /><testcase classname="tests.test_dgm_orchestrator.TestDGMOrchestrator" name="test_component_metrics_update" time="3.214" /><testcase classname="tests.test_dgm_orchestrator.TestDGMOrchestrator" name="test_generate_cycle_id" time="0.003" /><testcase classname="tests.test_dgm_orchestrator.TestDGMOrchestrator" name="test_stop" time="0.003" /><testcase classname="tests.test_dgm_orchestrator.TestDGMOrchestrator" name="test_run_continuous_max_cycles" time="60.011" /><testcase classname="tests.test_dgm_orchestrator.TestArchiveEntryCreation" name="test_create_archive_entry" time="0.004"><failure message="TypeError: GateCheck.__init__() got an unexpected keyword argument 'gate'">tests/test_dgm_orchestrator.py:839: in test_create_archive_entry
    GateCheck(gate="AHIMSA", result=GateResult.PASS, reason="No harm"),
    ^^^^^^^^^^^^^^^^^^^^^^^^^^^^^^^^^^^^^^^^^^^^^^^^^^^^^^^^^^^^^^^^^^
E   TypeError: GateCheck.__init__() got an unexpected keyword argument 'gate'</failure></testcase><testcase classname="tests.test_dgm_orchestrator.TestIntegration" name="test_full_cycle_dry_run" time="3.916" /><testcase classname="tests.test_dgm_orchestrator.TestIntegration" name="test_multiple_cycles" time="12.394" /><testcase classname="tests.test_dgm_orchestrator.TestCLI" name="test_main_status" time="0.005" /><testcase classname="tests.test_dgm_orchestrator.TestCLI" name="test_argparse_target" time="0.001" /><testcase classname="tests.test_dgm_orchestrator.TestCLI" name="test_argparse_continuous" time="0.001" /><testcase classname="tests.test_dgm_orchestrator.TestEdgeCases" name="test_empty_code" time="0.001" /><testcase classname="tests.test_dgm_orchestrator.TestEdgeCases" name="test_invalid_component_path" time="0.005" /><testcase classname="tests.test_dgm_orchestrator.TestEdgeCases" name="test_voting_all_abstain" time="0.000" /><testcase classname="tests.test_dgm_orchestrator.TestEdgeCases" name="test_composability_syntax_error" time="0.002" /><testcase classname="tests.test_dharmic_agent" name="test_agent_initialization" time="0.002" /><testcase classname="tests.test_dharmic_agent" name="test_witness_mode_trigger" time="0.004" /><testcase classname="tests.test_dharmic_agent" name="test_contemplative_mode_trigger" time="0.003" /><testcase classname="tests.test_dharmic_agent" name="test_mode_aware_processing" time="0.001" /><testcase classname="tests.test_dharmic_agent" name="test_rv_trajectory_tracking" time="0.002" /><testcase classname="tests.test_dharmic_agent" name="test_enhanced_logging" time="0.005" /><testcase classname="tests.test_dharmic_agent" name="test_mode_transitions" time="0.003" /><testcase classname="tests.test_elegance.TestEleganceScore" name="test_score_clamping" time="0.000" /><testcase classname="tests.test_elegance.TestEleganceScore" name="test_default_values" time="0.000" /><testcase classname="tests.test_elegance.TestComplexityVisitor" name="test_simple_function" time="0.000" /><testcase classname="tests.test_elegance.TestComplexityVisitor" name="test_if_statement" time="0.000" /><testcase classname="tests.test_elegance.TestComplexityVisitor" name="test_loop_complexity" time="0.000" /><testcase classname="tests.test_elegance.TestComplexityVisitor" name="test_boolean_operators" time="0.000" /><testcase classname="tests.test_elegance.TestComplexityVisitor" name="test_comprehension_complexity" time="0.000" /><testcase classname="tests.test_elegance.TestElegantCode" name="test_small_refactor" time="0.001" /><testcase classname="tests.test_elegance.TestElegantCode" name="test_rename_for_clarity" time="0.000" /><testcase classname="tests.test_elegance.TestElegantCode" name="test_removed_code" time="0.000" /><testcase classname="tests.test_elegance.TestBloatedCode" name="test_massive_addition" time="0.004" /><testcase classname="tests.test_elegance.TestBloatedCode" name="test_complexity_explosion" time="0.001" /><testcase classname="tests.test_elegance.TestBloatedCode" name="test_import_bloat" time="0.000" /><testcase classname="tests.test_elegance.TestBloatedCode" name="test_copy_paste_duplication" time="0.001" /><testcase classname="tests.test_elegance.TestBloatedCode" name="test_poor_naming" time="0.001" /><testcase classname="tests.test_elegance.TestThresholds" name="test_reject_threshold" time="0.002" /><testcase classname="tests.test_elegance.TestThresholds" name="test_100_line_threshold_with_tests" time="0.003" /><testcase classname="tests.test_elegance.TestEdgeCases" name="test_empty_original" time="0.000" /><testcase classname="tests.test_elegance.TestEdgeCases" name="test_empty_modified" time="0.000" /><testcase classname="tests.test_elegance.TestEdgeCases" name="test_invalid_syntax" time="0.000" /><testcase classname="tests.test_elegance.TestEdgeCases" name="test_both_empty" time="0.000" /><testcase classname="tests.test_elegance.TestEdgeCases" name="test_whitespace_only" time="0.000" /><testcase classname="tests.test_elegance.TestCreateDiff" name="test_creates_unified_diff" time="0.000" /><testcase classname="tests.test_elegance.TestCreateDiff" name="test_empty_diff_for_identical" time="0.000" /><testcase classname="tests.test_elegance.TestConvenienceFunction" name="test_auto_generates_diff" time="0.000" /><testcase classname="tests.test_elegance.TestConvenienceFunction" name="test_accepts_custom_diff" time="0.000" /><testcase classname="tests.test_email_daemon.TestEmailConfig" name="test_initialization_with_env_vars" time="0.027" /><testcase classname="tests.test_email_daemon.TestEmailConfig" name="test_missing_credentials_raises_error" time="0.001" /><testcase classname="tests.test_email_daemon.TestEmailConfig" name="test_default_ports" time="0.000" /><testcase classname="tests.test_email_daemon.TestEmailDaemon" name="test_initialization" time="0.002" /><testcase classname="tests.test_email_daemon.TestEmailDaemon" name="test_connect_imap_ssl" time="0.001" /><testcase classname="tests.test_email_daemon.TestEmailDaemon" name="test_connect_imap_localhost" time="0.001" /><testcase classname="tests.test_email_daemon.TestEmailDaemon" name="test_fetch_unread" time="0.002" /><testcase classname="tests.test_email_daemon.TestEmailDaemon" name="test_fetch_unread_with_whitelist" time="0.001" /><testcase classname="tests.test_email_daemon.TestEmailDaemon" name="test_send_response" time="0.001" /><testcase classname="tests.test_email_daemon.TestEmailDaemon" name="test_process_message_with_agent" time="0.001" /><testcase classname="tests.test_email_daemon.TestEmailDaemon" name="test_daemon_lifecycle" time="0.001" /><testcase classname="tests.test_email_daemon.TestEmailDaemonIntegration" name="test_processed_ids_tracking" time="0.001" /><testcase classname="tests.test_email_daemon.TestEmailDaemonIntegration" name="test_log_directory_created" time="0.001" /><testcase classname="tests.test_email_daemon.TestEmailDaemonIntegration" name="test_poll_interval_configurable" time="0.001" /><testcase classname="tests.test_kimi_reviewer.TestKimiReview" name="test_create_basic_review" time="0.000" /><testcase classname="tests.test_kimi_reviewer.TestKimiReview" name="test_review_with_issues" time="0.000" /><testcase classname="tests.test_kimi_reviewer.TestKimiReview" name="test_confidence_bounds" time="0.000" /><testcase classname="tests.test_kimi_reviewer.TestKimiReview" name="test_to_dict" time="0.000" /><testcase classname="tests.test_kimi_reviewer.TestKimiReview" name="test_from_dict" time="0.000" /><testcase classname="tests.test_kimi_reviewer.TestKimiReview" name="test_summary" time="0.000" /><testcase classname="tests.test_kimi_reviewer.TestKimiReview" name="test_severity_score_calculation" time="0.000" /><testcase classname="tests.test_kimi_reviewer.TestMutationProposal" name="test_create_basic_proposal" time="0.000" /><testcase classname="tests.test_kimi_reviewer.TestMutationProposal" name="test_from_voting_proposal" time="0.000" /><testcase classname="tests.test_kimi_reviewer.TestMutationProposal" name="test_from_mutator_proposal" time="0.000" /><testcase classname="tests.test_kimi_reviewer.TestContextGatherer" name="test_gather_context_includes_target" time="0.002" /><testcase classname="tests.test_kimi_reviewer.TestContextGatherer" name="test_gather_context_finds_tests" time="0.002" /><testcase classname="tests.test_kimi_reviewer.TestContextGatherer" name="test_gather_context_respects_max_chars" time="0.002" /><testcase classname="tests.test_kimi_reviewer.TestContextGatherer" name="test_find_siblings" time="0.001" /><testcase classname="tests.test_kimi_reviewer.TestContextGatherer" name="test_resolve_path_absolute" time="0.001" /><testcase classname="tests.test_kimi_reviewer.TestContextGatherer" name="test_resolve_path_relative" time="0.001" /><testcase classname="tests.test_kimi_reviewer.TestContextGatherer" name="test_nonexistent_file_returns_empty" time="0.001" /><testcase classname="tests.test_kimi_reviewer.TestKimiReviewer" name="test_init_with_api_key" time="0.001" /><testcase classname="tests.test_kimi_reviewer.TestKimiReviewer" name="test_init_from_env" time="0.001" /><testcase classname="tests.test_kimi_reviewer.TestKimiReviewer" name="test_build_review_prompt" time="0.001" /><testcase classname="tests.test_kimi_reviewer.TestKimiReviewer" name="test_parse_valid_json_response" time="0.001" /><testcase classname="tests.test_kimi_reviewer.TestKimiReviewer" name="test_parse_raw_json_response" time="0.001" /><testcase classname="tests.test_kimi_reviewer.TestKimiReviewer" name="test_parse_invalid_response" time="0.001" /><testcase classname="tests.test_kimi_reviewer.TestKimiReviewer" name="test_call_clawdbot" time="0.001" /><testcase classname="tests.test_kimi_reviewer.TestKimiReviewer" name="test_call_clawdbot_failure" time="0.001" /><testcase classname="tests.test_kimi_reviewer.TestKimiReviewer" name="test_review_mutation_full_flow" time="0.001" /><testcase classname="tests.test_kimi_reviewer.TestKimiReviewer" name="test_quick_review" time="0.001" /><testcase classname="tests.test_kimi_reviewer.TestFactoryFunctions" name="test_create_reviewer" time="0.001" /><testcase classname="tests.test_kimi_reviewer.TestFactoryFunctions" name="test_review_file_change" time="0.001" /><testcase classname="tests.test_kimi_reviewer.TestIntegration" name="test_gather_context_on_real_file" time="2.023" /><testcase classname="tests.test_kimi_reviewer.TestIntegration" name="test_reviewer_initialization_with_real_project" time="0.001" /><testcase classname="tests.test_kimi_reviewer.TestEdgeCases" name="test_empty_diff" time="3.558" /><testcase classname="tests.test_kimi_reviewer.TestEdgeCases" name="test_very_large_context" time="0.847" /><testcase classname="tests.test_kimi_reviewer.TestEdgeCases" name="test_binary_file_handling" time="0.001" /><testcase classname="tests.test_kimi_reviewer.TestEdgeCases" name="test_circular_imports" time="0.001" /><testcase classname="tests.test_memory.TestStrangeLoopMemoryLayers" name="test_all_layers_initialized" time="0.001" /><testcase classname="tests.test_memory.TestStrangeLoopMemoryLayers" name="test_observations_layer" time="0.001" /><testcase classname="tests.test_memory.TestStrangeLoopMemoryLayers" name="test_meta_observations_layer" time="0.002" /><testcase classname="tests.test_memory.TestStrangeLoopMemoryLayers" name="test_patterns_layer" time="0.001" /><testcase classname="tests.test_memory.TestStrangeLoopMemoryLayers" name="test_meta_patterns_layer" time="0.001" /><testcase classname="tests.test_memory.TestStrangeLoopMemoryLayers" name="test_development_layer" time="0.001" /><testcase classname="tests.test_memory.TestMemoryPersistence" name="test_observations_persist" time="0.001" /><testcase classname="tests.test_memory.TestMemoryPersistence" name="test_all_layers_persist" time="0.002" /><testcase classname="tests.test_memory.TestMemoryPersistence" name="test_jsonl_format" time="0.001" /><testcase classname="tests.test_memory.TestPatternDetection" name="test_detect_patterns_basic" time="0.001" /><testcase classname="tests.test_memory.TestPatternDetection" name="test_detect_patterns_min_occurrences" time="0.001" /><testcase classname="tests.test_memory.TestPatternDetection" name="test_detect_patterns_timestamps" time="0.001" /><testcase classname="tests.test_memory.TestContextSummary" name="test_empty_context_summary" time="0.001" /><testcase classname="tests.test_memory.TestContextSummary" name="test_context_summary_with_data" time="0.002" /><testcase classname="tests.test_memory.TestContextSummary" name="test_context_summary_depth_limit" time="0.002" /><testcase classname="tests.test_memory.TestMemoryReadWrite" name="test_append_creates_timestamp" time="0.001" /><testcase classname="tests.test_memory.TestMemoryReadWrite" name="test_read_recent_limit" time="0.002" /><testcase classname="tests.test_memory.TestMemoryReadWrite" name="test_read_recent_from_empty" time="0.001" /><testcase classname="tests.test_memory.TestMemoryReadWrite" name="test_read_recent_more_than_available" time="0.001" /><testcase classname="tests.test_memory.TestWitnessStabilityTracker" name="test_witness_tracker_initialized" time="0.001" /><testcase classname="tests.test_memory.TestWitnessStabilityTracker" name="test_meta_observation_records_to_tracker" time="0.002" /><testcase classname="tests.test_memory.TestWitnessStabilityTracker" name="test_get_witness_status" time="0.002" /><testcase classname="tests.test_memory.TestWitnessStabilityTracker" name="test_get_witness_summary" time="0.001" /><testcase classname="tests.test_mutator.TestForbiddenFileDetection" name="test_env_files_are_forbidden" time="0.002" /><testcase classname="tests.test_mutator.TestForbiddenFileDetection" name="test_secrets_files_are_forbidden" time="0.002" /><testcase classname="tests.test_mutator.TestForbiddenFileDetection" name="test_credentials_are_forbidden" time="0.001" /><testcase classname="tests.test_mutator.TestForbiddenFileDetection" name="test_keys_are_forbidden" time="0.002" /><testcase classname="tests.test_mutator.TestForbiddenFileDetection" name="test_normal_files_are_allowed" time="0.001" /><testcase classname="tests.test_mutator.TestMutationProposal" name="test_creation" time="0.000" /><testcase classname="tests.test_mutator.TestMutationProposal" name="test_to_dict" time="0.000" /><testcase classname="tests.test_mutator.TestMutationProposal" name="test_from_dict" time="0.000" /><testcase classname="tests.test_mutator.TestMutationProposal" name="test_from_dict_with_missing_fields" time="0.000" /><testcase classname="tests.test_mutator.TestProposalValidation" name="test_safe_proposal_passes" time="0.001" /><testcase classname="tests.test_mutator.TestProposalValidation" name="test_forbidden_file_in_affected_files_fails" time="0.001" /><testcase classname="tests.test_mutator.TestProposalValidation" name="test_forbidden_pattern_in_diff_fails" time="0.001" /><testcase classname="tests.test_mutator.TestProposalValidation" name="test_multiple_safe_files_pass" time="0.001" /><testcase classname="tests.test_mutator.TestPromptBuilding" name="test_prompt_includes_component_content" time="0.001" /><testcase classname="tests.test_mutator.TestPromptBuilding" name="test_prompt_includes_parent_fitness" time="0.001" /><testcase classname="tests.test_mutator.TestPromptBuilding" name="test_prompt_includes_recent_failures" time="0.001" /><testcase classname="tests.test_mutator.TestPromptBuilding" name="test_prompt_includes_telos" time="0.001" /><testcase classname="tests.test_mutator.TestPromptBuilding" name="test_prompt_includes_focus" time="0.001" /><testcase classname="tests.test_mutator.TestResponseParsing" name="test_parse_json_response" time="0.001" /><testcase classname="tests.test_mutator.TestResponseParsing" name="test_parse_markdown_wrapped_json" time="0.001" /><testcase classname="tests.test_mutator.TestResponseParsing" name="test_parse_invalid_json_raises_error" time="0.001" /><testcase classname="tests.test_mutator.TestMutationFlow" name="test_propose_mutation_success" time="0.002" /><testcase classname="tests.test_mutator.TestMutationFlow" name="test_propose_mutation_rejects_forbidden_component" time="0.001" /><testcase classname="tests.test_mutator.TestMutationFlow" name="test_propose_mutation_validates_response" time="0.003" /><testcase classname="tests.test_mutator.TestMutationFlow" name="test_propose_mutation_nonexistent_component" time="0.002"><failure message="Failed: DID NOT RAISE &lt;class 'dgm.mutator.MutationError'&gt;">tests/test_mutator.py:508: in test_propose_mutation_nonexistent_component
    with pytest.raises(MutationError) as exc_info:
         ^^^^^^^^^^^^^^^^^^^^^^^^^^^^
E   Failed: DID NOT RAISE &lt;class 'dgm.mutator.MutationError'&gt;</failure></testcase><testcase classname="tests.test_mutator.TestMultiMutation" name="test_propose_multi_mutation" time="0.002" /><testcase classname="tests.test_mutator.TestMultiMutation" name="test_multi_mutation_skips_forbidden" time="0.002" /><testcase classname="tests.test_mutator.TestErrorHandling" name="test_claude_timeout_raises_error" time="0.002"><failure message="Failed: DID NOT RAISE &lt;class 'dgm.mutator.MutationError'&gt;">tests/test_mutator.py:573: in test_claude_timeout_raises_error
    with pytest.raises(MutationError) as exc_info:
         ^^^^^^^^^^^^^^^^^^^^^^^^^^^^
E   Failed: DID NOT RAISE &lt;class 'dgm.mutator.MutationError'&gt;</failure></testcase><testcase classname="tests.test_mutator.TestErrorHandling" name="test_claude_not_found_raises_error" time="0.002"><failure message="Failed: DID NOT RAISE &lt;class 'dgm.mutator.MutationError'&gt;">tests/test_mutator.py:587: in test_claude_not_found_raises_error
    with pytest.raises(MutationError) as exc_info:
         ^^^^^^^^^^^^^^^^^^^^^^^^^^^^
E   Failed: DID NOT RAISE &lt;class 'dgm.mutator.MutationError'&gt;</failure></testcase><testcase classname="tests.test_mutator.TestErrorHandling" name="test_claude_error_raises_mutation_error" time="0.002"><failure message="Failed: DID NOT RAISE &lt;class 'dgm.mutator.MutationError'&gt;">tests/test_mutator.py:605: in test_claude_error_raises_mutation_error
    with pytest.raises(MutationError) as exc_info:
         ^^^^^^^^^^^^^^^^^^^^^^^^^^^^
E   Failed: DID NOT RAISE &lt;class 'dgm.mutator.MutationError'&gt;</failure></testcase><testcase classname="tests.test_mutator.TestConvenienceFunction" name="test_convenience_function" time="0.001" /><testcase classname="tests.test_psmv_rlm.TestPSMVLoader" name="test_load_returns_index" time="0.003" /><testcase classname="tests.test_psmv_rlm.TestPSMVLoader" name="test_file_count" time="0.000" /><testcase classname="tests.test_psmv_rlm.TestPSMVLoader" name="test_crown_jewels_identified" time="0.000" /><testcase classname="tests.test_psmv_rlm.TestPSMVLoader" name="test_directories_collected" time="0.000" /><testcase classname="tests.test_psmv_rlm.TestPSMVLoader" name="test_hidden_files_excluded" time="0.000" /><testcase classname="tests.test_psmv_rlm.TestPSMVLoader" name="test_file_metadata" time="0.000" /><testcase classname="tests.test_psmv_rlm.TestPSMVLoader" name="test_tags_extracted" time="0.000" /><testcase classname="tests.test_psmv_rlm.TestPSMVLoader" name="test_reload_updates_index" time="0.001" /><testcase classname="tests.test_psmv_rlm.TestREPLFunctions" name="test_list_files_all" time="0.002" /><testcase classname="tests.test_psmv_rlm.TestREPLFunctions" name="test_list_files_pattern" time="0.000" /><testcase classname="tests.test_psmv_rlm.TestREPLFunctions" name="test_list_files_extension" time="0.000" /><testcase classname="tests.test_psmv_rlm.TestREPLFunctions" name="test_list_dirs" time="0.000" /><testcase classname="tests.test_psmv_rlm.TestREPLFunctions" name="test_list_crown_jewels" time="0.000" /><testcase classname="tests.test_psmv_rlm.TestREPLFunctions" name="test_get_file_info" time="0.000" /><testcase classname="tests.test_psmv_rlm.TestREPLFunctions" name="test_get_file_info_not_found" time="0.000" /><testcase classname="tests.test_psmv_rlm.TestREPLFunctions" name="test_read_file" time="0.000" /><testcase classname="tests.test_psmv_rlm.TestREPLFunctions" name="test_read_file_by_name" time="0.000" /><testcase classname="tests.test_psmv_rlm.TestREPLFunctions" name="test_read_file_not_found" time="0.000" /><testcase classname="tests.test_psmv_rlm.TestREPLFunctions" name="test_search_content" time="0.000" /><testcase classname="tests.test_psmv_rlm.TestREPLFunctions" name="test_search_content_with_pattern" time="0.000" /><testcase classname="tests.test_psmv_rlm.TestREPLFunctions" name="test_search_regex" time="0.000" /><testcase classname="tests.test_psmv_rlm.TestREPLFunctions" name="test_get_stats" time="0.000" /><testcase classname="tests.test_psmv_rlm.TestREPLFunctions" name="test_files_by_tag" time="0.000" /><testcase classname="tests.test_psmv_rlm.TestREPLFunctions" name="test_recent_files" time="0.001" /><testcase classname="tests.test_psmv_rlm.TestPSMVQueryEngine" name="test_code_extraction_python_block" time="0.001" /><testcase classname="tests.test_psmv_rlm.TestPSMVQueryEngine" name="test_code_extraction_generic_block" time="0.000" /><testcase classname="tests.test_psmv_rlm.TestPSMVQueryEngine" name="test_code_extraction_inline" time="0.000" /><testcase classname="tests.test_psmv_rlm.TestPSMVQueryEngine" name="test_loader_initialization" time="0.000" /><testcase classname="tests.test_psmv_rlm.TestPSMVQueryEngine" name="test_build_env" time="0.001" /><testcase classname="tests.test_psmv_rlm.TestConvenienceFunctions" name="test_quick_search" time="0.002" /><testcase classname="tests.test_psmv_rlm.TestConvenienceFunctions" name="test_get_vault_stats" time="0.001" /><testcase classname="tests.test_psmv_rlm.TestPSMVFile" name="test_repr" time="0.000" /><testcase classname="tests.test_psmv_rlm.TestPSMVFile" name="test_modified_dt" time="0.000" /><testcase classname="tests.test_psmv_rlm" name="test_real_vault_if_exists" time="0.212" /><testcase classname="tests.test_rlm_adapter.TestREPLEnvironment" name="test_basic_execution" time="0.001" /><testcase classname="tests.test_rlm_adapter.TestREPLEnvironment" name="test_context_access" time="0.000" /><testcase classname="tests.test_rlm_adapter.TestREPLEnvironment" name="test_variable_persistence" time="0.000" /><testcase classname="tests.test_rlm_adapter.TestREPLEnvironment" name="test_final_function" time="0.000" /><testcase classname="tests.test_rlm_adapter.TestREPLEnvironment" name="test_final_var_function" time="0.000" /><testcase classname="tests.test_rlm_adapter.TestREPLEnvironment" name="test_final_var_not_found" time="0.000" /><testcase classname="tests.test_rlm_adapter.TestREPLEnvironment" name="test_show_vars" time="0.000" /><testcase classname="tests.test_rlm_adapter.TestREPLEnvironment" name="test_recursive_llm_function" time="0.000" /><testcase classname="tests.test_rlm_adapter.TestREPLEnvironment" name="test_standard_library_access" time="0.000" /><testcase classname="tests.test_rlm_adapter.TestREPLEnvironment" name="test_code_extraction_repl_block" time="0.000" /><testcase classname="tests.test_rlm_adapter.TestREPLEnvironment" name="test_code_extraction_python_block" time="0.000" /><testcase classname="tests.test_rlm_adapter.TestREPLEnvironment" name="test_output_truncation" time="0.000" /><testcase classname="tests.test_rlm_adapter.TestREPLEnvironment" name="test_error_handling" time="0.000" /><testcase classname="tests.test_rlm_adapter.TestREPLEnvironment" name="test_safe_builtins_blocks_dangerous" time="0.000" /><testcase classname="tests.test_rlm_adapter.TestRLMConfig" name="test_default_values" time="0.000" /><testcase classname="tests.test_rlm_adapter.TestRLMConfig" name="test_custom_values" time="0.000" /><testcase classname="tests.test_rlm_adapter.TestRLMConfig" name="test_recursive_model_default" time="0.000" /><testcase classname="tests.test_rlm_adapter.TestRLMAdapterMocked" name="test_simple_completion" time="0.013" /><testcase classname="tests.test_rlm_adapter.TestRLMAdapterMocked" name="test_final_in_text" time="0.012" /><testcase classname="tests.test_rlm_adapter.TestRLMAdapterMocked" name="test_final_var_detection" time="0.012" /><testcase classname="tests.test_rlm_adapter.TestRLMAdapterMocked" name="test_multiple_iterations" time="0.012" /><testcase classname="tests.test_rlm_adapter.TestRLMAdapterMocked" name="test_max_iterations_reached" time="0.012" /><testcase classname="tests.test_rlm_adapter.TestRLMAdapterMocked" name="test_recursive_depth_limit" time="0.011" /><testcase classname="tests.test_rlm_adapter.TestRLMAdapterMocked" name="test_result_contains_stats" time="0.011" /><testcase classname="tests.test_rlm_adapter.TestRLMAdapterMocked" name="test_trace_contains_responses" time="0.012" /><testcase classname="tests.test_rlm_adapter.TestRLMAdapterMocked" name="test_dict_context" time="0.015" /><testcase classname="tests.test_rlm_adapter.TestRLMAdapterMocked" name="test_list_context" time="0.011" /><testcase classname="tests.test_rlm_adapter.TestVaultIntegration" name="test_query_vault_loads_files" time="0.013" /><testcase classname="tests.test_rlm_adapter.TestVaultIntegration" name="test_query_vault_not_found" time="0.011" /><testcase classname="tests.test_rlm_adapter.TestCodebaseIntegration" name="test_query_codebase_loads_files" time="0.013" /><testcase classname="tests.test_rlm_adapter.TestCodebaseIntegration" name="test_query_codebase_excludes_pycache" time="0.012" /><testcase classname="tests.test_rlm_adapter.TestCodebaseIntegration" name="test_query_codebase_not_found" time="0.011" /><testcase classname="tests.test_rlm_adapter.TestProcessDocument" name="test_process_document" time="0.012" /><testcase classname="tests.test_rlm_adapter.TestErrorHandling" name="test_handles_llm_error" time="0.011" /><testcase classname="tests.test_rlm_adapter.TestErrorHandling" name="test_handles_repl_error_gracefully" time="0.012" /><testcase classname="tests.test_rlm_adapter.TestRealLLMIntegration" name="test_real_completion" time="0.000"><skipped type="pytest.skip" message="Requires real LLM connection">/Users/dhyana/DHARMIC_GODEL_CLAW/tests/test_rlm_adapter.py:791: Requires real LLM connection</skipped></testcase><testcase classname="tests.test_rlm_adapter.TestPerformance" name="test_handles_large_context" time="0.012" /><testcase classname="tests.test_rlm_adapter.TestPerformance" name="test_execution_time_tracked" time="0.012" /><testcase classname="tests.test_runtime.TestRuntimeInitialization" name="test_initialization" time="0.363" /><testcase classname="tests.test_runtime.TestRuntimeInitialization" name="test_initialization_with_custom_log_dir" time="0.002" /><testcase classname="tests.test_runtime.TestHeartbeat" name="test_heartbeat_basic" time="0.003" /><testcase classname="tests.test_runtime.TestHeartbeat" name="test_heartbeat_checks_telos" time="0.002" /><testcase classname="tests.test_runtime.TestHeartbeat" name="test_heartbeat_checks_memory" time="0.002" /><testcase classname="tests.test_runtime.TestHeartbeat" name="test_heartbeat_with_callback" time="0.002" /><testcase classname="tests.test_runtime.TestSpecialistSpawning" name="test_spawn_specialist_success" time="0.002" /><testcase classname="tests.test_runtime.TestSpecialistSpawning" name="test_spawn_specialist_no_agno" time="0.002" /><testcase classname="tests.test_runtime.TestSpecialistSpawning" name="test_release_specialist" time="0.002" /><testcase classname="tests.test_runtime.TestSwarmInvocation" name="test_invoke_code_swarm_success" time="0.003" /><testcase classname="tests.test_runtime.TestSwarmInvocation" name="test_invoke_code_swarm_failure" time="0.003" /><testcase classname="tests.test_runtime.TestSwarmInvocation" name="test_invoke_code_swarm_timeout" time="0.002" /><testcase classname="tests.test_runtime.TestRuntimeLifecycle" name="test_start_stop" time="0.004" /><testcase classname="tests.test_runtime.TestRuntimeLifecycle" name="test_multiple_start_calls" time="0.003" /><testcase classname="tests.test_strange_memory.TestStrangeLoopMemory" name="test_memory_init" time="0.001" /><testcase classname="tests.test_strange_memory.TestStrangeLoopMemory" name="test_remember_immediate" time="0.001" /><testcase classname="tests.test_strange_memory.TestStrangeLoopMemory" name="test_remember_session" time="0.001" /><testcase classname="tests.test_strange_memory.TestStrangeLoopMemory" name="test_mark_development" time="0.001" /><testcase classname="tests.test_strange_memory.TestStrangeLoopMemory" name="test_witness_observation" time="0.001" /><testcase classname="tests.test_strange_memory.TestStrangeLoopMemory" name="test_recall_all_layers" time="0.001" /><testcase classname="tests.test_strange_memory.TestStrangeLoopMemory" name="test_recall_development_only" time="0.001" /><testcase classname="tests.test_strange_memory.TestStrangeLoopMemory" name="test_witness_quality_assessment" time="0.001" /><testcase classname="tests.test_strange_memory.TestStrangeLoopMemory" name="test_get_status" time="0.001" /><testcase classname="tests.test_strange_memory.TestStrangeLoopMemory" name="test_context_for_agent" time="0.001" /><testcase classname="tests.test_strange_memory.TestMemoryPersistence" name="test_persist_and_reload" time="0.001" /><testcase classname="tests.test_telos_comprehensive.TestGateResult" name="test_gate_result_values" time="0.000" /><testcase classname="tests.test_telos_comprehensive.TestGateResult" name="test_gate_result_members" time="0.001"><failure message="assert 7 == 4&#10; +  where 7 = len(GateResult)">tests/test_telos_comprehensive.py:45: in test_gate_result_members
    assert len(GateResult) == 4
E   assert 7 == 4
E    +  where 7 = len(GateResult)</failure></testcase><testcase classname="tests.test_telos_comprehensive.TestGateCheck" name="test_gate_check_creation" time="0.000"><failure message="TypeError: GateCheck.__init__() got an unexpected keyword argument 'gate'">tests/test_telos_comprehensive.py:61: in test_gate_check_creation
    check = GateCheck(gate="AHIMSA", result=GateResult.PASS, reason="No harm")
            ^^^^^^^^^^^^^^^^^^^^^^^^^^^^^^^^^^^^^^^^^^^^^^^^^^^^^^^^^^^^^^^^^^
E   TypeError: GateCheck.__init__() got an unexpected keyword argument 'gate'</failure></testcase><testcase classname="tests.test_telos_comprehensive.TestGateCheck" name="test_gate_check_fail_state" time="0.000"><failure message="TypeError: GateCheck.__init__() got an unexpected keyword argument 'gate'">tests/test_telos_comprehensive.py:68: in test_gate_check_fail_state
    check = GateCheck(gate="SATYA", result=GateResult.FAIL, reason="Unverified")
            ^^^^^^^^^^^^^^^^^^^^^^^^^^^^^^^^^^^^^^^^^^^^^^^^^^^^^^^^^^^^^^^^^^^^
E   TypeError: GateCheck.__init__() got an unexpected keyword argument 'gate'</failure></testcase><testcase classname="tests.test_telos_comprehensive.TestGateCheck" name="test_gate_check_uncertain_state" time="0.000"><failure message="TypeError: GateCheck.__init__() got an unexpected keyword argument 'gate'">tests/test_telos_comprehensive.py:73: in test_gate_check_uncertain_state
    check = GateCheck(gate="CONSENT", result=GateResult.UNCERTAIN, reason="Unknown")
            ^^^^^^^^^^^^^^^^^^^^^^^^^^^^^^^^^^^^^^^^^^^^^^^^^^^^^^^^^^^^^^^^^^^^^^^^
E   TypeError: GateCheck.__init__() got an unexpected keyword argument 'gate'</failure></testcase><testcase classname="tests.test_telos_comprehensive.TestGateCheck" name="test_gate_check_needs_human_state" time="0.000"><failure message="TypeError: GateCheck.__init__() got an unexpected keyword argument 'gate'">tests/test_telos_comprehensive.py:78: in test_gate_check_needs_human_state
    check = GateCheck(gate="CONSENT", result=GateResult.NEEDS_HUMAN, reason="Requires approval")
            ^^^^^^^^^^^^^^^^^^^^^^^^^^^^^^^^^^^^^^^^^^^^^^^^^^^^^^^^^^^^^^^^^^^^^^^^^^^^^^^^^^^^
E   TypeError: GateCheck.__init__() got an unexpected keyword argument 'gate'</failure></testcase><testcase classname="tests.test_telos_comprehensive.TestGateCheck" name="test_gate_check_has_metadata" time="0.000"><failure message="TypeError: GateCheck.__init__() got an unexpected keyword argument 'gate'">tests/test_telos_comprehensive.py:83: in test_gate_check_has_metadata
    check = GateCheck(gate="TEST", result=GateResult.PASS, reason="OK", metadata={"key": "value"})
            ^^^^^^^^^^^^^^^^^^^^^^^^^^^^^^^^^^^^^^^^^^^^^^^^^^^^^^^^^^^^^^^^^^^^^^^^^^^^^^^^^^^^^^
E   TypeError: GateCheck.__init__() got an unexpected keyword argument 'gate'</failure></testcase><testcase classname="tests.test_telos_comprehensive.TestGateCheck" name="test_gate_check_has_timestamp" time="0.000"><failure message="TypeError: GateCheck.__init__() got an unexpected keyword argument 'gate'">tests/test_telos_comprehensive.py:88: in test_gate_check_has_timestamp
    check = GateCheck(gate="TEST", result=GateResult.PASS, reason="OK")
            ^^^^^^^^^^^^^^^^^^^^^^^^^^^^^^^^^^^^^^^^^^^^^^^^^^^^^^^^^^^
E   TypeError: GateCheck.__init__() got an unexpected keyword argument 'gate'</failure></testcase><testcase classname="tests.test_telos_comprehensive.TestTelosCheck" name="test_telos_check_creation" time="0.000"><failure message="TypeError: GateCheck.__init__() missing 3 required positional arguments: 'reason', 'tier', and 'category'">tests/test_telos_comprehensive.py:101: in test_telos_check_creation
    gates = [GateCheck("TEST", GateResult.PASS, "OK")]
             ^^^^^^^^^^^^^^^^^^^^^^^^^^^^^^^^^^^^^^^^
E   TypeError: GateCheck.__init__() missing 3 required positional arguments: 'reason', 'tier', and 'category'</failure></testcase><testcase classname="tests.test_telos_comprehensive.TestTelosCheck" name="test_telos_check_failed_state" time="0.000"><failure message="TypeError: GateCheck.__init__() missing 3 required positional arguments: 'reason', 'tier', and 'category'">tests/test_telos_comprehensive.py:110: in test_telos_check_failed_state
    gates = [GateCheck("AHIMSA", GateResult.FAIL, "Harmful")]
             ^^^^^^^^^^^^^^^^^^^^^^^^^^^^^^^^^^^^^^^^^^^^^^^
E   TypeError: GateCheck.__init__() missing 3 required positional arguments: 'reason', 'tier', and 'category'</failure></testcase><testcase classname="tests.test_telos_comprehensive.TestTelosCheck" name="test_telos_check_has_witness_hash" time="0.000"><failure message="TypeError: GateCheck.__init__() missing 3 required positional arguments: 'reason', 'tier', and 'category'">tests/test_telos_comprehensive.py:116: in test_telos_check_has_witness_hash
    gates = [GateCheck("TEST", GateResult.PASS, "OK")]
             ^^^^^^^^^^^^^^^^^^^^^^^^^^^^^^^^^^^^^^^^
E   TypeError: GateCheck.__init__() missing 3 required positional arguments: 'reason', 'tier', and 'category'</failure></testcase><testcase classname="tests.test_telos_comprehensive.TestTelosLayerInit" name="test_default_telos" time="0.000" /><testcase classname="tests.test_telos_comprehensive.TestTelosLayerInit" name="test_custom_telos" time="0.000" /><testcase classname="tests.test_telos_comprehensive.TestTelosLayerInit" name="test_gates_defined" time="0.000" /><testcase classname="tests.test_telos_comprehensive.TestTelosLayerInit" name="test_gate_tiers" time="0.000" /><testcase classname="tests.test_telos_comprehensive.TestTelosLayerInit" name="test_has_witness_log" time="0.000" /><testcase classname="tests.test_telos_comprehensive.TestTelosLayerInit" name="test_has_telos_config" time="0.000" /><testcase classname="tests.test_telos_comprehensive.TestAhimsaGate" name="test_ahimsa_passes_safe_action" time="0.001" /><testcase classname="tests.test_telos_comprehensive.TestAhimsaGate" name="test_ahimsa_fails_delete_all" time="0.001" /><testcase classname="tests.test_telos_comprehensive.TestAhimsaGate" name="test_ahimsa_fails_destroy" time="0.001" /><testcase classname="tests.test_telos_comprehensive.TestAhimsaGate" name="test_ahimsa_fails_rm_rf" time="0.001" /><testcase classname="tests.test_telos_comprehensive.TestAhimsaGate" name="test_ahimsa_case_insensitive" time="0.001" /><testcase classname="tests.test_telos_comprehensive.TestAhimsaGate" name="test_ahimsa_fails_with_causes_harm_context" time="0.001" /><testcase classname="tests.test_telos_comprehensive.TestAhimsaGate" name="test_ahimsa_uncertain_affects_others" time="0.001" /><testcase classname="tests.test_telos_comprehensive.TestSatyaGate" name="test_satya_passes_when_verified" time="0.001" /><testcase classname="tests.test_telos_comprehensive.TestSatyaGate" name="test_satya_fails_when_unverified" time="0.001" /><testcase classname="tests.test_telos_comprehensive.TestSatyaGate" name="test_satya_uncertain_when_no_context" time="0.001" /><testcase classname="tests.test_telos_comprehensive.TestSatyaGate" name="test_satya_fails_deceptive_patterns" time="0.001" /><testcase classname="tests.test_telos_comprehensive.TestSatyaGate" name="test_satya_fails_lie_pattern" time="0.001" /><testcase classname="tests.test_telos_comprehensive.TestSatyaGate" name="test_satya_uncertain_claim_without_source" time="0.001" /><testcase classname="tests.test_telos_comprehensive.TestConsentGate" name="test_consent_passes_when_granted" time="0.001" /><testcase classname="tests.test_telos_comprehensive.TestConsentGate" name="test_consent_fails_when_denied" time="0.001" /><testcase classname="tests.test_telos_comprehensive.TestConsentGate" name="test_consent_needs_human_for_file_modification" time="0.001" /><testcase classname="tests.test_telos_comprehensive.TestConsentGate" name="test_consent_needs_human_for_sensitive_ops" time="0.001" /><testcase classname="tests.test_telos_comprehensive.TestConsentGate" name="test_consent_passes_read_only" time="0.001" /><testcase classname="tests.test_telos_comprehensive.TestConsentGate" name="test_consent_passes_with_modifies_files_and_consent" time="0.001" /><testcase classname="tests.test_telos_comprehensive.TestReversibilityGate" name="test_reversibility_passes_read_action" time="0.001" /><testcase classname="tests.test_telos_comprehensive.TestReversibilityGate" name="test_reversibility_fails_permanent" time="0.001"><failure message="assert &lt;GateResult.WARN: 'warn'&gt; == &lt;GateResult.FAIL: 'fail'&gt;&#10; +  where &lt;GateResult.WARN: 'warn'&gt; = GateCheck(gate_id=13, gate_name='REVERSIBILITY', result=&lt;GateResult.WARN: 'warn'&gt;, reason=&quot;Irreversible pattern: 'permanent'&quot;, tier=&lt;GateTier.ADVISORY: 'advisory'&gt;, category=&lt;GateCategory.DHARMIC: 'dharmic'&gt;, metadata={'pattern': 'permanent', 'reversible': False}, timestamp='2026-02-05T04:54:23.816687+00:00', duration_seconds=0.0).result&#10; +  and   &lt;GateResult.FAIL: 'fail'&gt; = GateResult.FAIL">tests/test_telos_comprehensive.py:294: in test_reversibility_fails_permanent
    assert result.result == GateResult.FAIL
E   assert &lt;GateResult.WARN: 'warn'&gt; == &lt;GateResult.FAIL: 'fail'&gt;
E    +  where &lt;GateResult.WARN: 'warn'&gt; = GateCheck(gate_id=13, gate_name='REVERSIBILITY', result=&lt;GateResult.WARN: 'warn'&gt;, reason="Irreversible pattern: 'permanent'", tier=&lt;GateTier.ADVISORY: 'advisory'&gt;, category=&lt;GateCategory.DHARMIC: 'dharmic'&gt;, metadata={'pattern': 'permanent', 'reversible': False}, timestamp='2026-02-05T04:54:23.816687+00:00', duration_seconds=0.0).result
E    +  and   &lt;GateResult.FAIL: 'fail'&gt; = GateResult.FAIL</failure></testcase><testcase classname="tests.test_telos_comprehensive.TestReversibilityGate" name="test_reversibility_fails_irreversible" time="0.001"><failure message="assert &lt;GateResult.WARN: 'warn'&gt; == &lt;GateResult.FAIL: 'fail'&gt;&#10; +  where &lt;GateResult.WARN: 'warn'&gt; = GateCheck(gate_id=13, gate_name='REVERSIBILITY', result=&lt;GateResult.WARN: 'warn'&gt;, reason=&quot;Irreversible pattern: 'irreversible'&quot;, tier=&lt;GateTier.ADVISORY: 'advisory'&gt;, category=&lt;GateCategory.DHARMIC: 'dharmic'&gt;, metadata={'pattern': 'irreversible', 'reversible': False}, timestamp='2026-02-05T04:54:23.825171+00:00', duration_seconds=0.0).result&#10; +  and   &lt;GateResult.FAIL: 'fail'&gt; = GateResult.FAIL">tests/test_telos_comprehensive.py:300: in test_reversibility_fails_irreversible
    assert result.result == GateResult.FAIL
E   assert &lt;GateResult.WARN: 'warn'&gt; == &lt;GateResult.FAIL: 'fail'&gt;
E    +  where &lt;GateResult.WARN: 'warn'&gt; = GateCheck(gate_id=13, gate_name='REVERSIBILITY', result=&lt;GateResult.WARN: 'warn'&gt;, reason="Irreversible pattern: 'irreversible'", tier=&lt;GateTier.ADVISORY: 'advisory'&gt;, category=&lt;GateCategory.DHARMIC: 'dharmic'&gt;, metadata={'pattern': 'irreversible', 'reversible': False}, timestamp='2026-02-05T04:54:23.825171+00:00', duration_seconds=0.0).result
E    +  and   &lt;GateResult.FAIL: 'fail'&gt; = GateResult.FAIL</failure></testcase><testcase classname="tests.test_telos_comprehensive.TestReversibilityGate" name="test_reversibility_uncertain_for_mutation" time="0.001" /><testcase classname="tests.test_telos_comprehensive.TestReversibilityGate" name="test_reversibility_passes_with_rollback" time="0.001" /><testcase classname="tests.test_telos_comprehensive.TestReversibilityGate" name="test_reversibility_passes_with_backup_context" time="0.001" /><testcase classname="tests.test_telos_comprehensive.TestReversibilityGate" name="test_reversibility_fails_when_cannot_undo" time="0.001"><failure message="AssertionError: assert &lt;GateResult.WARN: 'warn'&gt; == &lt;GateResult.FAIL: 'fail'&gt;&#10; +  where &lt;GateResult.WARN: 'warn'&gt; = GateCheck(gate_id=13, gate_name='REVERSIBILITY', result=&lt;GateResult.WARN: 'warn'&gt;, reason='Action marked as permanent/irreversible', tier=&lt;GateTier.ADVISORY: 'advisory'&gt;, category=&lt;GateCategory.DHARMIC: 'dharmic'&gt;, metadata={}, timestamp='2026-02-05T04:54:23.835778+00:00', duration_seconds=0.0).result&#10; +  and   &lt;GateResult.FAIL: 'fail'&gt; = GateResult.FAIL">tests/test_telos_comprehensive.py:321: in test_reversibility_fails_when_cannot_undo
    assert result.result == GateResult.FAIL
E   AssertionError: assert &lt;GateResult.WARN: 'warn'&gt; == &lt;GateResult.FAIL: 'fail'&gt;
E    +  where &lt;GateResult.WARN: 'warn'&gt; = GateCheck(gate_id=13, gate_name='REVERSIBILITY', result=&lt;GateResult.WARN: 'warn'&gt;, reason='Action marked as permanent/irreversible', tier=&lt;GateTier.ADVISORY: 'advisory'&gt;, category=&lt;GateCategory.DHARMIC: 'dharmic'&gt;, metadata={}, timestamp='2026-02-05T04:54:23.835778+00:00', duration_seconds=0.0).result
E    +  and   &lt;GateResult.FAIL: 'fail'&gt; = GateResult.FAIL</failure></testcase><testcase classname="tests.test_telos_comprehensive.TestVyavasthitGate" name="test_vyavasthit_default_pass" time="0.001" /><testcase classname="tests.test_telos_comprehensive.TestVyavasthitGate" name="test_vyavasthit_fails_force_pattern" time="0.001"><failure message="assert &lt;GateResult.WARN: 'warn'&gt; == &lt;GateResult.FAIL: 'fail'&gt;&#10; +  where &lt;GateResult.WARN: 'warn'&gt; = GateCheck(gate_id=12, gate_name='VYAVASTHIT', result=&lt;GateResult.WARN: 'warn'&gt;, reason=&quot;Forcing pattern detected: 'force'&quot;, tier=&lt;GateTier.ADVISORY: 'advisory'&gt;, category=&lt;GateCategory.DHARMIC: 'dharmic'&gt;, metadata={'pattern': 'force', 'violation': 'forced_outcome'}, timestamp='2026-02-05T04:54:23.845786+00:00', duration_seconds=0.0).result&#10; +  and   &lt;GateResult.FAIL: 'fail'&gt; = GateResult.FAIL">tests/test_telos_comprehensive.py:335: in test_vyavasthit_fails_force_pattern
    assert result.result == GateResult.FAIL
E   assert &lt;GateResult.WARN: 'warn'&gt; == &lt;GateResult.FAIL: 'fail'&gt;
E    +  where &lt;GateResult.WARN: 'warn'&gt; = GateCheck(gate_id=12, gate_name='VYAVASTHIT', result=&lt;GateResult.WARN: 'warn'&gt;, reason="Forcing pattern detected: 'force'", tier=&lt;GateTier.ADVISORY: 'advisory'&gt;, category=&lt;GateCategory.DHARMIC: 'dharmic'&gt;, metadata={'pattern': 'force', 'violation': 'forced_outcome'}, timestamp='2026-02-05T04:54:23.845786+00:00', duration_seconds=0.0).result
E    +  and   &lt;GateResult.FAIL: 'fail'&gt; = GateResult.FAIL</failure></testcase><testcase classname="tests.test_telos_comprehensive.TestVyavasthitGate" name="test_vyavasthit_fails_override_pattern" time="0.001"><failure message="assert &lt;GateResult.WARN: 'warn'&gt; == &lt;GateResult.FAIL: 'fail'&gt;&#10; +  where &lt;GateResult.WARN: 'warn'&gt; = GateCheck(gate_id=12, gate_name='VYAVASTHIT', result=&lt;GateResult.WARN: 'warn'&gt;, reason=&quot;Forcing pattern detected: 'override'&quot;, tier=&lt;GateTier.ADVISORY: 'advisory'&gt;, category=&lt;GateCategory.DHARMIC: 'dharmic'&gt;, metadata={'pattern': 'override', 'violation': 'forced_outcome'}, timestamp='2026-02-05T04:54:23.854147+00:00', duration_seconds=0.0).result&#10; +  and   &lt;GateResult.FAIL: 'fail'&gt; = GateResult.FAIL">tests/test_telos_comprehensive.py:340: in test_vyavasthit_fails_override_pattern
    assert result.result == GateResult.FAIL
E   assert &lt;GateResult.WARN: 'warn'&gt; == &lt;GateResult.FAIL: 'fail'&gt;
E    +  where &lt;GateResult.WARN: 'warn'&gt; = GateCheck(gate_id=12, gate_name='VYAVASTHIT', result=&lt;GateResult.WARN: 'warn'&gt;, reason="Forcing pattern detected: 'override'", tier=&lt;GateTier.ADVISORY: 'advisory'&gt;, category=&lt;GateCategory.DHARMIC: 'dharmic'&gt;, metadata={'pattern': 'override', 'violation': 'forced_outcome'}, timestamp='2026-02-05T04:54:23.854147+00:00', duration_seconds=0.0).result
E    +  and   &lt;GateResult.FAIL: 'fail'&gt; = GateResult.FAIL</failure></testcase><testcase classname="tests.test_telos_comprehensive.TestVyavasthitGate" name="test_vyavasthit_passes_allow_pattern" time="0.001" /><testcase classname="tests.test_telos_comprehensive.TestSvabhaaваGate" name="test_svabhaava_passes_aligned_action" time="0.001" /><testcase classname="tests.test_telos_comprehensive.TestSvabhaaваGate" name="test_svabhaava_fails_misaligned_action" time="0.001"><failure message="assert &lt;GateResult.WARN: 'warn'&gt; == &lt;GateResult.FAIL: 'fail'&gt;&#10; +  where &lt;GateResult.WARN: 'warn'&gt; = GateCheck(gate_id=14, gate_name='SVABHAAVA', result=&lt;GateResult.WARN: 'warn'&gt;, reason=&quot;Action misaligned with telos 'moksha': 'deceive'&quot;, tier=&lt;GateTier.ADVISORY: 'advisory'&gt;, category=&lt;GateCategory.DHARMIC: 'dharmic'&gt;, metadata={'telos': 'moksha', 'pattern': 'deceive'}, timestamp='2026-02-05T04:54:23.863948+00:00', duration_seconds=0.0).result&#10; +  and   &lt;GateResult.FAIL: 'fail'&gt; = GateResult.FAIL">tests/test_telos_comprehensive.py:359: in test_svabhaava_fails_misaligned_action
    assert result.result == GateResult.FAIL
E   assert &lt;GateResult.WARN: 'warn'&gt; == &lt;GateResult.FAIL: 'fail'&gt;
E    +  where &lt;GateResult.WARN: 'warn'&gt; = GateCheck(gate_id=14, gate_name='SVABHAAVA', result=&lt;GateResult.WARN: 'warn'&gt;, reason="Action misaligned with telos 'moksha': 'deceive'", tier=&lt;GateTier.ADVISORY: 'advisory'&gt;, category=&lt;GateCategory.DHARMIC: 'dharmic'&gt;, metadata={'telos': 'moksha', 'pattern': 'deceive'}, timestamp='2026-02-05T04:54:23.863948+00:00', duration_seconds=0.0).result
E    +  and   &lt;GateResult.FAIL: 'fail'&gt; = GateResult.FAIL</failure></testcase><testcase classname="tests.test_telos_comprehensive.TestSvabhaaваGate" name="test_svabhaava_fails_manipulate_pattern" time="0.001"><failure message="assert &lt;GateResult.WARN: 'warn'&gt; == &lt;GateResult.FAIL: 'fail'&gt;&#10; +  where &lt;GateResult.WARN: 'warn'&gt; = GateCheck(gate_id=14, gate_name='SVABHAAVA', result=&lt;GateResult.WARN: 'warn'&gt;, reason=&quot;Action misaligned with telos 'moksha': 'manipulate'&quot;, tier=&lt;GateTier.ADVISORY: 'advisory'&gt;, category=&lt;GateCategory.DHARMIC: 'dharmic'&gt;, metadata={'telos': 'moksha', 'pattern': 'manipulate'}, timestamp='2026-02-05T04:54:23.872102+00:00', duration_seconds=0.0).result&#10; +  and   &lt;GateResult.FAIL: 'fail'&gt; = GateResult.FAIL">tests/test_telos_comprehensive.py:364: in test_svabhaava_fails_manipulate_pattern
    assert result.result == GateResult.FAIL
E   assert &lt;GateResult.WARN: 'warn'&gt; == &lt;GateResult.FAIL: 'fail'&gt;
E    +  where &lt;GateResult.WARN: 'warn'&gt; = GateCheck(gate_id=14, gate_name='SVABHAAVA', result=&lt;GateResult.WARN: 'warn'&gt;, reason="Action misaligned with telos 'moksha': 'manipulate'", tier=&lt;GateTier.ADVISORY: 'advisory'&gt;, category=&lt;GateCategory.DHARMIC: 'dharmic'&gt;, metadata={'telos': 'moksha', 'pattern': 'manipulate'}, timestamp='2026-02-05T04:54:23.872102+00:00', duration_seconds=0.0).result
E    +  and   &lt;GateResult.FAIL: 'fail'&gt; = GateResult.FAIL</failure></testcase><testcase classname="tests.test_telos_comprehensive.TestSvabhaaваGate" name="test_svabhaava_uncertain_when_unknown" time="0.001" /><testcase classname="tests.test_telos_comprehensive.TestSvabhaaваGate" name="test_svabhaava_passes_with_context_aligned" time="0.001" /><testcase classname="tests.test_telos_comprehensive.TestSvabhaaваGate" name="test_svabhaava_fails_with_context_misaligned" time="0.001"><failure message="AssertionError: assert &lt;GateResult.WARN: 'warn'&gt; == &lt;GateResult.FAIL: 'fail'&gt;&#10; +  where &lt;GateResult.WARN: 'warn'&gt; = GateCheck(gate_id=14, gate_name='SVABHAAVA', result=&lt;GateResult.WARN: 'warn'&gt;, reason='Telos misalignment indicated by context', tier=&lt;GateTier.ADVISORY: 'advisory'&gt;, category=&lt;GateCategory.DHARMIC: 'dharmic'&gt;, metadata={}, timestamp='2026-02-05T04:54:23.882209+00:00', duration_seconds=0.0).result&#10; +  and   &lt;GateResult.FAIL: 'fail'&gt; = GateResult.FAIL">tests/test_telos_comprehensive.py:379: in test_svabhaava_fails_with_context_misaligned
    assert result.result == GateResult.FAIL
E   AssertionError: assert &lt;GateResult.WARN: 'warn'&gt; == &lt;GateResult.FAIL: 'fail'&gt;
E    +  where &lt;GateResult.WARN: 'warn'&gt; = GateCheck(gate_id=14, gate_name='SVABHAAVA', result=&lt;GateResult.WARN: 'warn'&gt;, reason='Telos misalignment indicated by context', tier=&lt;GateTier.ADVISORY: 'advisory'&gt;, category=&lt;GateCategory.DHARMIC: 'dharmic'&gt;, metadata={}, timestamp='2026-02-05T04:54:23.882209+00:00', duration_seconds=0.0).result
E    +  and   &lt;GateResult.FAIL: 'fail'&gt; = GateResult.FAIL</failure></testcase><testcase classname="tests.test_telos_comprehensive.TestWitnessGate" name="test_witness_always_passes" time="0.001" /><testcase classname="tests.test_telos_comprehensive.TestWitnessGate" name="test_witness_has_strange_loop_metadata" time="0.001" /><testcase classname="tests.test_telos_comprehensive.TestWitnessGate" name="test_witness_increments_recursion_level" time="0.001" /><testcase classname="tests.test_telos_comprehensive.TestWitnessGate" name="test_witness_adds_to_log" time="0.001" /><testcase classname="tests.test_telos_comprehensive.TestCheckAction" name="test_safe_action_passes" time="0.001" /><testcase classname="tests.test_telos_comprehensive.TestCheckAction" name="test_ahimsa_violation_rejects" time="0.001" /><testcase classname="tests.test_telos_comprehensive.TestCheckAction" name="test_satya_violation_affects_pass" time="0.001" /><testcase classname="tests.test_telos_comprehensive.TestCheckAction" name="test_consent_denied_rejects" time="0.001" /><testcase classname="tests.test_telos_comprehensive.TestCheckAction" name="test_needs_human_blocks" time="0.001" /><testcase classname="tests.test_telos_comprehensive.TestCheckAction" name="test_all_gates_evaluated" time="0.001"><failure message="assert 8 == 7&#10; +  where 8 = len([GateCheck(gate_id=9, gate_name='AHIMSA', result=&lt;GateResult.PASS: 'pass'&gt;, reason='No harm detected', tier=&lt;GateTier.ABSOLUTE: 'absolute'&gt;, category=&lt;GateCategory.DHARMIC: 'dharmic'&gt;, metadata={}, timestamp='2026-02-05T04:54:23.898687+00:00', duration_seconds=0.0), GateCheck(gate_id=10, gate_name='SATYA', result=&lt;GateResult.UNCERTAIN: 'uncertain'&gt;, reason='Truth status unknown - verify if possible', tier=&lt;GateTier.STRONG: 'strong'&gt;, category=&lt;GateCategory.DHARMIC: 'dharmic'&gt;, metadata={}, timestamp='2026-02-05T04:54:23.898693+00:00', duration_seconds=0.0), GateCheck(gate_id=11, gate_name='CONSENT', result=&lt;GateResult.UNCERTAIN: 'uncertain'&gt;, reason='Consent status unclear - consider requesting', tier=&lt;GateTier.STRONG: 'strong'&gt;, category=&lt;GateCategory.DHARMIC: 'dharmic'&gt;, metadata={}, timestamp='2026-02-05T04:54:23.898708+00:00', duration_seconds=0.0), GateCheck(gate_id=12, gate_name='VYAVASTHIT', result=&lt;GateResult.PASS: 'pass'&gt;, reason='No forcing detected - natural order respected', tier=&lt;GateTier.ADVISORY: 'advisory'&gt;, category=&lt;GateCategory.DHARMIC: 'dharmic'&gt;, metadata={}, timestamp='2026-02-05T04:54:23.898713+00:00', duration_seconds=0.0), GateCheck(gate_id=13, gate_name='REVERSIBILITY', result=&lt;GateResult.PASS: 'pass'&gt;, reason='Non-mutating operation - inherently reversible', tier=&lt;GateTier.ADVISORY: 'advisory'&gt;, category=&lt;GateCategory.DHARMIC: 'dharmic'&gt;, metadata={}, timestamp='2026-02-05T04:54:23.898720+00:00', duration_seconds=0.0), GateCheck(gate_id=14, gate_name='SVABHAAVA', result=&lt;GateResult.UNCERTAIN: 'uncertain'&gt;, reason=&quot;Telos alignment with 'moksha' unclear - verify intent&quot;, tier=&lt;GateTier.ADVISORY: 'advisory'&gt;, category=&lt;GateCategory.DHARMIC: 'dharmic'&gt;, metadata={}, timestamp='2026-02-05T04:54:23.898727+00:00', duration_seconds=0.0), ...])&#10; +    where [GateCheck(gate_id=9, gate_name='AHIMSA', result=&lt;GateResult.PASS: 'pass'&gt;, reason='No harm detected', tier=&lt;GateTier.ABSOLUTE: 'absolute'&gt;, category=&lt;GateCategory.DHARMIC: 'dharmic'&gt;, metadata={}, timestamp='2026-02-05T04:54:23.898687+00:00', duration_seconds=0.0), GateCheck(gate_id=10, gate_name='SATYA', result=&lt;GateResult.UNCERTAIN: 'uncertain'&gt;, reason='Truth status unknown - verify if possible', tier=&lt;GateTier.STRONG: 'strong'&gt;, category=&lt;GateCategory.DHARMIC: 'dharmic'&gt;, metadata={}, timestamp='2026-02-05T04:54:23.898693+00:00', duration_seconds=0.0), GateCheck(gate_id=11, gate_name='CONSENT', result=&lt;GateResult.UNCERTAIN: 'uncertain'&gt;, reason='Consent status unclear - consider requesting', tier=&lt;GateTier.STRONG: 'strong'&gt;, category=&lt;GateCategory.DHARMIC: 'dharmic'&gt;, metadata={}, timestamp='2026-02-05T04:54:23.898708+00:00', duration_seconds=0.0), GateCheck(gate_id=12, gate_name='VYAVASTHIT', result=&lt;GateResult.PASS: 'pass'&gt;, reason='No forcing detected - natural order respected', tier=&lt;GateTier.ADVISORY: 'advisory'&gt;, category=&lt;GateCategory.DHARMIC: 'dharmic'&gt;, metadata={}, timestamp='2026-02-05T04:54:23.898713+00:00', duration_seconds=0.0), GateCheck(gate_id=13, gate_name='REVERSIBILITY', result=&lt;GateResult.PASS: 'pass'&gt;, reason='Non-mutating operation - inherently reversible', tier=&lt;GateTier.ADVISORY: 'advisory'&gt;, category=&lt;GateCategory.DHARMIC: 'dharmic'&gt;, metadata={}, timestamp='2026-02-05T04:54:23.898720+00:00', duration_seconds=0.0), GateCheck(gate_id=14, gate_name='SVABHAAVA', result=&lt;GateResult.UNCERTAIN: 'uncertain'&gt;, reason=&quot;Telos alignment with 'moksha' unclear - verify intent&quot;, tier=&lt;GateTier.ADVISORY: 'advisory'&gt;, category=&lt;GateCategory.DHARMIC: 'dharmic'&gt;, metadata={}, timestamp='2026-02-05T04:54:23.898727+00:00', duration_seconds=0.0), ...] = TelosCheck(passed=True, gates=[GateCheck(gate_id=9, gate_name='AHIMSA', result=&lt;GateResult.PASS: 'pass'&gt;, reason='No harm detected', tier=&lt;GateTier.ABSOLUTE: 'absolute'&gt;, category=&lt;GateCategory.DHARMIC: 'dharmic'&gt;, metadata={}, timestamp='2026-02-05T04:54:23.898687+00:00', duration_seconds=0.0), GateCheck(gate_id=10, gate_name='SATYA', result=&lt;GateResult.UNCERTAIN: 'uncertain'&gt;, reason='Truth status unknown - verify if possible', tier=&lt;GateTier.STRONG: 'strong'&gt;, category=&lt;GateCategory.DHARMIC: 'dharmic'&gt;, metadata={}, timestamp='2026-02-05T04:54:23.898693+00:00', duration_seconds=0.0), GateCheck(gate_id=11, gate_name='CONSENT', result=&lt;GateResult.UNCERTAIN: 'uncertain'&gt;, reason='Consent status unclear - consider requesting', tier=&lt;GateTier.STRONG: 'strong'&gt;, category=&lt;GateCategory.DHARMIC: 'dharmic'&gt;, metadata={}, timestamp='2026-02-05T04:54:23.898708+00:00', duration_seconds=0.0), GateCheck(gate_id=12,
[...]
    assert vyavasthit.result == GateResult.FAIL, f"'{cmd}' should fail VYAVASTHIT"
E   AssertionError: 'force compliance' should fail VYAVASTHIT
E   assert &lt;GateResult.WARN: 'warn'&gt; == &lt;GateResult.FAIL: 'fail'&gt;
E    +  where &lt;GateResult.WARN: 'warn'&gt; = GateCheck(gate_id=12, gate_name='VYAVASTHIT', result=&lt;GateResult.WARN: 'warn'&gt;, reason="Forcing pattern detected: 'force'", tier=&lt;GateTier.ADVISORY: 'advisory'&gt;, category=&lt;GateCategory.DHARMIC: 'dharmic'&gt;, metadata={'pattern': 'force', 'violation': 'forced_outcome'}, timestamp='2026-02-05T04:54:24.119171+00:00', duration_seconds=0.0).result
E    +  and   &lt;GateResult.FAIL: 'fail'&gt; = GateResult.FAIL</failure></testcase><testcase classname="tests.test_telos_layer.TestTelosLayer" name="test_telos_layer_init" time="0.000" /><testcase classname="tests.test_telos_layer.TestTelosLayer" name="test_telos_custom_init" time="0.000" /><testcase classname="tests.test_telos_layer.TestTelosLayer" name="test_telos_gates_defined" time="0.000" /><testcase classname="tests.test_telos_layer.TestTelosLayer" name="test_telos_gate_tiers" time="0.000" /><testcase classname="tests.test_telos_layer.TestGateChecks" name="test_ahimsa_passes_safe_action" time="0.001" /><testcase classname="tests.test_telos_layer.TestGateChecks" name="test_ahimsa_fails_harmful_action" time="0.001" /><testcase classname="tests.test_telos_layer.TestGateChecks" name="test_satya_passes_verified" time="0.001" /><testcase classname="tests.test_telos_layer.TestGateChecks" name="test_satya_fails_unverified" time="0.001" /><testcase classname="tests.test_telos_layer.TestGateChecks" name="test_consent_needs_human_for_writes" time="0.001" /><testcase classname="tests.test_telos_layer.TestGateChecks" name="test_consent_passes_with_approval" time="0.001" /><testcase classname="tests.test_telos_layer.TestGateChecks" name="test_reversibility_passes_read_only" time="0.001" /><testcase classname="tests.test_telos_layer.TestGateChecks" name="test_reversibility_with_rollback" time="0.001" /><testcase classname="tests.test_telos_layer.TestTelosCheck" name="test_check_action_returns_telos_check" time="0.001" /><testcase classname="tests.test_telos_layer.TestTelosCheck" name="test_safe_action_passes" time="0.001" /><testcase classname="tests.test_telos_layer.TestTelosCheck" name="test_harmful_action_blocked" time="0.001" /><testcase classname="tests.test_telos_layer.TestTelosCheck" name="test_needs_human_blocks_action" time="0.001" /><testcase classname="tests.test_telos_layer.TestWitness" name="test_witness_always_passes" time="0.001" /><testcase classname="tests.test_telos_layer.TestWitness" name="test_witness_log_accumulates" time="0.001" /><testcase classname="tests.test_telos_layer.TestWitness" name="test_witness_hash_generated" time="0.001" /><testcase classname="tests.test_telos_layer.TestWitness" name="test_get_witness_log" time="0.001" /><testcase classname="tests.test_telos_layer.TestWitness" name="test_clear_witness_log" time="0.001" /><testcase classname="tests.test_telos_layer.TestGetOrientation" name="test_get_orientation_returns_dict" time="0.000" /><testcase classname="tests.test_telos_layer.TestGetOrientation" name="test_orientation_includes_all_gates" time="0.000" /><testcase classname="tests.test_telos_layer.TestSvabhaava" name="test_svabhaava_passes_aligned_action" time="0.001" /><testcase classname="tests.test_telos_layer.TestSvabhaava" name="test_svabhaava_fails_misaligned_action" time="0.001"><failure message="assert &lt;GateResult.WARN: 'warn'&gt; == &lt;GateResult.FAIL: 'fail'&gt;&#10; +  where &lt;GateResult.WARN: 'warn'&gt; = GateCheck(gate_id=14, gate_name='SVABHAAVA', result=&lt;GateResult.WARN: 'warn'&gt;, reason=&quot;Action misaligned with telos 'moksha': 'deceive'&quot;, tier=&lt;GateTier.ADVISORY: 'advisory'&gt;, category=&lt;GateCategory.DHARMIC: 'dharmic'&gt;, metadata={'telos': 'moksha', 'pattern': 'deceive'}, timestamp='2026-02-05T04:54:24.146568+00:00', duration_seconds=0.0).result&#10; +  and   &lt;GateResult.FAIL: 'fail'&gt; = GateResult.FAIL">tests/test_telos_layer.py:234: in test_svabhaava_fails_misaligned_action
    assert svabhaava.result == GateResult.FAIL
E   assert &lt;GateResult.WARN: 'warn'&gt; == &lt;GateResult.FAIL: 'fail'&gt;
E    +  where &lt;GateResult.WARN: 'warn'&gt; = GateCheck(gate_id=14, gate_name='SVABHAAVA', result=&lt;GateResult.WARN: 'warn'&gt;, reason="Action misaligned with telos 'moksha': 'deceive'", tier=&lt;GateTier.ADVISORY: 'advisory'&gt;, category=&lt;GateCategory.DHARMIC: 'dharmic'&gt;, metadata={'telos': 'moksha', 'pattern': 'deceive'}, timestamp='2026-02-05T04:54:24.146568+00:00', duration_seconds=0.0).result
E    +  and   &lt;GateResult.FAIL: 'fail'&gt; = GateResult.FAIL</failure></testcase><testcase classname="tests.test_telos_layer.TestConvenienceFunctions" name="test_quick_check" time="0.034"><failure message="assert False is True&#10; +  where False = TelosCheck(passed=False, gates=[GateCheck(gate_id=1, gate_name='LINT_FORMAT', result=&lt;GateResult.FAIL: 'fail'&gt;, reason='Found 521 linting issues', tier=&lt;GateTier.REQUIRED: 'required'&gt;, category=&lt;GateCategory.TECHNICAL: 'technical'&gt;, metadata={'issue_count': 521}, timestamp='2026-02-05T04:54:24.183429+00:00', duration_seconds=0.032225), GateCheck(gate_id=2, gate_name='TYPE_CHECK', result=&lt;GateResult.SKIP: 'skip'&gt;, reason='Type check deferred - run pyright/mypy separately', tier=&lt;GateTier.REQUIRED: 'required'&gt;, category=&lt;GateCategory.TECHNICAL: 'technical'&gt;, metadata={'note': 'Integrate with CI for full type checking'}, timestamp='2026-02-05T04:54:24.183553+00:00', duration_seconds=0.0), GateCheck(gate_id=3, gate_name='SECURITY_SCAN', result=&lt;GateResult.PASS: 'pass'&gt;, reason='No obvious security issues detected', tier=&lt;GateTier.REQUIRED: 'required'&gt;, category=&lt;GateCategory.TECHNICAL: 'technical'&gt;, metadata={}, timestamp='2026-02-05T04:54:24.183573+00:00', duration_seconds=0.0), GateCheck(gate_id=4, gate_name='DEPENDENCY_SAFETY', result=&lt;GateResult.SKIP: 'skip'&gt;, reason='Dependency scan deferred - run pip-audit separately', tier=&lt;GateTier.REQUIRED: 'required'&gt;, category=&lt;GateCategor...26-02-05T04:54:24.183673+00:00', duration_seconds=0.0), GateCheck(gate_id=14, gate_name='SVABHAAVA', result=&lt;GateResult.UNCERTAIN: 'uncertain'&gt;, reason=&quot;Telos alignment with 'moksha' unclear - verify intent&quot;, tier=&lt;GateTier.ADVISORY: 'advisory'&gt;, category=&lt;GateCategory.DHARMIC: 'dharmic'&gt;, metadata={}, timestamp='2026-02-05T04:54:24.183683+00:00', duration_seconds=0.0), GateCheck(gate_id=15, gate_name='WITNESS', result=&lt;GateResult.PASS: 'pass'&gt;, reason='Witness observed this check (strange loop active)', tier=&lt;GateTier.ADVISORY: 'advisory'&gt;, category=&lt;GateCategory.DHARMIC: 'dharmic'&gt;, metadata={'strange_loop': True, 'recursion_level': 1, 'witness_id': '21105ea3cd983ac8'}, timestamp='2026-02-05T04:54:24.184002+00:00', duration_seconds=0.0), GateCheck(gate_id=16, gate_name='BHED_GNAN', result=&lt;GateResult.UNCERTAIN: 'uncertain'&gt;, reason='No witness/doer markers detected - stance unclear', tier=&lt;GateTier.ADVISORY: 'advisory'&gt;, category=&lt;GateCategory.DHARMIC: 'dharmic'&gt;, metadata={'clarity_ratio': 0.5}, timestamp='2026-02-05T04:54:24.184015+00:00', duration_seconds=0.0)], alignment_score=0.75, recommendation='REJECT: LINT_FORMAT failed', witness_hash='bbe93f6970a3b1e375e78c8dfaf7ad17').passed">tests/test_telos_layer.py:245: in test_quick_check
    assert result.passed is True
E   assert False is True
E    +  where False = TelosCheck(passed=False, gates=[GateCheck(gate_id=1, gate_name='LINT_FORMAT', result=&lt;GateResult.FAIL: 'fail'&gt;, reason='Found 521 linting issues', tier=&lt;GateTier.REQUIRED: 'required'&gt;, category=&lt;GateCategory.TECHNICAL: 'technical'&gt;, metadata={'issue_count': 521}, timestamp='2026-02-05T04:54:24.183429+00:00', duration_seconds=0.032225), GateCheck(gate_id=2, gate_name='TYPE_CHECK', result=&lt;GateResult.SKIP: 'skip'&gt;, reason='Type check deferred - run pyright/mypy separately', tier=&lt;GateTier.REQUIRED: 'required'&gt;, category=&lt;GateCategory.TECHNICAL: 'technical'&gt;, metadata={'note': 'Integrate with CI for full type checking'}, timestamp='2026-02-05T04:54:24.183553+00:00', duration_seconds=0.0), GateCheck(gate_id=3, gate_name='SECURITY_SCAN', result=&lt;GateResult.PASS: 'pass'&gt;, reason='No obvious security issues detected', tier=&lt;GateTier.REQUIRED: 'required'&gt;, category=&lt;GateCategory.TECHNICAL: 'technical'&gt;, metadata={}, timestamp='2026-02-05T04:54:24.183573+00:00', duration_seconds=0.0), GateCheck(gate_id=4, gate_name='DEPENDENCY_SAFETY', result=&lt;GateResult.SKIP: 'skip'&gt;, reason='Dependency scan deferred - run pip-audit separately', tier=&lt;GateTier.REQUIRED: 'required'&gt;, category=&lt;GateCategor...26-02-05T04:54:24.183673+00:00', duration_seconds=0.0), GateCheck(gate_id=14, gate_name='SVABHAAVA', result=&lt;GateResult.UNCERTAIN: 'uncertain'&gt;, reason="Telos alignment with 'moksha' unclear - verify intent", tier=&lt;GateTier.ADVISORY: 'advisory'&gt;, category=&lt;GateCategory.DHARMIC: 'dharmic'&gt;, metadata={}, timestamp='2026-02-05T04:54:24.183683+00:00', duration_seconds=0.0), GateCheck(gate_id=15, gate_name='WITNESS', result=&lt;GateResult.PASS: 'pass'&gt;, reason='Witness observed this check (strange loop active)', tier=&lt;GateTier.ADVISORY: 'advisory'&gt;, category=&lt;GateCategory.DHARMIC: 'dharmic'&gt;, metadata={'strange_loop': True, 'recursion_level': 1, 'witness_id': '21105ea3cd983ac8'}, timestamp='2026-02-05T04:54:24.184002+00:00', duration_seconds=0.0), GateCheck(gate_id=16, gate_name='BHED_GNAN', result=&lt;GateResult.UNCERTAIN: 'uncertain'&gt;, reason='No witness/doer markers detected - stance unclear', tier=&lt;GateTier.ADVISORY: 'advisory'&gt;, category=&lt;GateCategory.DHARMIC: 'dharmic'&gt;, metadata={'clarity_ratio': 0.5}, timestamp='2026-02-05T04:54:24.184015+00:00', duration_seconds=0.0)], alignment_score=0.75, recommendation='REJECT: LINT_FORMAT failed', witness_hash='bbe93f6970a3b1e375e78c8dfaf7ad17').passed</failure></testcase><testcase classname="tests.test_telos_layer.TestConvenienceFunctions" name="test_needs_human_approval" time="0.067" /><testcase classname="tests.test_vault_bridge.TestVaultBridgeInitialization" name="test_initialization_with_default_path" time="0.001" /><testcase classname="tests.test_vault_bridge.TestVaultBridgeInitialization" name="test_initialization_with_custom_path" time="0.002" /><testcase classname="tests.test_vault_bridge.TestVaultBridgeInitialization" name="test_directory_references" time="0.001" /><testcase classname="tests.test_vault_bridge.TestCrownJewelOperations" name="test_list_crown_jewels" time="0.001" /><testcase classname="tests.test_vault_bridge.TestCrownJewelOperations" name="test_list_crown_jewels_empty" time="0.001" /><testcase classname="tests.test_vault_bridge.TestCrownJewelOperations" name="test_get_crown_jewel_by_exact_name" time="0.001" /><testcase classname="tests.test_vault_bridge.TestCrownJewelOperations" name="test_get_crown_jewel_with_extension" time="0.001" /><testcase classname="tests.test_vault_bridge.TestCrownJewelOperations" name="test_get_crown_jewel_fuzzy_match" time="0.001" /><testcase classname="tests.test_vault_bridge.TestCrownJewelOperations" name="test_get_crown_jewel_not_found" time="0.001" /><testcase classname="tests.test_vault_bridge.TestResidualStreamOperations" name="test_get_recent_stream" time="0.001" /><testcase classname="tests.test_vault_bridge.TestResidualStreamOperations" name="test_get_recent_stream_sorted_by_time" time="0.014" /><testcase classname="tests.test_vault_bridge.TestResidualStreamOperations" name="test_get_stream_entry" time="0.001" /><testcase classname="tests.test_vault_bridge.TestResidualStreamOperations" name="test_get_stream_entry_not_found" time="0.001" /><testcase classname="tests.test_vault_bridge.TestVaultSearch" name="test_search_vault_finds_results" time="0.002" /><testcase classname="tests.test_vault_bridge.TestVaultSearch" name="test_search_vault_includes_snippet" time="0.002" /><testcase classname="tests.test_vault_bridge.TestVaultSearch" name="test_search_vault_case_insensitive" time="0.002" /><testcase classname="tests.test_vault_bridge.TestVaultSearch" name="test_search_vault_max_results" time="0.002" /><testcase classname="tests.test_vault_bridge.TestVaultSearch" name="test_search_vault_no_results" time="0.002" /><testcase classname="tests.test_vault_bridge.TestVaultWrite" name="test_write_to_vault_success" time="0.002" /><testcase classname="tests.test_vault_bridge.TestVaultWrite" name="test_write_to_vault_blocked" time="0.002" /><testcase classname="tests.test_vault_bridge.TestVaultWrite" name="test_write_to_vault_immutability" time="0.002" /><testcase classname="tests.test_vault_bridge.TestInductionPrompts" name="test_get_induction_summary" time="0.001" /><testcase classname="tests.test_vault_bridge.TestInductionPrompts" name="test_get_induction_prompt" time="0.001" /><testcase classname="tests.test_vault_bridge.TestVaultSummary" name="test_get_vault_summary" time="0.002" /><testcase classname="tests.test_vault_bridge.TestVaultSummary" name="test_get_lineage_context" time="0.001" /><testcase classname="tests.test_vault_bridge.TestReadTracking" name="test_read_tracking" time="0.001" /><testcase classname="tests.test_vault_bridge.TestReadTracking" name="test_read_tracking_limit" time="0.002" /><testcase classname="tests.test_vault_bridge.TestSourceTextPaths" name="test_get_source_text_paths" time="0.001" /><testcase classname="tests.test_voting.TestMutationProposal" name="test_create_proposal" time="0.000" /><testcase classname="tests.test_voting.TestMutationProposal" name="test_diff_lines_count" time="0.000" /><testcase classname="tests.test_voting.TestMutationProposal" name="test_metadata_default" time="0.000" /><testcase classname="tests.test_voting.TestVote" name="test_vote_creation" time="0.000" /><testcase classname="tests.test_voting.TestVote" name="test_confidence_clamping_high" time="0.000" /><testcase classname="tests.test_voting.TestVote" name="test_confidence_clamping_low" time="0.000" /><testcase classname="tests.test_voting.TestVoteResult" name="test_result_summary_approved" time="0.000" /><testcase classname="tests.test_voting.TestVoteResult" name="test_result_summary_rejected" time="0.000" /><testcase classname="tests.test_voting.TestSecurityReviewer" name="test_approves_safe_code" time="0.001" /><testcase classname="tests.test_voting.TestSecurityReviewer" name="test_rejects_eval" time="0.001" /><testcase classname="tests.test_voting.TestSecurityReviewer" name="test_rejects_exec" time="0.001" /><testcase classname="tests.test_voting.TestEleganceReviewer" name="test_approves_clean_code" time="0.001" /><testcase classname="tests.test_voting.TestEleganceReviewer" name="test_flags_long_lines" time="0.001" /><testcase classname="tests.test_voting.TestDharmicReviewer" name="test_approves_beneficial_change" time="0.001" /><testcase classname="tests.test_voting.TestDharmicReviewer" name="test_flags_irreversible_operation" time="0.001" /><testcase classname="tests.test_voting.TestPerformanceReviewer" name="test_approves_efficient_code" time="0.001" /><testcase classname="tests.test_voting.TestPerformanceReviewer" name="test_flags_nested_loops" time="0.001" /><testcase classname="tests.test_voting.TestCorrectnessReviewer" name="test_approves_correct_code" time="0.001" /><testcase classname="tests.test_voting.TestCorrectnessReviewer" name="test_flags_mutable_default" time="0.001" /><testcase classname="tests.test_voting.TestMinimalChangeReviewer" name="test_approves_small_change" time="0.001" /><testcase classname="tests.test_voting.TestMinimalChangeReviewer" name="test_rejects_large_change" time="0.001" /><testcase classname="tests.test_voting.TestTestReviewer" name="test_approves_code_with_tests" time="0.001" /><testcase classname="tests.test_voting.TestTestReviewer" name="test_flags_missing_tests" time="0.001" /><testcase classname="tests.test_voting.TestArchitectureReviewer" name="test_approves_good_architecture" time="0.001" /><testcase classname="tests.test_voting.TestArchitectureReviewer" name="test_flags_inverted_dependency" time="0.001" /><testcase classname="tests.test_voting.TestVotingSwarm" name="test_create_swarm" time="0.000" /><testcase classname="tests.test_voting.TestVotingSwarm" name="test_create_swarm_custom" time="0.000" /><testcase classname="tests.test_voting.TestVotingSwarm" name="test_spawn_reviewers_count" time="0.000" /><testcase classname="tests.test_voting.TestVotingSwarm" name="test_spawn_reviewers_diversity" time="0.000" /><testcase classname="tests.test_voting.TestVotingSwarm" name="test_diversity_score_uniform" time="0.000" /><testcase classname="tests.test_voting.TestVotingSwarm" name="test_diversity_score_skewed" time="0.000" /><testcase classname="tests.test_voting.TestVotingSwarm" name="test_collect_votes_safe_proposal" time="0.001" /><testcase classname="tests.test_voting.TestVotingSwarm" name="test_collect_votes_dangerous_proposal" time="0.001" /><testcase classname="tests.test_voting.TestVotingSwarm" name="test_quick_vote" time="0.001" /><testcase classname="tests.test_voting.TestVotingSwarm" name="test_rejection_reasons_low_approval" time="0.001" /><testcase classname="tests.test_voting.TestConvenienceFunctions" name="test_vote_on_proposal" time="0.001" /><testcase classname="tests.test_voting.TestConvenienceFunctions" name="test_create_proposal" time="0.000" /><testcase classname="tests.test_voting.TestIntegration" name="test_full_voting_flow_approval" time="0.001" /><testcase classname="tests.test_voting.TestIntegration" name="test_vote_type_distribution" time="0.001" /><testcase classname="tests.test_voting.TestEdgeCases" name="test_empty_diff" time="0.001" /><testcase classname="tests.test_voting.TestEdgeCases" name="test_single_vote" time="0.001" /><testcase classname="tests.test_voting.TestEdgeCases" name="test_diversity_score_empty_votes" time="0.000" /><testcase classname="tests.test_voting.TestEdgeCases" name="test_diversity_score_single_vote" time="0.002" /></testsuite></testsuites>