{
  "proposal_id": "PROP-20260205224114",
  "timestamp": "2026-02-05T22:41:14.103597+00:00",
  "overall_result": "FAIL",
  "gates_passed": 6,
  "gates_failed": 20,
  "gates_warned": 4,
  "gates_skipped": 0,
  "total_duration_seconds": 1.3043336868286133,
  "gate_results": [
    {
      "gate_id": "1",
      "gate_name": "LINT_FORMAT",
      "result": "fail",
      "duration_seconds": 0.007239818572998047,
      "stdout": "",
      "stderr": "/bin/sh: ruff: command not found\n",
      "artifacts": [],
      "error_message": "Command failed with exit code 127",
      "exception_applied": false,
      "exception_reason": ""
    },
    {
      "gate_id": "2",
      "gate_name": "TYPE_CHECK",
      "result": "fail",
      "duration_seconds": 0.0037751197814941406,
      "stdout": "",
      "stderr": "/bin/sh: pyright: command not found\n",
      "artifacts": [],
      "error_message": "Command failed with exit code 127",
      "exception_applied": false,
      "exception_reason": ""
    },
    {
      "gate_id": "3",
      "gate_name": "SECURITY_SCAN",
      "result": "fail",
      "duration_seconds": 0.0031049251556396484,
      "stdout": "",
      "stderr": "/bin/sh: bandit: command not found\n",
      "artifacts": [],
      "error_message": "Command failed with exit code 127",
      "exception_applied": false,
      "exception_reason": ""
    },
    {
      "gate_id": "4",
      "gate_name": "DEPENDENCY_SAFETY",
      "result": "fail",
      "duration_seconds": 0.002933979034423828,
      "stdout": "",
      "stderr": "/bin/sh: pip-audit: command not found\n",
      "artifacts": [],
      "error_message": "Command failed with exit code 127",
      "exception_applied": false,
      "exception_reason": ""
    },
    {
      "gate_id": "5",
      "gate_name": "TEST_COVERAGE",
      "result": "fail",
      "duration_seconds": 0.447268009185791,
      "stdout": "",
      "stderr": "ERROR: usage: pytest [options] [file_or_dir] [file_or_dir] [...]\npytest: error: unrecognized arguments: --cov=. --cov-report=json:coverage.json --cov-fail-under=80\n  inifile: /Users/dhyana/DHARMIC_GODEL_CLAW/pytest.ini\n  rootdir: /Users/dhyana/DHARMIC_GODEL_CLAW\n\n",
      "artifacts": [],
      "error_message": "Command failed with exit code 4",
      "exception_applied": false,
      "exception_reason": ""
    },
    {
      "gate_id": "6",
      "gate_name": "PROPERTY_TESTING",
      "result": "fail",
      "duration_seconds": 0.1455211639404297,
      "stdout": "",
      "stderr": "ERROR: usage: pytest [options] [file_or_dir] [file_or_dir] [...]\npytest: error: unrecognized arguments: --hypothesis-show-statistics\n  inifile: /Users/dhyana/DHARMIC_GODEL_CLAW/tests/pytest.ini\n  rootdir: /Users/dhyana/DHARMIC_GODEL_CLAW/tests\n\n",
      "artifacts": [],
      "error_message": "Command failed with exit code 4",
      "exception_applied": false,
      "exception_reason": ""
    },
    {
      "gate_id": "7",
      "gate_name": "CONTRACT_INTEGRATION",
      "result": "fail",
      "duration_seconds": 0.16898202896118164,
      "stdout": "\u001b[1m============================= test session starts ==============================\u001b[0m\nplatform darwin -- Python 3.14.2, pytest-9.0.2, pluggy-1.6.0 -- /opt/homebrew/opt/python@3.14/bin/python3.14\ncachedir: .pytest_cache\nrootdir: /Users/dhyana/DHARMIC_GODEL_CLAW\nconfigfile: pytest.ini\nplugins: anyio-4.12.1\n\u001b[1mcollecting ... \u001b[0mcollected 0 items\n\n- generated xml file: /Users/dhyana/DHARMIC_GODEL_CLAW/integration_results.xml -\n\u001b[33m============================== \u001b[33m\u001b[1m1 warning\u001b[0m\u001b[33m in 0.01s\u001b[0m\u001b[33m ==============================\u001b[0m\n",
      "stderr": "ERROR: file or directory not found: tests/integration/\n\n",
      "artifacts": [],
      "error_message": "Command failed with exit code 4",
      "exception_applied": false,
      "exception_reason": ""
    },
    {
      "gate_id": "8",
      "gate_name": "PERFORMANCE_REGRESSION",
      "result": "fail",
      "duration_seconds": 0.14639997482299805,
      "stdout": "",
      "stderr": "ERROR: usage: pytest [options] [file_or_dir] [file_or_dir] [...]\npytest: error: unrecognized arguments: --benchmark-compare --benchmark-json=benchmark.json\n  inifile: /Users/dhyana/DHARMIC_GODEL_CLAW/pytest.ini\n  rootdir: /Users/dhyana/DHARMIC_GODEL_CLAW\n\n",
      "artifacts": [],
      "error_message": "Command failed with exit code 4",
      "exception_applied": false,
      "exception_reason": ""
    },
    {
      "gate_id": "9",
      "gate_name": "AHIMSA",
      "result": "fail",
      "duration_seconds": 0.00010824203491210938,
      "stdout": "",
      "stderr": "",
      "artifacts": [],
      "error_message": "Missing required files: proposal.yaml",
      "exception_applied": false,
      "exception_reason": ""
    },
    {
      "gate_id": "10",
      "gate_name": "SATYA",
      "result": "fail",
      "duration_seconds": 0.0009028911590576172,
      "stdout": "",
      "stderr": "",
      "artifacts": [],
      "error_message": "Missing required artifacts: satya_assessment.json, claim_evidence_map.json",
      "exception_applied": false,
      "exception_reason": ""
    },
    {
      "gate_id": "11",
      "gate_name": "CONSENT",
      "result": "fail",
      "duration_seconds": 2.3126602172851562e-05,
      "stdout": "",
      "stderr": "",
      "artifacts": [],
      "error_message": "Missing required artifacts: consent_record.json, approval_signature.txt",
      "exception_applied": false,
      "exception_reason": ""
    },
    {
      "gate_id": "12",
      "gate_name": "VYAVASTHIT",
      "result": "warn",
      "duration_seconds": 8.821487426757812e-06,
      "stdout": "",
      "stderr": "",
      "artifacts": [],
      "error_message": "Missing required artifacts: vyavasthit_assessment.json",
      "exception_applied": false,
      "exception_reason": ""
    },
    {
      "gate_id": "13",
      "gate_name": "REVERSIBILITY",
      "result": "pass",
      "duration_seconds": 1.2159347534179688e-05,
      "stdout": "",
      "stderr": "",
      "artifacts": [],
      "error_message": "",
      "exception_applied": false,
      "exception_reason": ""
    },
    {
      "gate_id": "14",
      "gate_name": "SVABHAAVA",
      "result": "warn",
      "duration_seconds": 7.867813110351562e-06,
      "stdout": "",
      "stderr": "",
      "artifacts": [],
      "error_message": "Missing required artifacts: svabhaava_assessment.json",
      "exception_applied": false,
      "exception_reason": ""
    },
    {
      "gate_id": "15",
      "gate_name": "WITNESS",
      "result": "warn",
      "duration_seconds": 2.9325485229492188e-05,
      "stdout": "",
      "stderr": "",
      "artifacts": [],
      "error_message": "Missing required artifacts: audit_trail.jsonl, evidence_bundle_hash.sha256, witness_trail.json, evidence_hash.sha256",
      "exception_applied": false,
      "exception_reason": ""
    },
    {
      "gate_id": "16",
      "gate_name": "SBOM_PROVENANCE",
      "result": "error",
      "duration_seconds": 0.0002448558807373047,
      "stdout": "",
      "stderr": "",
      "artifacts": [],
      "error_message": "ExecGuard blocked command: cyclonedx-py environment -o sbom.json",
      "exception_applied": false,
      "exception_reason": ""
    },
    {
      "gate_id": "17",
      "gate_name": "LICENSE_COMPLIANCE",
      "result": "error",
      "duration_seconds": 7.581710815429688e-05,
      "stdout": "",
      "stderr": "",
      "artifacts": [],
      "error_message": "ExecGuard blocked command: pip-licenses --format=json --output-file=licenses.json",
      "exception_applied": false,
      "exception_reason": ""
    },
    {
      "gate_id": "CKC_META_CHECK",
      "gate_name": "CKC_META_CHECK",
      "result": "pass",
      "duration_seconds": 1.2159347534179688e-05,
      "stdout": "",
      "stderr": "",
      "artifacts": [],
      "error_message": "",
      "exception_applied": false,
      "exception_reason": "Meta-observation active"
    },
    {
      "gate_id": "CKC_SPEED_LIMIT",
      "gate_name": "CKC_SPEED_LIMIT",
      "result": "pass",
      "duration_seconds": 0.0,
      "stdout": "",
      "stderr": "",
      "artifacts": [],
      "error_message": "",
      "exception_applied": false,
      "exception_reason": ""
    },
    {
      "gate_id": "ML_DATA_PROVENANCE",
      "gate_name": "ML_DATA_PROVENANCE",
      "result": "fail",
      "duration_seconds": 1.8835067749023438e-05,
      "stdout": "",
      "stderr": "",
      "artifacts": [],
      "error_message": "Missing required files: DATA_PROVENANCE.md, data_manifest.json",
      "exception_applied": false,
      "exception_reason": ""
    },
    {
      "gate_id": "ML_EVAL_SUITE",
      "gate_name": "ML_EVAL_SUITE",
      "result": "fail",
      "duration_seconds": 0.15869998931884766,
      "stdout": "\u001b[1m============================= test session starts ==============================\u001b[0m\nplatform darwin -- Python 3.14.2, pytest-9.0.2, pluggy-1.6.0 -- /opt/homebrew/opt/python@3.14/bin/python3.14\ncachedir: .pytest_cache\nrootdir: /Users/dhyana/DHARMIC_GODEL_CLAW\nconfigfile: pytest.ini\nplugins: anyio-4.12.1\n\u001b[1mcollecting ... \u001b[0mcollected 0 items\n\n\u001b[33m============================== \u001b[33m\u001b[1m1 warning\u001b[0m\u001b[33m in 0.00s\u001b[0m\u001b[33m ==============================\u001b[0m\n",
      "stderr": "ERROR: file or directory not found: tests/ml_eval/\n\n",
      "artifacts": [],
      "error_message": "Command failed with exit code 4",
      "exception_applied": false,
      "exception_reason": ""
    },
    {
      "gate_id": "ML_MODEL_CARD",
      "gate_name": "ML_MODEL_CARD",
      "result": "fail",
      "duration_seconds": 0.00010800361633300781,
      "stdout": "",
      "stderr": "",
      "artifacts": [],
      "error_message": "Missing required files: MODEL_CARD.md",
      "exception_applied": false,
      "exception_reason": ""
    },
    {
      "gate_id": "ML_RISK_REGISTER",
      "gate_name": "ML_RISK_REGISTER",
      "result": "warn",
      "duration_seconds": 1.1920928955078125e-05,
      "stdout": "",
      "stderr": "",
      "artifacts": [],
      "error_message": "Missing required files: AI_RISK_REGISTER.md",
      "exception_applied": false,
      "exception_reason": ""
    },
    {
      "gate_id": "ML_REPRODUCIBILITY",
      "gate_name": "ML_REPRODUCIBILITY",
      "result": "fail",
      "duration_seconds": 2.5272369384765625e-05,
      "stdout": "",
      "stderr": "",
      "artifacts": [],
      "error_message": "Missing required files: requirements.txt, config.yaml, environment.lock",
      "exception_applied": false,
      "exception_reason": ""
    },
    {
      "gate_id": "ACCELERATOR_PLAN",
      "gate_name": "ACCELERATOR_PLAN",
      "result": "pass",
      "duration_seconds": 3.3855438232421875e-05,
      "stdout": "",
      "stderr": "",
      "artifacts": [],
      "error_message": "",
      "exception_applied": false,
      "exception_reason": ""
    },
    {
      "gate_id": "CUDA_COMPAT",
      "gate_name": "CUDA_COMPAT",
      "result": "pass",
      "duration_seconds": 8.821487426757812e-06,
      "stdout": "",
      "stderr": "",
      "artifacts": [],
      "error_message": "",
      "exception_applied": false,
      "exception_reason": ""
    },
    {
      "gate_id": "ACCELERATOR_BENCHMARKS",
      "gate_name": "ACCELERATOR_BENCHMARKS",
      "result": "pass",
      "duration_seconds": 1.3828277587890625e-05,
      "stdout": "",
      "stderr": "",
      "artifacts": [],
      "error_message": "",
      "exception_applied": false,
      "exception_reason": ""
    },
    {
      "gate_id": "SKILL_REGISTRY_SIGNED",
      "gate_name": "SKILL_REGISTRY_SIGNED",
      "result": "fail",
      "duration_seconds": 0.0038950443267822266,
      "stdout": "",
      "stderr": "/bin/sh: python: command not found\n",
      "artifacts": [],
      "error_message": "Command failed with exit code 127",
      "exception_applied": false,
      "exception_reason": ""
    },
    {
      "gate_id": "SKILL_SUPPLY_CHAIN_SCAN",
      "gate_name": "SKILL_SUPPLY_CHAIN_SCAN",
      "result": "fail",
      "duration_seconds": 0.0032320022583007812,
      "stdout": "",
      "stderr": "/bin/sh: python: command not found\n",
      "artifacts": [],
      "error_message": "Command failed with exit code 127",
      "exception_applied": false,
      "exception_reason": ""
    }
  ],
  "evidence_bundle_hash": "b813e737659842e06fde67c3cade84347a3d9fde04fa6e51ade555b8f315b9af",
  "evidence_signature": "",
  "signature_method": "hmac-sha256",
  "signature_key_id": "",
  "signature_required": true,
  "signature_present": false,
  "emergency_bypass": false,
  "emergency_reason": "",
  "emergency_approver": "",
  "exceptions_applied": []
}