{
  "proposal_id": "PROP-20260205041710",
  "timestamp": "2026-02-05T04:17:10.288435+00:00",
  "overall_result": "FAIL",
  "gates_passed": 5,
  "gates_failed": 18,
  "gates_warned": 1,
  "gates_skipped": 6,
  "total_duration_seconds": 300.20202112197876,
  "gate_results": [
    {
      "gate_id": "1",
      "gate_name": "LINT_FORMAT",
      "result": "fail",
      "duration_seconds": 0.08260798454284668,
      "stdout": "",
      "stderr": "",
      "artifacts": [],
      "error_message": "Command failed with exit code 1",
      "exception_applied": false,
      "exception_reason": ""
    },
    {
      "gate_id": "2",
      "gate_name": "TYPE_CHECK",
      "result": "fail",
      "duration_seconds": 0.20897412300109863,
      "stdout": "",
      "stderr": "Unexpected option --strict.\npyright --help for usage\n",
      "artifacts": [],
      "error_message": "Command failed with exit code 4",
      "exception_applied": false,
      "exception_reason": ""
    },
    {
      "gate_id": "3",
      "gate_name": "SECURITY_SCAN",
      "result": "fail",
      "duration_seconds": 180.01062273979187,
      "stdout": "",
      "stderr": "",
      "artifacts": [],
      "error_message": "Gate timed out after 180s",
      "exception_applied": false,
      "exception_reason": ""
    },
    {
      "gate_id": "4",
      "gate_name": "DEPENDENCY_SAFETY",
      "result": "fail",
      "duration_seconds": 21.15674662590027,
      "stdout": "",
      "stderr": "Found 31 known vulnerabilities in 14 packages\n",
      "artifacts": [],
      "error_message": "Command failed with exit code 1",
      "exception_applied": false,
      "exception_reason": ""
    },
    {
      "gate_id": "5",
      "gate_name": "TEST_COVERAGE",
      "result": "fail",
      "duration_seconds": 95.94948220252991,
      "stdout": "\u001b[1m============================= test session starts ==============================\u001b[0m\nplatform darwin -- Python 3.13.5, pytest-8.4.2, pluggy-1.6.0 -- /Library/Frameworks/Python.framework/Versions/3.13/bin/python3\ncachedir: .pytest_cache\nhypothesis profile 'default'\nrootdir: /Users/dhyana/DHARMIC_GODEL_CLAW\nconfigfile: pytest.ini\ntestpaths: tests\nplugins: jaxtyping-0.3.5, asyncio-1.2.0, anyio-4.9.0, hypothesis-6.151.5, typeguard-4.4.4, cov-7.0.0\nasyncio: mode=Mode.AUTO, debug=False, asyncio_default_fixture_loop_scope=None, asyncio_default_test_loop_scope=function\n\u001b[1mcollecting ... \u001b[0mcollected 614 items\n\ntests/test_auto_push.py::TestMutationProposal::test_proposal_creation \u001b[32mPASSED\u001b[0m\u001b[33m [  0%]\u001b[0m\ntests/test_auto_push.py::TestMutationProposal::test_proposal_defaults \u001b[32mPASSED\u001b[0m\u001b[33m [  0%]\u001b[0m\ntests/test_auto_push.py::TestCircuitResult::test_approval_ratio \u001b[32mPASSED\u001b[0m\u001b[33m   [  0%]\u001b[0m\ntests/test_auto_push.py::TestCircuitResult::test_approval_ratio_zero_votes \u001b[32mPASSED\u001b[0m\u001b[33m [  0%]\u001b[0m\ntests/test_auto_push.py::TestCircuitResult::test_gates_tracking \u001b[32mPASSED\u001b[0m\u001b[33m   [  0%]\u001b[0m\ntests/test_auto_push.py::TestVoteRecord::test_vote_creation \u001b[32mPASSED\u001b[0m\u001b[33m       [  0%]\u001b[0m\ntests/test_auto_push.py::TestAutoPusherCommit::test_commit_approved_mutation_dry_run \u001b[32mPASSED\u001b[0m\u001b[33m [  1%]\u001b[0m\ntests/test_auto_push.py::TestAutoPusherCommit::test_commit_rejected_mutation_fails \u001b[32mPASSED\u001b[0m\u001b[33m [  1%]\u001b[0m\ntests/test_auto_push.py::TestAutoPusherCommit::test_commit_message_format \u001b[32mPASSED\u001b[0m\u001b[33m [  1%]\u001b[0m\ntests/test_auto_push.py::TestAutoPusherCommit::test_commit_live_mode \u001b[32mPASSED\u001b[0m\u001b[33m [  1%]\u001b[0m\ntests/test_auto_push.py::TestAutoPusherCommit::test_commit_handles_git_error \u001b[32mPASSED\u001b[0m\u001b[33m [  1%]\u001b[0m\ntests/test_auto_push.py::TestAutoPusherPush::test_push_dry_run_succeeds \u001b[32mPASSED\u001b[0m\u001b[33m [  1%]\u001b[0m\ntests/test_auto_push.py::TestAutoPusherPush::test_push_fails_for_uncommitted \u001b[32mPASSED\u001b[0m\u001b[33m [  2%]\u001b[0m\ntests/test_auto_push.py::TestAutoPusherPush::test_push_fails_protected_branch \u001b[32mPASSED\u001b[0m\u001b[33m [  2%]\u001b[0m\ntests/test_auto_push.py::TestAutoPusherPush::test_push_custom_protected_branches \u001b[32mPASSED\u001b[0m\u001b[33m [  2%]\u001b[0m\ntests/test_auto_push.py::TestAutoPusherPush::test_push_runs_tests \u001b[32mPASSED\u001b[0m\u001b[33m [  2%]\u001b[0m\ntests/test_auto_push.py::TestAutoPusherPush::test_push_fails_on_test_failure \u001b[32mPASSED\u001b[0m\u001b[33m [  2%]\u001b[0m\ntests/test_auto_push.py::TestArchiveIntegration::test_push_logs_to_archive \u001b[32mPASSED\u001b[0m\u001b[33m [  2%]\u001b[0m\ntests/test_auto_push.py::TestArchiveIntegration::test_archive_tracks_lineage \u001b[32mPASSED\u001b[0m\u001b[33m [  3%]\u001b[0m\ntests/test_auto_push.py::TestEnvironmentConfig::test_dry_run_from_env_true \u001b[32mPASSED\u001b[0m\u001b[33m [  3%]\u001b[0m\ntests/test_auto_push.py::TestEnvironmentConfig::test_dry_run_from_env_false \u001b[32mPASSED\u001b[0m\u001b[33m [  3%]\u001b[0m\ntests/test_auto_push.py::TestEnvironmentConfig::test_dry_run_from_env_1 \u001b[32mPASSED\u001b[0m\u001b[33m [  3%]\u001b[0m\ntests/test_auto_push.py::TestEnvironmentConfig::test_explicit_dry_run_overrides_env \u001b[32mPASSED\u001b[0m\u001b[33m [  3%]\u001b[0m\ntests/test_auto_push.py::TestCommitAndPush::test_commit_and_push_success \u001b[32mPASSED\u001b[0m\u001b[33m [  3%]\u001b[0m\ntests/test_auto_push.py::TestCommitAndPush::test_commit_and_push_commit_fails \u001b[32mPASSED\u001b[0m\u001b[33m [  4%]\u001b[0m\ntests/test_auto_push.py::TestSafetyChecks::test_check_no_uncommitted_clean \u001b[32mPASSED\u001b[0m\u001b[33m [  4%]\u001b[0m\ntests/test_auto_push.py::TestSafetyChecks::test_check_no_uncommitted_with_allowed_changes \u001b[32mPASSED\u001b[0m\u001b[33m [  4%]\u001b[0m\ntests/test_auto_push.py::TestSafetyChecks::test_check_no_uncommitted_with_outside_changes \u001b[32mPASSED\u001b[0m\u001b[33m [  4%]\u001b[0m\ntests/test_auto_push.py::TestWitnessLogging::test_commit_logs_witness_event \u001b[32mPASSED\u001b[0m\u001b[33m [  4%]\u001b[0m\ntests/test_auto_push.py::TestWitnessLogging::test_push_logs_strange_loop_witness \u001b[32mPASSED\u001b[0m\u001b[33m [  4%]\u001b[0m\ntests/test_circuit_integration.py::TestMutationProposal::test_proposal_creation \u001b[32mPASSED\u001b[0m\u001b[33m [  5%]\u001b[0m\ntests/test_circuit_integration.py::TestMutationProposal::test_proposal_with_all_fields \u001b[32mPASSED\u001b[0m\u001b[33m [  5%]\u001b[0m\ntests/test_circuit_integration.py::TestMutationProposal::test_to_voting_proposal \u001b[31mFAILED\u001b[0m\u001b[31m [  5%]\u001b[0m\ntests/test_circuit_integration.py::TestEleganceEvaluator::test_elegant_code \u001b[32mPASSED\u001b[0m\u001b[31m [  5%]\u001b[0m\ntests/test_circuit_integration.py::TestEleganceEvaluator::test_bloated_code \u001b[32mPASSED\u001b[0m\u001b[31m [  5%]\u001b[0m\ntests/test_circuit_integration.py::TestCircuitPhases::test_phase_2_valid_syntax \u001b[31mERROR\u001b[0m\u001b[31m [  5%]\u001b[0m\ntests/test_circuit_integration.py::TestCircuitPhases::test_phase_2_invalid_syntax \u001b[31mERROR\u001b[0m\u001b[31m [  6%]\u001b[0m\ntests/test_circuit_integration.py::TestCircuitPhases::test_phase_3_create_file \u001b[31mERROR\u001b[0m\u001b[31m [  6%]\u001b[0m\ntests/test_circuit_integration.py::TestCircuitPhases::test_phase_3_modify_existing \u001b[31mERROR\u001b[0m\u001b[31m [  6%]\u001b[0m\ntests/test_circuit_integration.py::TestCircuitRollback::test_rollback_restores_original \u001b[31mFAILED\u001b[0m\u001b[31m [  6%]\u001b[0m\ntests/test_circuit_integration.py::TestCircuitRollback::test_rollback_deletes_new_file \u001b[31mFAILED\u001b[0m\u001b[31m [  6%]\u001b[0m\ntests/test_circuit_integration.py::TestFullCircuitFlow::test_successful_circuit_flow \u001b[31mFAILED\u001b[0m\u001b[31m [  6%]\u001b[0m\ntests/test_circuit_integration.py::TestFullCircuitFlow::test_circuit_with_syntax_error \u001b[31mFAILED\u001b[0m\u001b[31m [  7%]\u001b[0m\ntests/test_circuit_integration.py::TestConvenienceFunctions::test_run_circuit_function \u001b[31mFAILED\u001b[0m\u001b[31m [  7%]\u001b[0m\ntests/test_claude_max.py::TestMessage::test_message_creation \u001b[32mPASSED\u001b[0m\u001b[31m      [  7%]\u001b[0m\ntests/test_claude_max.py::TestModelResponse::test_response_creation \u001b[32mPASSED\u001b[0m\u001b[31m [  7%]\u001b[0m\ntests/test_claude_max.py::TestModelResponse::test_response_with_custom_model \u001b[32mPASSED\u001b[0m\u001b[31m [  7%]\u001b[0m\ntests/test_claude_max.py::TestClaudeMax::test_initialization_success \u001b[32mPASSED\u001b[0m\u001b[31m [  7%]\u001b[0m\ntests/test_claude_max.py::TestClaudeMax::test_initialization_cli_not_found \u001b[32mPASSED\u001b[0m\u001b[31m [  7%]\u001b[0m\ntests/test_claude_max.py::TestClaudeMax::test_initialization_cli_not_working \u001b[32mPASSED\u001b[0m\u001b[31m [  8%]\u001b[0m\ntests/test_claude_max.py::TestClaudeMax::test_invoke_simple_message \u001b[32mPASSED\u001b[0m\u001b[31m [  8%]\u001b[0m\ntests/test_claude_max.py::TestClaudeMax::test_invoke_with_system_prompt \u001b[32mPASSED\u001b[0m\u001b[31m [  8%]\u001b[0m\ntests/test_claude_max.py::TestClaudeMax::test_invoke_with_conversation_history \u001b[32mPASSED\u001b[0m\u001b[31m [  8%]\u001b[0m\ntests/test_claude_max.py::TestClaudeMax::test_invoke_cli_error \u001b[32mPASSED\u001b[0m\u001b[31m    [  8%]\u001b[0m\ntests/test_claude_max.py::TestClaudeMax::test_invoke_timeout \u001b[32mPASSED\u001b[0m\u001b[31m      [  8%]\u001b[0m\ntests/test_claude_max.py::TestClaudeMax::test_response_method_alias \u001b[32mPASSED\u001b[0m\u001b[31m [  9%]\u001b[0m\ntests/test_claude_max.py::TestClaudeMax::test_chat_simple \u001b[32mPASSED\u001b[0m\u001b[31m         [  9%]\u001b[0m\ntests/test_claude_max.py::TestClaudeMax::test_chat_with_history \u001b[32mPASSED\u001b[0m\u001b[31m   [  9%]\u001b[0m\ntests/test_claude_max.py::TestClaudeMax::test_chat_with_system_prompt \u001b[32mPASSED\u001b[0m\u001b[31m [  9%]\u001b[0m\ntests/test_claude_max.py::TestClaudeMax::test_working_directory \u001b[32mPASSED\u001b[0m\u001b[31m   [  9%]\u001b[0m\ntests/test_claude_max.py::TestClaudeMax::test_repr \u001b[32mPASSED\u001b[0m\u001b[31m                [  9%]\u001b[0m\ntests/test_dgm.py::TestArchive::test_archive_init \u001b[32mPASSED\u001b[0m\u001b[31m                 [ 10%]\u001b[0m\ntests/test_dgm.py::TestArchive::test_add_entry \u001b[32mPASSED\u001b[0m\u001b[31m                    [ 10%]\u001b[0m\ntests/test_dgm.py::TestArchive::test_get_lineage \u001b[32mPASSED\u001b[0m\u001b[31m                  [ 10%]\u001b[0m\ntests/test_dgm.py::TestArchive::test_fitness_score \u001b[32mPASSED\u001b[0m\u001b[31m                [ 10%]\u001b[0m\ntests/test_dgm.py::TestArchive::test_fitness_weighted \u001b[32mPASSED\u001b[0m\u001b[31m             [ 10%]\u001b[0m\ntests/test_dgm.py::TestFitnessEvaluator::test_evaluator_init \u001b[32mPASSED\u001b[0m\u001b[31m      [ 10%]\u001b[0m\ntests/test_dgm.py::TestFitnessEvaluator::test_evaluate_nonexistent_file \u001b[32mPASSED\u001b[0m\u001b[31m [ 11%]\u001b[0m\ntests/test_dgm.py::TestFitnessEvaluator::test_dharmic_gates_check \u001b[32mPASSED\u001b[0m\u001b[31m [ 11%]\u001b[0m\ntests/test_dgm.py::TestSelector::test_selector_init \u001b[32mPASSED\u001b[0m\u001b[31m               [ 11%]\u001b[0m\ntests/test_dgm.py::TestSelector::test_select_from_empty \u001b[32mPASSED\u001b[0m\u001b[31m           [ 11%]\u001b[0m\ntests/test_dgm.py::TestSelector::test_tournament_selection \u001b[32mPASSED\u001b[0m\u001b[31m        [ 11%]\u001b[0m\ntests/test_dgm.py::TestDGMIntegration::test_full_cycle_dry_run \u001b[32mPASSED\u001b[0m\u001b[31m    [ 11%]\u001b[0m\ntests/test_dgm.py::TestDharmicGates::test_consent_always_fails_without_human \u001b[32mPASSED\u001b[0m\u001b[31m [ 12%]\u001b[0m\ntests/test_dgm.py::TestDharmicGates::test_ahimsa_detects_dangerous_code \u001b[32mPASSED\u001b[0m\u001b[31m [ 12%]\u001b[0m\ntests/test_dgm_integration.py::TestSwarmDGMBridgeInit::test_default_initialization \u001b[32mPASSED\u001b[0m\u001b[31m [ 12%]\u001b[0m\ntests/test_dgm_integration.py::TestSwarmDGMBridgeInit::test_custom_dry_run_setting \u001b[32mPASSED\u001b[0m\u001b[31m [ 12%]\u001b[0m\ntests/test_dgm_integration.py::TestSwarmDGMBridgeInit::test_shared_archive_with_dgm \u001b[32mPASSED\u001b[0m\u001b[31m [ 12%]\u001b[0m\ntests/test_dgm_integration.py::TestSwarmDGMBridgeInit::test_custom_dgm_instance \u001b[32mPASSED\u001b[0m\u001b[31m [ 12%]\u001b[0m\ntests/test_dgm_integration.py::TestSwarmDGMBridgeInit::test_fitness_weights_defined \u001b[32mPASSED\u001b[0m\u001b[31m [ 13%]\u001b[0m\ntests/test_dgm_integration.py::TestProposalToEntry::test_basic_conversion \u001b[32mPASSED\u001b[0m\u001b[31m [ 13%]\u001b[0m\ntests/test_dgm_integration.py::TestProposalToEntry::test_metadata_extraction \u001b[32mPASSED\u001b[0m\u001b[31m [ 13%]\u001b[0m\ntests/test_dgm_integration.py::TestProposalToEntry::test_parent_id_passed \u001b[32mPASSED\u001b[0m\u001b[31m [ 13%]\u001b[0m\ntests/test_dgm_integration.py::TestProposalToEntry::test_empty_metadata_handling \u001b[32mPASSED\u001b[0m\u001b[31m [ 13%]\u001b[0m\ntests/test_dgm_integration.py::TestProposalToEntry::test_fitness_initialized_empty \u001b[32mPASSED\u001b[0m\u001b[31m [ 13%]\u001b[0m\ntests/test_dgm_integration.py::TestWorkflowResultToEntry::test_basic_conversion \u001b[32mPASSED\u001b[0m\u001b[31m [ 14%]\u001b[0m\ntests/test_dgm_integration.py::TestWorkflowResultToEntry::test_no_files_changed_is_evaluation \u001b[32mPASSED\u001b[0m\u001b[31m [ 14%]\u001b[0m\ntests/test_dgm_integration.py::TestWorkflowResultToEntry::test_parent_lineage_preserved \u001b[32mPASSED\u001b[0m\u001b[31m [ 14%]\u001b[0m\ntests/test_dgm_integration.py::TestWorkflowResultToEntry::test_test_results_captured \u001b[32mPASSED\u001b[0m\u001b[31m [ 14%]\u001b[0m\ntests/test_dgm_integration.py::TestFitnessCalculation::test_perfect_result_high_fitness \u001b[32mPASSED\u001b[0m\u001b[31m [ 14%]\u001b[0m\ntests/test_dgm_integration.py::TestFitnessCalculation::test_failed_tests_low_correctness \u001b[32mPASSED\u001b[0m\u001b[31m [ 14%]\u001b[0m\ntests/test_dgm_integration.py::TestFitnessCalculation::test_failed_workflow_low_safety \u001b[32mPASSED\u001b[0m\u001b[31m [ 14%]\u001b[0m\ntests/test_dgm_integration.py::TestFitnessCalculation::test_many_files_lower_efficiency \u001b[32mPASSED\u001b[0m\u001b[31m [ 15%]\u001b[0m\ntests/test_dgm_integration.py::TestFitnessCalculation::test_no_changes_high_efficiency \u001b[32mPASSED\u001b[0m\u001b[31m [ 15%]\u001b[0m\ntests/test_dgm_integration.py::TestFitnessCalculation::test_fitness_total_with_weights \u001b[32mPASSED\u001b[0m\u001b[31m [ 15%]\u001b[0m\ntests/test_dgm_integration.py::TestArchiveIntegration::test_archive_entry_basic \u001b[32mPASSED\u001b[0m\u001b[31m [ 15%]\u001b[0m\ntests/test_dgm_integration.py::TestArchiveIntegration::test_archive_entry_status_override \u001b[32mPASSED\u001b[0m\u001b[31m [ 15%]\u001b[0m\ntests/test_dgm_integration.py::TestArchiveIntegration::test_get_best_parent_empty_archive \u001b[32mPASSED\u001b[0m\u001b[31m [ 15%]\u001b[0m\ntests/test_dgm_integration.py::TestArchiveIntegration::test_get_best_parent_returns_best \u001b[32mPASSED\u001b[0m\u001b[31m [ 16%]\u001b[0m\ntests/test_dgm_integration.py::TestArchiveIntegration::test_archive_successful_pattern_filters_failures \u001b[32mPASSED\u001b[0m\u001b[31m [ 16%]\u001b[0m\ntests/test_dgm_integration.py::TestArchiveIntegration::test_archive_successful_pattern_filters_test_failures \u001b[32mPASSED\u001b[0m\u001b[31m [ 16%]\u001b[0m\ntests/test_dgm_integration.py::TestArchiveIntegration::test_archive_successful_pattern_archives_success \u001b[32mPASSED\u001b[0m\u001b[31m [ 16%]\u001b[0m\ntests/test_dgm_integration.py::TestEvolutionCycleDryRun::test_basic_cycle_execution \u001b[32mPASSED\u001b[0m\u001b[31m [ 16%]\u001b[0m\ntests/test_dgm_integration.py::TestEvolutionCycleDryRun::test_cycle_increments_counters \u001b[32mPASSED\u001b[0m\u001b[31m [ 16%]\u001b[0m\ntests/test_dgm_integration.py::TestEvolutionCycleDryRun::test_cycle_uses_parent_lineage \u001b[32mPASSED\u001b[0m\u001b[31m [ 17%]\u001b[0m\ntests/test_dgm_integration.py::TestEvolutionCycleDryRun::test_cycle_rejects_failed_gates \u001b[32mPASSED\u001b[0m\u001b[31m [ 17%]\u001b[0m\ntests/test_dgm_integration.py::TestEvolutionCycleDryRun::test_cycle_rejects_no_improvement \u001b[32mPASSED\u001b[0m\u001b[31m [ 17%]\u001b[0m\ntests/test_dgm_integration.py::TestEvolutionCycleDryRun::test_cycle_handles_orchestrator_error \u001b[32mPASSED\u001b[0m\u001b[31m [ 17%]\u001b[0m\ntests/test_dgm_integration.py::TestEvolutionCycleDryRun::test_dry_run_sets_status \u001b[32mPASSED\u001b[0m\u001b[31m [ 17%]\u001b[0m\ntests/test_dgm_integration.py::TestDharmicGates::test_passes_all_required_gates \u001b[32mPASSED\u001b[0m\u001b[31m [ 17%]\u001b[0m\ntests/test_dgm_integration.py::TestDharmicGates::test_fails_missing_ahimsa \u001b[32mPASSED\u001b[0m\u001b[31m [ 18%]\u001b[0m\ntests/test_dgm_integration.py::TestDharmicGates::test_fails_missing_consent \u001b[32mPASSED\u001b[0m\u001b[31m [ 18%]\u001b[0m\ntests/test_dgm_integration.py::TestDharmicGates::test_required_gates_from_dgm \u001b[32mPASSED\u001b[0m\u001b[31m [ 18%]\u001b[0m\ntests/test_dgm_integration.py::TestBridgeStatus::test_initial_status \u001b[32mPASSED\u001b[0m\u001b[31m [ 18%]\u001b[0m\ntests/test_dgm_integration.py::TestBridgeStatus::test_status_after_activity \u001b[32mPASSED\u001b[0m\u001b[31m [ 18%]\u001b[0m\ntests/test_dgm_integration.py::TestEvolutionLoop::test_loop_executes_multiple_cycles \u001b[32mPASSED\u001b[0m\u001b[31m [ 18%]\u001b[0m\ntests/test_dgm_integration.py::TestEvolutionLoop::test_loop_early_stops_on_no_improvement \u001b[32mPASSED\u001b[0m\u001b[31m [ 19%]\u001b[0m\ntests/test_dgm_integration.py::TestConvenienceFunction::test_evolve_with_swarm_dry_run \u001b[32mPASSED\u001b[0m\u001b[31m [ 19%]\u001b[0m\ntests/test_dgm_integration.py::TestEdgeCases::test_proposal_with_empty_component \u001b[32mPASSED\u001b[0m\u001b[31m [ 19%]\u001b[0m\ntests/test_dgm_integration.py::TestEdgeCases::test_workflow_result_with_empty_metrics \u001b[32mPASSED\u001b[0m\u001b[31m [ 19%]\u001b[0m\ntests/test_dgm_integration.py::TestEdgeCases::test_archive_persists_to_disk \u001b[32mPASSED\u001b[0m\u001b[31m [ 19%]\u001b[0m\ntests/test_dgm_orchestrator.py::TestVoteDecision::test_values \u001b[32mPASSED\u001b[0m\u001b[31m     [ 19%]\u001b[0m\ntests/test_dgm_orchestrator.py::TestImprovementStatus::test_all_statuses \u001b[32mPASSED\u001b[0m\u001b[31m [ 20%]\u001b[0m\ntests/test_dgm_orchestrator.py::TestVote::test_create_vote \u001b[32mPASSED\u001b[0m\u001b[31m        [ 20%]\u001b[0m\ntests/test_dgm_orchestrator.py::TestVote::test_vote_with_custom_timestamp \u001b[32mPASSED\u001b[0m\u001b[31m [ 20%]\u001b[0m\ntests/test_dgm_orchestrator.py::TestVotingResult::test_approval_rate_all_approve \u001b[32mPASSED\u001b[0m\u001b[31m [ 20%]\u001b[0m\ntests/test_dgm_orchestrator.py::TestVotingResult::test_approval_rate_with_abstains \u001b[32mPASSED\u001b[0m\u001b[31m [ 20%]\u001b[0m\ntests/test_dgm_orchestrator.py::TestVotingResult::test_approval_rate_all_abstain \u001b[32mPASSED\u001b[0m\u001b[31m [ 20%]\u001b[0m\ntests/test_dgm_orchestrator.py::TestMutationProposal::test_create_proposal \u001b[32mPASSED\u001b[0m\u001b[31m [ 21%]\u001b[0m\ntests/test_dgm_orchestrator.py::TestComponentMetrics::test_fitness_trend_improving \u001b[32mPASSED\u001b[0m\u001b[31m [ 21%]\u001b[0m\ntests/test_dgm_orchestrator.py::TestComponentMetrics::test_fitness_trend_declining \u001b[32mPASSED\u001b[0m\u001b[31m [ 21%]\u001b[0m\ntests/test_dgm_orchestrator.py::TestComponentMetrics::test_fitness_trend_stable \u001b[32mPASSED\u001b[0m\u001b[31m [ 21%]\u001b[0m\ntests/test_dgm_orchestrator.py::TestComponentMetrics::test_fitness_trend_insufficient_data \u001b[32mPASSED\u001b[0m\u001b[31m [ 21%]\u001b[0m\ntests/test_dgm_orchestrator.py::TestComponentMetrics::test_success_rate \u001b[32mPASSED\u001b[0m\u001b[31m [ 21%]\u001b[0m\ntests/test_dgm_orchestrator.py::TestComponentMetrics::test_success_rate_no_attempts \u001b[32mPASSED\u001b[0m\u001b[31m [ 21%]\u001b[0m\ntests/test_dgm_orchestrator.py::TestImprovementResult::test_to_dict \u001b[32mPASSED\u001b[0m\u001b[31m [ 22%]\u001b[0m\ntests/test_dgm_orchestrator.py::TestMutator::test_init \u001b[32mPASSED\u001b[0m\u001b[31m            [ 22%]\u001b[0m\ntests/test_dgm_orchestrator.py::TestMutator::test_propose_improvement \u001b[32mPASSED\u001b[0m\u001b[31m [ 22%]\u001b[0m\ntests/test_dgm_orchestrator.py::TestMutator::test_propose_with_focus \u001b[32mPASSED\u001b[0m\u001b[31m [ 22%]\u001b[0m\ntests/test_dgm_orchestrator.py::TestMutator::test_select_mutation_type_large_file \u001b[32mPASSED\u001b[0m\u001b[31m [ 22%]\u001b[0m\ntests/test_dgm_orchestrator.py::TestMutator::test_select_mutation_type_with_todo \u001b[32mPASSED\u001b[0m\u001b[31m [ 22%]\u001b[0m\ntests/test_dgm_orchestrator.py::TestMutator::test_generate_id_uniqueness \u001b[32mPASSED\u001b[0m\u001b[31m [ 23%]\u001b[0m\ntests/test_dgm_orchestrator.py::TestVotingSwarm::test_init_defaults \u001b[32mPASSED\u001b[0m\u001b[31m [ 23%]\u001b[0m\ntests/test_dgm_orchestrator.py::TestVotingSwarm::test_custom_threshold \u001b[32mPASSED\u001b[0m\u001b[31m [ 23%]\u001b[0m\ntests/test_dgm_orchestrator.py::TestVotingSwarm::test_vote_on_proposal_structure \u001b[32mPASSED\u001b[0m\u001b[31m [ 23%]\u001b[0m\ntests/test_dgm_orchestrator.py::TestVotingSwarm::test_vote_phases \u001b[32mPASSED\u001b[0m\u001b[31m [ 23%]\u001b[0m\ntests/test_dgm_orchestrator.py::TestVotingSwarm::test_syntax_phase_valid_code \u001b[32mPASSED\u001b[0m\u001b[31m [ 23%]\u001b[0m\ntests/test_dgm_orchestrator.py::TestVotingSwarm::test_syntax_phase_invalid_code \u001b[32mPASSED\u001b[0m\u001b[31m [ 24%]\u001b[0m\ntests/test_dgm_orchestrator.py::TestVotingSwarm::test_aggregate_votes_passing \u001b[32mPASSED\u001b[0m\u001b[31m [ 24%]\u001b[0m\ntests/test_dgm_orchestrator.py::TestVotingSwarm::test_aggregate_votes_failing \u001b[32mPASSED\u001b[0m\u001b[31m [ 24%]\u001b[0m\ntests/test_dgm_orchestrator.py::TestEleganceEvaluator::test_init \u001b[32mPASSED\u001b[0m\u001b[31m  [ 24%]\u001b[0m\ntests/test_dgm_orchestrator.py::TestEleganceEvaluator::test_evaluate_elegant_code \u001b[32mPASSED\u001b[0m\u001b[31m [ 24%]\u001b[0m\ntests/test_dgm_orchestrator.py::TestEleganceEvaluator::test_evaluate_poor_code \u001b[32mPASSED\u001b[0m\u001b[31m [ 24%]\u001b[0m\ntests/test_dgm_orchestrator.py::TestEleganceEvaluator::test_score_clarity_with_docstrings \u001b[32mPASSED\u001b[0m\u001b[31m [ 25%]\u001b[0m\ntests/test_dgm_orchestrator.py::TestEleganceEvaluator::test_score_clarity_with_type_hints \u001b[32mPASSED\u001b[0m\u001b[31m [ 25%]\u001b[0m\ntests/test_dgm_orchestrator.py::TestEleganceEvaluator::test_score_conciseness \u001b[32mPASSED\u001b[0m\u001b[31m [ 25%]\u001b[0m\ntests/test_dgm_orchestrator.py::TestEleganceEvaluator::test_score_composability \u001b[32mPASSED\u001b[0m\u001b[31m [ 25%]\u001b[0m\ntests/test_dgm_orchestrator.py::TestMutationCircuit::test_init \u001b[32mPASSED\u001b[0m\u001b[31m    [ 25%]\u001b[0m\ntests/test_dgm_orchestrator.py::TestMutationCircuit::test_evaluate_valid_code \u001b[32mPASSED\u001b[0m\u001b[31m [ 25%]\u001b[0m\ntests/test_dgm_orchestrator.py::TestMutationCircuit::test_evaluate_invalid_syntax \u001b[32mPASSED\u001b[0m\u001b[31m [ 26%]\u001b[0m\ntests/test_dgm_orchestrator.py::TestMutationCircuit::test_evaluate_all_phases \u001b[32mPASSED\u001b[0m\u001b[31m [ 26%]\u001b[0m\ntests/test_dgm_orchestrator.py::TestAutoPusher::test_init \u001b[32mPASSED\u001b[0m\u001b[31m         [ 26%]\u001b[0m\ntests/test_dgm_orchestrator.py::TestAutoPusher::test_dry_run_commit \u001b[32mPASSED\u001b[0m\u001b[31m [ 26%]\u001b[0m\ntests/test_dgm_orchestrator.py::TestAutoPusher::test_generate_commit_message \u001b[32mPASSED\u001b[0m\u001b[31m [ 26%]\u001b[0m\ntests/test_dgm_orchestrator.py::TestDGMOrchestrator::test_init \u001b[32mPASSED\u001b[0m\u001b[31m    [ 26%]\u001b[0m\ntests/test_dgm_orchestrator.py::TestDGMOrchestrator::test_run_improvement_cycle \u001b[32mPASSED\u001b[0m\u001b[31m [ 27%]\u001b[0m\ntests/test_dgm_orchestrator.py::TestDGMOrchestrator::test_run_improvement_cycle_no_component \u001b[32mPASSED\u001b[0m\u001b[31m [ 27%]\u001b[0m\ntests/test_dgm_orchestrator.py::TestDGMOrchestrator::test_get_status \u001b[32mPASSED\u001b[0m\u001b[31m [ 27%]\u001b[0m\ntests/test_dgm_orchestrator.py::TestDGMOrchestrator::test_score_component_priority \u001b[32mPASSED\u001b[0m\u001b[31m [ 27%]\u001b[0m\ntests/test_dgm_orchestrator.py::TestDGMOrchestrator::test_component_metrics_update \u001b[32mPASSED\u001b[0m\u001b[31m [ 27%]\u001b[0m\ntests/test_dgm_orchestrator.py::TestDGMOrchestrator::test_generate_cycle_id \u001b[32mPASSED\u001b[0m\u001b[31m [ 27%]\u001b[0m\ntests/test_dgm_orchestrator.py::TestDGMOrchestrator::test_stop \u001b[32mPASSED\u001b[0m\u001b[31m    [ 28%]\u001b[0m\ntests/test_dgm_orchestrator.py::TestDGMOrchestrator::test_run_continuous_max_cycles \u001b[32mPASSED\u001b[0m\u001b[31m [ 28%]\u001b[0m\ntests/test_dgm_orchestrator.py::TestArchiveEntryCreation::test_create_archive_entry \u001b[31mFAILED\u001b[0m\u001b[31m [ 28%]\u001b[0m\ntests/test_dgm_orchestrator.py::TestIntegration::test_full_cycle_dry_run \u001b[32mPASSED\u001b[0m\u001b[31m [ 28%]\u001b[0m\ntests/test_dgm_orchestrator.py::TestIntegration::test_multiple_cycles \u001b[32mPASSED\u001b[0m\u001b[31m [ 28%]\u001b[0m\ntests/test_dgm_orchestrator.py::TestCLI::test_main_status \u001b[32mPASSED\u001b[0m\u001b[31m         [ 28%]\u001b[0m\ntests/test_dgm_orchestrator.py::TestCLI::test_argparse_target \u001b[32mPASSED\u001b[0m\u001b[31m     [ 28%]\u001b[0m\ntests/test_dgm_orchestrator.py::TestCLI::test_argparse_continuous \u001b[32mPASSED\u001b[0m\u001b[31m [ 29%]\u001b[0m\ntests/test_dgm_orchestrator.py::TestEdgeCases::test_empty_code \u001b[32mPASSED\u001b[0m\u001b[31m    [ 29%]\u001b[0m\ntests/test_dgm_orchestrator.py::TestEdgeCases::test_invalid_component_path \u001b[32mPASSED\u001b[0m\u001b[31m [ 29%]\u001b[0m\ntests/test_dgm_orchestrator.py::TestEdgeCases::test_voting_all_abstain \u001b[32mPASSED\u001b[0m\u001b[31m [ 29%]\u001b[0m\ntests/test_dgm_orchestrator.py::TestEdgeCases::test_composability_syntax_error \u001b[32mPASSED\u001b[0m\u001b[31m [ 29%]\u001b[0m\ntests/test_dharmic_agent.py::test_agent_initialization \u001b[32mPASSED\u001b[0m\u001b[31m            [ 29%]\u001b[0m\ntests/test_dharmic_agent.py::test_witness_mode_trigger \u001b[32mPASSED\u001b[0m\u001b[31m            [ 30%]\u001b[0m\ntests/test_dharmic_agent.py::test_contemplative_mode_trigger \u001b[32mPASSED\u001b[0m\u001b[31m      [ 30%]\u001b[0m\ntests/test_dharmic_agent.py::test_mode_aware_processing \u001b[32mPASSED\u001b[0m\u001b[31m           [ 30%]\u001b[0m\ntests/test_dharmic_agent.py::test_rv_trajectory_tracking \u001b[32mPASSED\u001b[0m\u001b[31m          [ 30%]\u001b[0m\ntests/test_dharmic_agent.py::test_enhanced_logging \u001b[32mPASSED\u001b[0m\u001b[31m                [ 30%]\u001b[0m\ntests/test_dharmic_agent.py::test_mode_transitions \u001b[32mPASSED\u001b[0m\u001b[31m                [ 30%]\u001b[0m\ntests/test_elegance.py::TestEleganceScore::test_score_clamping \u001b[32mPASSED\u001b[0m\u001b[31m    [ 31%]\u001b[0m\ntests/test_elegance.py::TestEleganceScore::test_default_values \u001b[32mPASSED\u001b[0m\u001b[31m    [ 31%]\u001b[0m\ntests/test_elegance.py::TestComplexityVisitor::test_simple_function \u001b[32mPASSED\u001b[0m\u001b[31m [ 31%]\u001b[0m\ntests/test_elegance.py::TestComplexityVisitor::test_if_statement \u001b[32mPASSED\u001b[0m\u001b[31m  [ 31%]\u001b[0m\ntests/test_elegance.py::TestComplexityVisitor::test_loop_complexity \u001b[32mPASSED\u001b[0m\u001b[31m [ 31%]\u001b[0m\ntests/test_elegance.py::TestComplexityVisitor::test_boolean_operators \u001b[32mPASSED\u001b[0m\u001b[31m [ 31%]\u001b[0m\ntests/test_elegance.py::TestComplexityVisitor::test_comprehension_complexity \u001b[32mPASSED\u001b[0m\u001b[31m [ 32%]\u001b[0m\ntests/test_elegance.py::TestElegantCode::test_small_refactor \u001b[32mPASSED\u001b[0m\u001b[31m      [ 32%]\u001b[0m\ntests/test_elegance.py::TestElegantCode::test_rename_for_clarity \u001b[32mPASSED\u001b[0m\u001b[31m  [ 32%]\u001b[0m\ntests/test_elegance.py::TestElegantCode::test_removed_code \u001b[32mPASSED\u001b[0m\u001b[31m        [ 32%]\u001b[0m\ntests/test_elegance.py::TestBloatedCode::test_massive_addition \u001b[32mPASSED\u001b[0m\u001b[31m    [ 32%]\u001b[0m\ntests/test_elegance.py::TestBloatedCode::test_complexity_explosion \u001b[32mPASSED\u001b[0m\u001b[31m [ 32%]\u001b[0m\ntests/test_elegance.py::TestBloatedCode::test_import_bloat \u001b[32mPASSED\u001b[0m\u001b[31m        [ 33%]\u001b[0m\ntests/test_elegance.py::TestBloatedCode::test_copy_paste_duplication \u001b[32mPASSED\u001b[0m\u001b[31m [ 33%]\u001b[0m\ntests/test_elegance.py::TestBloatedCode::test_poor_naming \u001b[32mPASSED\u001b[0m\u001b[31m         [ 33%]\u001b[0m\ntests/test_elegance.py::TestThresholds::test_reject_threshold \u001b[32mPASSED\u001b[0m\u001b[31m     [ 33%]\u001b[0m\ntests/test_elegance.py::TestThresholds::test_100_line_threshold_with_tests \u001b[32mPASSED\u001b[0m\u001b[31m [ 33%]\u001b[0m\ntests/test_elegance.py::TestEdgeCases::test_empty_original \u001b[32mPASSED\u001b[0m\u001b[31m        [ 33%]\u001b[0m\ntests/test_elegance.py::TestEdgeCases::test_empty_modified \u001b[32mPASSED\u001b[0m\u001b[31m        [ 34%]\u001b[0m\ntests/test_elegance.py::TestEdgeCases::test_invalid_syntax \u001b[32mPASSED\u001b[0m\u001b[31m        [ 34%]\u001b[0m\ntests/test_elegance.py::TestEdgeCases::test_both_empty \u001b[32mPASSED\u001b[0m\u001b[31m            [ 34%]\u001b[0m\ntests/test_elegance.py::TestEdgeCases::test_whitespace_only \u001b[32mPASSED\u001b[0m\u001b[31m       [ 34%]\u001b[0m\ntests/test_elegance.py::TestCreateDiff::test_creates_unified_diff \u001b[32mPASSED\u001b[0m\u001b[31m [ 34%]\u001b[0m\ntests/test_elegance.py::TestCreateDiff::test_empty_diff_for_identical \u001b[32mPASSED\u001b[0m\u001b[31m [ 34%]\u001b[0m\ntests/test_elegance.py::TestConvenienceFunction::test_auto_generates_diff \u001b[32mPASSED\u001b[0m\u001b[31m [ 35%]\u001b[0m\ntests/test_elegance.py::TestConvenienceFunction::test_accepts_custom_diff \u001b[32mPASSED\u001b[0m\u001b[31m [ 35%]\u001b[0m\ntests/test_email_daemon.py::TestEmailConfig::test_initialization_with_env_vars \u001b[32mPASSED\u001b[0m\u001b[31m [ 35%]\u001b[0m\ntests/test_email_daemon.py::TestEmailConfig::test_missing_credentials_raises_error \u001b[32mPASSED\u001b[0m\u001b[31m [ 35%]\u001b[0m\ntests/test_email_daemon.py::TestEmailConfig::test_default_ports \u001b[32mPASSED\u001b[0m\u001b[31m   [ 35%]\u001b[0m\ntests/test_email_daemon.py::TestEmailDaemon::test_initialization \u001b[32mPASSED\u001b[0m\u001b[31m  [ 35%]\u001b[0m\ntests/test_email_daemon.py::TestEmailDaemon::test_connect_imap_ssl \u001b[32mPASSED\u001b[0m\u001b[31m [ 35%]\u001b[0m\ntests/test_email_daemon.py::TestEmailDaemon::test_connect_imap_localhost \u001b[32mPASSED\u001b[0m\u001b[31m [ 36%]\u001b[0m\ntests/test_email_daemon.py::TestEmailDaemon::test_fetch_unread \u001b[32mPASSED\u001b[0m\u001b[31m    [ 36%]\u001b[0m\ntests/test_email_daemon.py::TestEmailDaemon::test_fetch_unread_with_whitelist \u001b[32mPASSED\u001b[0m\u001b[31m [ 36%]\u001b[0m\ntests/test_email_daemon.py::TestEmailDaemon::test_send_response \u001b[32mPASSED\u001b[0m\u001b[31m   [ 36%]\u001b[0m\ntests/test_email_daemon.py::TestEmailDaemon::test_process_message_with_agent \u001b[32mPASSED\u001b[0m\u001b[31m [ 36%]\u001b[0m\ntests/test_email_daemon.py::TestEmailDaemon::test_daemon_lifecycle \u001b[32mPASSED\u001b[0m\u001b[31m [ 36%]\u001b[0m\ntests/test_email_daemon.py::TestEmailDaemonIntegration::test_processed_ids_tracking \u001b[32mPASSED\u001b[0m\u001b[31m [ 37%]\u001b[0m\ntests/test_email_daemon.py::TestEmailDaemonIntegration::test_log_directory_created \u001b[32mPASSED\u001b[0m\u001b[31m [ 37%]\u001b[0m\ntests/test_email_daemon.py::TestEmailDaemonIntegration::test_poll_interval_configurable \u001b[32mPASSED\u001b[0m\u001b[31m [ 37%]\u001b[0m\ntests/test_kimi_reviewer.py::TestKimiReview::test_create_basic_review \u001b[32mPASSED\u001b[0m\u001b[31m [ 37%]\u001b[0m\ntests/test_kimi_reviewer.py::TestKimiReview::test_review_with_issues \u001b[32mPASSED\u001b[0m\u001b[31m [ 37%]\u001b[0m\ntests/test_kimi_reviewer.py::TestKimiReview::test_confidence_bounds \u001b[32mPASSED\u001b[0m\u001b[31m [ 37%]\u001b[0m\ntests/test_kimi_reviewer.py::TestKimiReview::test_to_dict \u001b[32mPASSED\u001b[0m\u001b[31m         [ 38%]\u001b[0m\ntests/test_kimi_reviewer.py::TestKimiReview::test_from_dict \u001b[32mPASSED\u001b[0m\u001b[31m       [ 38%]\u001b[0m\ntests/test_kimi_reviewer.py::TestKimiReview::test_summary \u001b[32mPASSED\u001b[0m\u001b[31m         [ 38%]\u001b[0m\ntests/test_kimi_reviewer.py::TestKimiReview::test_severity_score_calculation \u001b[32mPASSED\u001b[0m\u001b[31m [ 38%]\u001b[0m\ntests/test_kimi_reviewer.py::TestMutationProposal::test_create_basic_proposal \u001b[32mPASSED\u001b[0m\u001b[31m [ 38%]\u001b[0m\ntests/test_kimi_reviewer.py::TestMutationProposal::test_from_voting_proposal \u001b[32mPASSED\u001b[0m\u001b[31m [ 38%]\u001b[0m\ntests/test_kimi_reviewer.py::TestMutationProposal::test_from_mutator_proposal \u001b[32mPASSED\u001b[0m\u001b[31m [ 39%]\u001b[0m\ntests/test_kimi_reviewer.py::TestContextGatherer::test_gather_context_includes_target \u001b[32mPASSED\u001b[0m\u001b[31m [ 39%]\u001b[0m\ntests/test_kimi_reviewer.py::TestContextGatherer::test_gather_context_finds_tests \u001b[32mPASSED\u001b[0m\u001b[31m [ 39%]\u001b[0m\ntests/test_kimi_reviewer.py::TestContextGatherer::test_gather_context_respects_max_chars \u001b[32mPASSED\u001b[0m\u001b[31m [ 39%]\u001b[0m\ntests/test_kimi_reviewer.py::TestContextGatherer::test_find_siblings \u001b[32mPASSED\u001b[0m\u001b[31m [ 39%]\u001b[0m\ntests/test_kimi_reviewer.py::TestContextGatherer::test_resolve_path_absolute \u001b[32mPASSED\u001b[0m\u001b[31m [ 39%]\u001b[0m\ntests/test_kimi_reviewer.py::TestContextGatherer::test_resolve_path_relative \u001b[32mPASSED\u001b[0m\u001b[31m [ 40%]\u001b[0m\ntests/test_kimi_reviewer.py::TestContextGatherer::test_nonexistent_file_returns_empty \u001b[32mPASSED\u001b[0m\u001b[31m [ 40%]\u001b[0m\ntests/test_kimi_reviewer.py::TestKimiReviewer::test_init_with_api_key \u001b[32mPASSED\u001b[0m\u001b[31m [ 40%]\u001b[0m\ntests/test_kimi_reviewer.py::TestKimiReviewer::test_init_from_env \u001b[32mPASSED\u001b[0m\u001b[31m [ 40%]\u001b[0m\ntests/test_kimi_reviewer.py::TestKimiReviewer::test_build_review_prompt \u001b[32mPASSED\u001b[0m\u001b[31m [ 40%]\u001b[0m\ntests/test_kimi_reviewer.py::TestKimiReviewer::test_parse_valid_json_response \u001b[32mPASSED\u001b[0m\u001b[31m [ 40%]\u001b[0m\ntests/test_kimi_reviewer.py::TestKimiReviewer::test_parse_raw_json_response \u001b[32mPASSED\u001b[0m\u001b[31m [ 41%]\u001b[0m\ntests/test_kimi_reviewer.py::TestKimiReviewer::test_parse_invalid_response \u001b[32mPASSED\u001b[0m\u001b[31m [ 41%]\u001b[0m\ntests/test_kimi_reviewer.py::TestKimiReviewer::test_call_clawdbot \u001b[32mPASSED\u001b[0m\u001b[31m [ 41%]\u001b[0m\ntests/test_kimi_reviewer.py::TestKimiReviewer::test_call_clawdbot_failure \u001b[32mPASSED\u001b[0m\u001b[31m [ 41%]\u001b[0m\ntests/test_kimi_reviewer.py::TestKimiReviewer::test_review_mutation_full_flow \u001b[32mPASSED\u001b[0m\u001b[31m [ 41%]\u001b[0m\ntests/test_kimi_reviewer.py::TestKimiReviewer::test_quick_review \u001b[32mPASSED\u001b[0m\u001b[31m  [ 41%]\u001b[0m\ntests/test_kimi_reviewer.py::TestFactoryFunctions::test_create_reviewer \u001b[32mPASSED\u001b[0m\u001b[31m [ 42%]\u001b[0m\ntests/test_kimi_reviewer.py::TestFactoryFunctions::test_review_file_change \u001b[32mPASSED\u001b[0m\u001b[31m [ 42%]\u001b[0m\ntests/test_kimi_reviewer.py::TestIntegration::test_gather_context_on_real_file \u001b[32mPASSED\u001b[0m\u001b[31m [ 42%]\u001b[0m\ntests/test_kimi_reviewer.py::TestIntegration::test_reviewer_initialization_with_real_project \u001b[32mPASSED\u001b[0m\u001b[31m [ 42%]\u001b[0m\ntests/test_kimi_reviewer.py::TestEdgeCases::test_empty_diff \u001b[32mPASSED\u001b[0m\u001b[31m       [ 42%]\u001b[0m\ntests/test_kimi_reviewer.py::TestEdgeCases::test_very_large_context \u001b[32mPASSED\u001b[0m\u001b[31m [ 42%]\u001b[0m\ntests/test_kimi_reviewer.py::TestEdgeCases::test_binary_file_handling \u001b[32mPASSED\u001b[0m\u001b[31m [ 42%]\u001b[0m\ntests/test_kimi_reviewer.py::TestEdgeCases::test_circular_imports \u001b[32mPASSED\u001b[0m\u001b[31m [ 43%]\u001b[0m\ntests/test_memory.py::TestStrangeLoopMemoryLayers::test_all_layers_initialized \u001b[32mPASSED\u001b[0m\u001b[31m [ 43%]\u001b[0m\ntests/test_memory.py::TestStrangeLoopMemoryLayers::test_observations_layer \u001b[32mPASSED\u001b[0m\u001b[31m [ 43%]\u001b[0m\ntests/test_memory.py::TestStrangeLoopMemoryLayers::test_meta_observations_layer \u001b[32mPASSED\u001b[0m\u001b[31m [ 43%]\u001b[0m\ntests/test_memory.py::TestStrangeLoopMemoryLayers::test_patterns_layer \u001b[32mPASSED\u001b[0m\u001b[31m [ 43%]\u001b[0m\ntests/test_memory.py::TestStrangeLoopMemoryLayers::test_meta_patterns_layer \u001b[32mPASSED\u001b[0m\u001b[31m [ 43%]\u001b[0m\ntests/test_memory.py::TestStrangeLoopMemoryLayers::test_development_layer \u001b[32mPASSED\u001b[0m\u001b[31m [ 44%]\u001b[0m\ntests/test_memory.py::TestMemoryPersistence::test_observations_persist \u001b[32mPASSED\u001b[0m\u001b[31m [ 44%]\u001b[0m\ntests/test_memory.py::TestMemoryPersistence::test_all_layers_persist \u001b[32mPASSED\u001b[0m\u001b[31m [ 44%]\u001b[0m\ntests/test_memory.py::TestMemoryPersistence::test_jsonl_format \u001b[32mPASSED\u001b[0m\u001b[31m    [ 44%]\u001b[0m\ntests/test_memory.py::TestPatternDetection::test_detect_patterns_basic \u001b[32mPASSED\u001b[0m\u001b[31m [ 44%]\u001b[0m\ntests/test_memory.py::TestPatternDetection::test_detect_patterns_min_occurrences \u001b[32mPASSED\u001b[0m\u001b[31m [ 44%]\u001b[0m\ntests/test_memory.py::TestPatternDetection::test_detect_patterns_timestamps \u001b[32mPASSED\u001b[0m\u001b[31m [ 45%]\u001b[0m\ntests/test_memory.py::TestContextSummary::test_empty_context_summary \u001b[32mPASSED\u001b[0m\u001b[31m [ 45%]\u001b[0m\ntests/test_memory.py::TestContextSummary::test_context_summary_with_data \u001b[32mPASSED\u001b[0m\u001b[31m [ 45%]\u001b[0m\ntests/test_memory.py::TestContextSummary::test_context_summary_depth_limit \u001b[32mPASSED\u001b[0m\u001b[31m [ 45%]\u001b[0m\ntests/test_memory.py::TestMemoryReadWrite::test_append_creates_timestamp \u001b[32mPASSED\u001b[0m\u001b[31m [ 45%]\u001b[0m\ntests/test_memory.py::TestMemoryReadWrite::test_read_recent_limit \u001b[32mPASSED\u001b[0m\u001b[31m [ 45%]\u001b[0m\ntests/test_memory.py::TestMemoryReadWrite::test_read_recent_from_empty \u001b[32mPASSED\u001b[0m\u001b[31m [ 46%]\u001b[0m\ntests/test_memory.py::TestMemoryReadWrite::test_read_recent_more_than_available \u001b[32mPASSED\u001b[0m\u001b[31m [ 46%]\u001b[0m\ntests/test_memory.py::TestWitnessStabilityTracker::test_witness_tracker_initialized \u001b[32mPASSED\u001b[0m\u001b[31m [ 46%]\u001b[0m\ntests/test_memory.py::TestWitnessStabilityTracker::test_meta_observation_records_to_tracker \u001b[32mPASSED\u001b[0m\u001b[31m [ 46%]\u001b[0m\ntests/test_memory.py::TestWitnessStabilityTracker::test_get_witness_status \u001b[32mPASSED\u001b[0m\u001b[31m [ 46%]\u001b[0m\ntests/test_memory.py::TestWitnessStabilityTracker::test_get_witness_summary \u001b[32mPASSED\u001b[0m\u001b[31m [ 46%]\u001b[0m\ntests/test_mutator.py::TestForbiddenFileDetection::test_env_files_are_forbidden \u001b[32mPASSED\u001b[0m\u001b[31m [ 47%]\u001b[0m\ntests/test_mutator.py::TestForbiddenFileDetection::test_secrets_files_are_forbidden \u001b[32mPASSED\u001b[0m\u001b[31m [ 47%]\u001b[0m\ntests/test_mutator.py::TestForbiddenFileDetection::test_credentials_are_forbidden \u001b[32mPASSED\u001b[0m\u001b[31m [ 47%]\u001b[0m\ntests/test_mutator.py::TestForbiddenFileDetection::test_keys_are_forbidden \u001b[32mPASSED\u001b[0m\u001b[31m [ 47%]\u001b[0m\ntests/test_mutator.py::TestForbiddenFileDetection::test_normal_files_are_allowed \u001b[32mPASSED\u001b[0m\u001b[31m [ 47%]\u001b[0m\ntests/test_mutator.py::TestMutationProposal::test_creation \u001b[32mPASSED\u001b[0m\u001b[31m        [ 47%]\u001b[0m\ntests/test_mutator.py::TestMutationProposal::test_to_dict \u001b[32mPASSED\u001b[0m\u001b[31m         [ 48%]\u001b[0m\ntests/test_mutator.py::TestMutationProposal::test_from_dict \u001b[32mPASSED\u001b[0m\u001b[31m       [ 48%]\u001b[0m\ntests/test_mutator.py::TestMutationProposal::test_from_dict_with_missing_fields \u001b[32mPASSED\u001b[0m\u001b[31m [ 48%]\u001b[0m\ntests/test_mutator.py::TestProposalValidation::test_safe_proposal_passes \u001b[32mPASSED\u001b[0m\u001b[31m [ 48%]\u001b[0m\ntests/test_mutator.py::TestProposalValidation::test_forbidden_file_in_affected_files_fails \u001b[32mPASSED\u001b[0m\u001b[31m [ 48%]\u001b[0m\ntests/test_mutator.py::TestProposalValidation::test_forbidden_pattern_in_diff_fails \u001b[32mPASSED\u001b[0m\u001b[31m [ 48%]\u001b[0m\ntests/test_mutator.py::TestProposalValidation::test_multiple_safe_files_pass \u001b[32mPASSED\u001b[0m\u001b[31m [ 49%]\u001b[0m\ntests/test_mutator.py::TestPromptBuilding::test_prompt_includes_component_content \u001b[32mPASSED\u001b[0m\u001b[31m [ 49%]\u001b[0m\ntests/test_mutator.py::TestPromptBuilding::test_prompt_includes_parent_fitness \u001b[32mPASSED\u001b[0m\u001b[31m [ 49%]\u001b[0m\ntests/test_mutator.py::TestPromptBuilding::test_prompt_includes_recent_failures \u001b[32mPASSED\u001b[0m\u001b[31m [ 49%]\u001b[0m\ntests/test_mutator.py::TestPromptBuilding::test_prompt_includes_telos \u001b[32mPASSED\u001b[0m\u001b[31m [ 49%]\u001b[0m\ntests/test_mutator.py::TestPromptBuilding::test_prompt_includes_focus \u001b[32mPASSED\u001b[0m\u001b[31m [ 49%]\u001b[0m\ntests/test_mutator.py::TestResponseParsing::test_parse_json_response \u001b[32mPASSED\u001b[0m\u001b[31m [ 50%]\u001b[0m\ntests/test_mutator.py::TestResponseParsing::test_parse_markdown_wrapped_json \u001b[32mPASSED\u001b[0m\u001b[31m [ 50%]\u001b[0m\ntests/test_mutator.py::TestResponseParsing::test_parse_invalid_json_raises_error \u001b[32mPASSED\u001b[0m\u001b[31m [ 50%]\u001b[0m\ntests/test_mutator.py::TestMutationFlow::test_propose_mutation_success \u001b[32mPASSED\u001b[0m\u001b[31m [ 50%]\u001b[0m\ntests/test_mutator.py::TestMutationFlow::test_propose_mutation_rejects_forbidden_component \u001b[32mPASSED\u001b[0m\u001b[31m [ 50%]\u001b[0m\ntests/test_mutator.py::TestMutationFlow::test_propose_mutation_validates_response \u001b[32mPASSED\u001b[0m\u001b[31m [ 50%]\u001b[0m\ntests/test_mutator.py::TestMutationFlow::test_propose_mutation_nonexistent_component \u001b[31mFAILED\u001b[0m\u001b[31m [ 50%]\u001b[0m\ntests/test_mutator.py::TestMultiMutation::test_propose_multi_mutation \u001b[32mPASSED\u001b[0m\u001b[31m [ 51%]\u001b[0m\ntests/test_mutator.py::TestMultiMutation::test_multi_mutation_skips_forbidden \u001b[32mPASSED\u001b[0m\u001b[31m [ 51%]\u001b[0m\ntests/test_mutator.py::TestErrorHandling::test_claude_timeout_raises_error \u001b[31mFAILED\u001b[0m\u001b[31m [ 51%]\u001b[0m\ntests/test_mutator.py::TestErrorHandling::test_claude_not_found_raises_error \u001b[31mFAILED\u001b[0m\u001b[31m [ 51%]\u001b[0m\ntests/test_mutator.py::TestErrorHandling::test_claude_error_raises_mutation_error \u001b[31mFAILED\u001b[0m\u001b[31m [ 51%]\u001b[0m\ntests/test_mutator.py::TestConvenienceFunction::test_convenience_function \u001b[32mPASSED\u001b[0m\u001b[31m [ 51%]\u001b[0m\ntests/test_psmv_rlm.py::TestPSMVLoader::test_load_returns_index \u001b[32mPASSED\u001b[0m\u001b[31m   [ 52%]\u001b[0m\ntests/test_psmv_rlm.py::TestPSMVLoader::test_file_count \u001b[32mPASSED\u001b[0m\u001b[31m           [ 52%]\u001b[0m\ntests/test_psmv_rlm.py::TestPSMVLoader::test_crown_jewels_identified \u001b[32mPASSED\u001b[0m\u001b[31m [ 52%]\u001b[0m\ntests/test_psmv_rlm.py::TestPSMVLoader::test_directories_collected \u001b[32mPASSED\u001b[0m\u001b[31m [ 52%]\u001b[0m\ntests/test_psmv_rlm.py::TestPSMVLoader::test_hidden_files_excluded \u001b[32mPASSED\u001b[0m\u001b[31m [ 52%]\u001b[0m\ntests/test_psmv_rlm.py::TestPSMVLoader::test_file_metadata \u001b[32mPASSED\u001b[0m\u001b[31m        [ 52%]\u001b[0m\ntests/test_psmv_rlm.py::TestPSMVLoader::test_tags_extracted \u001b[32mPASSED\u001b[0m\u001b[31m       [ 53%]\u001b[0m\ntests/test_psmv_rlm.py::TestPSMVLoader::test_reload_updates_index \u001b[32mPASSED\u001b[0m\u001b[31m [ 53%]\u001b[0m\ntests/test_psmv_rlm.py::TestREPLFunctions::test_list_files_all \u001b[32mPASSED\u001b[0m\u001b[31m    [ 53%]\u001b[0m\ntests/test_psmv_rlm.py::TestREPLFunctions::test_list_files_pattern \u001b[32mPASSED\u001b[0m\u001b[31m [ 53%]\u001b[0m\ntests/test_psmv_rlm.py::TestREPLFunctions::test_list_files_extension \u001b[32mPASSED\u001b[0m\u001b[31m [ 53%]\u001b[0m\ntests/test_psmv_rlm.py::TestREPLFunctions::test_list_dirs \u001b[32mPASSED\u001b[0m\u001b[31m         [ 53%]\u001b[0m\ntests/test_psmv_rlm.py::TestREPLFunctions::test_list_crown_jewels \u001b[32mPASSED\u001b[0m\u001b[31m [ 54%]\u001b[0m\ntests/test_psmv_rlm.py::TestREPLFunctions::test_get_file_info \u001b[32mPASSED\u001b[0m\u001b[31m     [ 54%]\u001b[0m\ntests/test_psmv_rlm.py::TestREPLFunctions::test_get_file_info_not_found \u001b[32mPASSED\u001b[0m\u001b[31m [ 54%]\u001b[0m\ntests/test_psmv_rlm.py::TestREPLFunctions::test_read_file \u001b[32mPASSED\u001b[0m\u001b[31m         [ 54%]\u001b[0m\ntests/test_psmv_rlm.py::TestREPLFunctions::test_read_file_by_name \u001b[32mPASSED\u001b[0m\u001b[31m [ 54%]\u001b[0m\ntests/test_psmv_rlm.py::TestREPLFunctions::test_read_file_not_found \u001b[32mPASSED\u001b[0m\u001b[31m [ 54%]\u001b[0m\ntests/test_psmv_rlm.py::TestREPLFunctions::test_search_content \u001b[32mPASSED\u001b[0m\u001b[31m    [ 55%]\u001b[0m\ntests/test_psmv_rlm.py::TestREPLFunctions::test_search_content_with_pattern \u001b[32mPASSED\u001b[0m\u001b[31m [ 55%]\u001b[0m\ntests/test_psmv_rlm.py::TestREPLFunctions::test_search_regex \u001b[32mPASSED\u001b[0m\u001b[31m      [ 55%]\u001b[0m\ntests/test_psmv_rlm.py::TestREPLFunctions::test_get_stats \u001b[32mPASSED\u001b[0m\u001b[31m         [ 55%]\u001b[0m\ntests/test_psmv_rlm.py::TestREPLFunctions::test_files_by_tag \u001b[32mPASSED\u001b[0m\u001b[31m      [ 55%]\u001b[0m\ntests/test_psmv_rlm.py::TestREPLFunctions::test_recent_files \u001b[32mPASSED\u001b[0m\u001b[31m      [ 55%]\u001b[0m\ntests/test_psmv_rlm.py::TestPSMVQueryEngine::test_code_extraction_python_block \u001b[32mPASSED\u001b[0m\u001b[31m [ 56%]\u001b[0m\ntests/test_psmv_rlm.py::TestPSMVQueryEngine::test_code_extraction_generic_block \u001b[32mPASSED\u001b[0m\u001b[31m [ 56%]\u001b[0m\ntests/test_psmv_rlm.py::TestPSMVQueryEngine::test_code_extraction_inline \u001b[32mPASSED\u001b[0m\u001b[31m [ 56%]\u001b[0m\ntests/test_psmv_rlm.py::TestPSMVQueryEngine::test_loader_initialization \u001b[32mPASSED\u001b[0m\u001b[31m [ 56%]\u001b[0m\ntests/test_psmv_rlm.py::TestPSMVQueryEngine::test_build_env \u001b[32mPASSED\u001b[0m\u001b[31m       [ 56%]\u001b[0m\ntests/test_psmv_rlm.py::TestConvenienceFunctions::test_quick_search \u001b[32mPASSED\u001b[0m\u001b[31m [ 56%]\u001b[0m\ntests/test_psmv_rlm.py::TestConvenienceFunctions::test_get_vault_stats \u001b[32mPASSED\u001b[0m\u001b[31m [ 57%]\u001b[0m\ntests/test_psmv_rlm.py::TestPSMVFile::test_repr \u001b[32mPASSED\u001b[0m\u001b[31m                   [ 57%]\u001b[0m\ntests/test_psmv_rlm.py::TestPSMVFile::test_modified_dt \u001b[32mPASSED\u001b[0m\u001b[31m            [ 57%]\u001b[0m\ntests/test_psmv_rlm.py::test_real_vault_if_exists \u001b[32mPASSED\u001b[0m\u001b[31m                 [ 57%]\u001b[0m\ntests/test_rlm_adapter.py::TestREPLEnvironment::test_basic_execution \u001b[32mPASSED\u001b[0m\u001b[31m [ 57%]\u001b[0m\ntests/test_rlm_adapter.py::TestREPLEnvironment::test_context_access \u001b[32mPASSED\u001b[0m\u001b[31m [ 57%]\u001b[0m\ntests/test_rlm_adapter.py::TestREPLEnvironment::test_variable_persistence \u001b[32mPASSED\u001b[0m\u001b[31m [ 57%]\u001b[0m\ntests/test_rlm_adapter.py::TestREPLEnvironment::test_final_function \u001b[32mPASSED\u001b[0m\u001b[31m [ 58%]\u001b[0m\ntests/test_rlm_adapter.py::TestREPLEnvironment::test_final_var_function \u001b[32mPASSED\u001b[0m\u001b[31m [ 58%]\u001b[0m\ntests/test_rlm_adapter.py::TestREPLEnvironment::test_final_var_not_found \u001b[32mPASSED\u001b[0m\u001b[31m [ 58%]\u001b[0m\ntests/test_rlm_adapter.py::TestREPLEnvironment::test_show_vars \u001b[32mPASSED\u001b[0m\u001b[31m    [ 58%]\u001b[0m\ntests/test_rlm_adapter.py::TestREPLEnvironment::test_recursive_llm_function \u001b[32mPASSED\u001b[0m\u001b[31m [ 58%]\u001b[0m\ntests/test_rlm_adapter.py::TestREPLEnvironment::test_standard_library_access \u001b[32mPASSED\u001b[0m\u001b[31m [ 58%]\u001b[0m\ntests/test_rlm_adapter.py::TestREPLEnvironment::test_code_extraction_repl_block \u001b[32mPASSED\u001b[0m\u001b[31m [ 59%]\u001b[0m\ntests/test_rlm_adapter.py::TestREPLEnvironment::test_code_extraction_python_block \u001b[32mPASSED\u001b[0m\u001b[31m [ 59%]\u001b[0m\ntests/test_rlm_adapter.py::TestREPLEnvironment::test_output_truncation \u001b[32mPASSED\u001b[0m\u001b[31m [ 59%]\u001b[0m\ntests/test_rlm_adapter.py::TestREPLEnvironment::test_error_handling \u001b[32mPASSED\u001b[0m\u001b[31m [ 59%]\u001b[0m\ntests/test_rlm_adapter.py::TestREPLEnvironment::test_safe_builtins_blocks_dangerous \u001b[32mPASSED\u001b[0m\u001b[31m [ 59%]\u001b[0m\ntests/test_rlm_adapter.py::TestRLMConfig::test_default_values \u001b[32mPASSED\u001b[0m\u001b[31m     [ 59%]\u001b[0m\ntests/test_rlm_adapter.py::TestRLMConfig::test_custom_values \u001b[32mPASSED\u001b[0m\u001b[31m      [ 60%]\u001b[0m\ntests/test_rlm_adapter.py::TestRLMConfig::test_recursive_model_default \u001b[32mPASSED\u001b[0m\u001b[31m [ 60%]\u001b[0m\ntests/test_rlm_adapter.py::TestRLMAdapterMocked::test_simple_completion \u001b[32mPASSED\u001b[0m\u001b[31m [ 60%]\u001b[0m\ntests/test_rlm_adapter.py::TestRLMAdapterMocked::test_final_in_text \u001b[32mPASSED\u001b[0m\u001b[31m [ 60%]\u001b[0m\ntests/test_rlm_adapter.py::TestRLMAdapterMocked::test_final_var_detection \u001b[32mPASSED\u001b[0m\u001b[31m [ 60%]\u001b[0m\ntests/test_rlm_adapter.py::TestRLMAdapterMocked::test_multiple_iterations \u001b[32mPASSED\u001b[0m\u001b[31m [ 60%]\u001b[0m\ntests/test_rlm_adapter.py::TestRLMAdapterMocked::test_max_iterations_reached \u001b[32mPASSED\u001b[0m\u001b[31m [ 61%]\u001b[0m\ntests/test_rlm_adapter.py::TestRLMAdapterMocked::test_recursive_depth_limit \u001b[32mPASSED\u001b[0m\u001b[31m [ 61%]\u001b[0m\ntests/test_rlm_adapter.py::TestRLMAdapterMocked::test_result_contains_stats \u001b[32mPASSED\u001b[0m\u001b[31m [ 61%]\u001b[0m\ntests/test_rlm_adapter.py::TestRLMAdapterMocked::test_trace_contains_responses \u001b[32mPASSED\u001b[0m\u001b[31m [ 61%]\u001b[0m\ntests/test_rlm_adapter.py::TestRLMAdapterMocked::test_dict_context \u001b[32mPASSED\u001b[0m\u001b[31m [ 61%]\u001b[0m\ntests/test_rlm_adapter.py::TestRLMAdapterMocked::test_list_context \u001b[32mPASSED\u001b[0m\u001b[31m [ 61%]\u001b[0m\ntests/test_rlm_adapter.py::TestVaultIntegration::test_query_vault_loads_files \u001b[32mPASSED\u001b[0m\u001b[31m [ 62%]\u001b[0m\ntests/test_rlm_adapter.py::TestVaultIntegration::test_query_vault_not_found \u001b[32mPASSED\u001b[0m\u001b[31m [ 62%]\u001b[0m\ntests/test_rlm_adapter.py::TestCodebaseIntegration::test_query_codebase_loads_files \u001b[32mPASSED\u001b[0m\u001b[31m [ 62%]\u001b[0m\ntests/test_rlm_adapter.py::TestCodebaseIntegration::test_query_codebase_excludes_pycache \u001b[32mPASSED\u001b[0m\u001b[31m [ 62%]\u001b[0m\ntests/test_rlm_adapter.py::TestCodebaseIntegration::test_query_codebase_not_found \u001b[32mPASSED\u001b[0m\u001b[31m [ 62%]\u001b[0m\ntests/test_rlm_adapter.py::TestProcessDocument::test_process_document \u001b[32mPASSED\u001b[0m\u001b[31m [ 62%]\u001b[0m\ntests/test_rlm_adapter.py::TestErrorHandling::test_handles_llm_error \u001b[32mPASSED\u001b[0m\u001b[31m [ 63%]\u001b[0m\ntests/test_rlm_adapter.py::TestErrorHandling::test_handles_repl_error_gracefully \u001b[32mPASSED\u001b[0m\u001b[31m [ 63%]\u001b[0m\ntests/test_rlm_adapter.py::TestRealLLMIntegration::test_real_completion \u001b[33mSKIPPED\u001b[0m\u001b[31m [ 63%]\u001b[0m\ntests/test_rlm_adapter.py::TestPerformance::test_handles_large_context \u001b[32mPASSED\u001b[0m\u001b[31m [ 63%]\u001b[0m\ntests/test_rlm_adapter.py::TestPerformance::test_execution_time_tracked \u001b[32mPASSED\u001b[0m\u001b[31m [ 63%]\u001b[0m\ntests/test_runtime.py::TestRuntimeInitialization::test_initialization \u001b[32mPASSED\u001b[0m\u001b[31m [ 63%]\u001b[0m\ntests/test_runtime.py::TestRuntimeInitialization::test_initialization_with_custom_log_dir \u001b[32mPASSED\u001b[0m\u001b[31m [ 64%]\u001b[0m\ntests/test_runtime.py::TestHeartbeat::test_heartbeat_basic \u001b[32mPASSED\u001b[0m\u001b[31m        [ 64%]\u001b[0m\ntests/test_runtime.py::TestHeartbeat::test_heartbeat_checks_telos \u001b[32mPASSED\u001b[0m\u001b[31m [ 64%]\u001b[0m\ntests/test_runtime.py::TestHeartbeat::test_heartbeat_checks_memory \u001b[32mPASSED\u001b[0m\u001b[31m [ 64%]\u001b[0m\ntests/test_runtime.py::TestHeartbeat::test_heartbeat_with_callback \u001b[32mPASSED\u001b[0m\u001b[31m [ 64%]\u001b[0m\ntests/test_runtime.py::TestSpecialistSpawning::test_spawn_specialist_success \u001b[32mPASSED\u001b[0m\u001b[31m [ 64%]\u001b[0m\ntests/test_runtime.py::TestSpecialistSpawning::test_spawn_specialist_no_agno \u001b[32mPASSED\u001b[0m\u001b[31m [ 64%]\u001b[0m\ntests/test_runtime.py::TestSpecialistSpawning::test_release_specialist \u001b[32mPASSED\u001b[0m\u001b[31m [ 65%]\u001b[0m\ntests/test_runtime.py::TestSwarmInvocation::test_invoke_code_swarm_success \u001b[32mPASSED\u001b[0m\u001b[31m [ 65%]\u001b[0m\ntests/test_runtime.py::TestSwarmInvocation::test_invoke_code_swarm_failure \u001b[32mPASSED\u001b[0m\u001b[31m [ 65%]\u001b[0m\ntests/test_runtime.py::TestSwarmInvocation::test_invoke_code_swarm_timeout \u001b[32mPASSED\u001b[0m\u001b[31m [ 65%]\u001b[0m\ntests/test_runtime.py::TestRuntimeLifecycle::test_start_stop \u001b[32mPASSED\u001b[0m\u001b[31m      [ 65%]\u001b[0m\ntests/test_runtime.py::TestRuntimeLifecycle::test_multiple_start_calls \u001b[32mPASSED\u001b[0m\u001b[31m [ 65%]\u001b[0m\ntests/test_strange_memory.py::TestStrangeLoopMemory::test_memory_init \u001b[32mPASSED\u001b[0m\u001b[31m [ 66%]\u001b[0m\ntests/test_strange_memory.py::TestStrangeLoopMemory::test_remember_immediate \u001b[32mPASSED\u001b[0m\u001b[31m [ 66%]\u001b[0m\ntests/test_strange_memory.py::TestStrangeLoopMemory::test_remember_session \u001b[32mPASSED\u001b[0m\u001b[31m [ 66%]\u001b[0m\ntests/test_strange_memory.py::TestStrangeLoopMemory::test_mark_development \u001b[32mPASSED\u001b[0m\u001b[31m [ 66%]\u001b[0m\ntests/test_strange_memory.py::TestStrangeLoopMemory::test_witness_observation \u001b[32mPASSED\u001b[0m\u001b[31m [ 66%]\u001b[0m\ntests/test_strange_memory.py::TestStrangeLoopMemory::test_recall_all_layers \u001b[32mPASSED\u001b[0m\u001b[31m [ 66%]\u001b[0m\ntests/test_strange_memory.py::TestStrangeLoopMemory::test_recall_development_only \u001b[32mPASSED\u001b[0m\u001b[31m [ 67%]\u001b[0m\ntests/test_strange_memory.py::TestStrangeLoopMemory::test_witness_quality_assessment \u001b[32mPASSED\u001b[0m\u001b[31m [ 67%]\u001b[0m\ntests/test_strange_memory.py::TestStrangeLoopMemory::test_get_status \u001b[32mPASSED\u001b[0m\u001b[31m [ 67%]\u001b[0m\ntests/test_strange_memory.py::TestStrangeLoopMemory::test_context_for_agent \u001b[32mPASSED\u001b[0m\u001b[31m [ 67%]\u001b[0m\ntests/test_strange_memory.py::TestMemoryPersistence::test_persist_and_reload \u001b[32mPASSED\u001b[0m\u001b[31m [ 67%]\u001b[0m\ntests/test_telos_comprehensive.py::TestGateResult::test_gate_result_values \u001b[32mPASSED\u001b[0m\u001b[31m [ 67%]\u001b[0m\ntests/test_telos_comprehensive.py::TestGateResult::test_gate_result_members \u001b[31mFAILED\u001b[0m\u001b[31m [ 68%]\u001b[0m\ntests/test_telos_comprehensive.py::TestGateCheck::test_gate_check_creation \u001b[31mFAILED\u001b[0m\u001b[31m [ 68%]\u001b[0m\ntests/test_telos_comprehensive.py::TestGateCheck::test_gate_check_fail_state \u001b[31mFAILED\u001b[0m\u001b[31m [ 68%]\u001b[0m\ntests/test_telos_comprehensive.py::TestGateCheck::test_gate_check_uncertain_state \u001b[31mFAILED\u001b[0m\u001b[31m [ 68%]\u001b[0m\ntests/test_telos_comprehensive.py::TestGateCheck::test_gate_check_needs_human_state \u001b[31mFAILED\u001b[0m\u001b[31m [ 68%]\u001b[0m\ntests/test_telos_comprehensive.py::TestGateCheck::test_gate_check_has_metadata \u001b[31mFAILED\u001b[0m\u001b[31m [ 68%]\u001b[0m\ntests/test_telos_comprehensive.py::TestGateCheck::test_gate_check_has_timestamp \u001b[31mFAILED\u001b[0m\u001b[31m [ 69%]\u001b[0m\ntests/test_telos_comprehensive.py::TestTelosCheck::test_telos_check_creation \u001b[31mFAILED\u001b[0m\u001b[31m [ 69%]\u001b[0m\ntests/test_telos_comprehensive.py::TestTelosCheck::test_telos_check_failed_state \u001b[31mFAILED\u001b[0m\u001b[31m [ 69%]\u001b[0m\ntests/test_telos_comprehensive.py::TestTelosCheck::test_telos_check_has_witness_hash \u001b[31mFAILED\u001b[0m\u001b[31m [ 69%]\u001b[0m\ntests/test_telos_comprehensive.py::TestTelosLayerInit::test_default_telos \u001b[32mPASSED\u001b[0m\u001b[31m [ 69%]\u001b[0m\ntests/test_telos_comprehensive.py::TestTelosLayerInit::test_custom_telos \u001b[32mPASSED\u001b[0m\u001b[31m [ 69%]\u001b[0m\ntests/test_telos_comprehensive.py::TestTelosLayerInit::test_gates_defined \u001b[32mPASSED\u001b[0m\u001b[31m [ 70%]\u001b[0m\ntests/test_telos_comprehensive.py::TestTelosLayerInit::test_gate_tiers \u001b[32mPASSED\u001b[0m\u001b[31m [ 70%]\u001b[0m\ntests/test_telos_comprehensive.py::TestTelosLayerInit::test_has_witness_log \u001b[32mPASSED\u001b[0m\u001b[31m [ 70%]\u001b[0m\ntests/test_telos_comprehensive.py::TestTelosLayerInit::test_has_telos_config \u001b[32mPASSED\u001b[0m\u001b[31m [ 70%]\u001b[0m\ntests/test_telos_comprehensive.py::TestAhimsaGate::test_ahimsa_passes_safe_action \u001b[32mPASSED\u001b[0m\u001b[31m [ 70%]\u001b[0m\ntests/test_telos_comprehensive.py::TestAhimsaGate::test_ahimsa_fails_delete_all \u001b[32mPASSED\u001b[0m\u001b[31m [ 70%]\u001b[0m\ntests/test_telos_comprehensive.py::TestAhimsaGate::test_ahimsa_fails_destroy \u001b[32mPASSED\u001b[0m\u001b[31m [ 71%]\u001b[0m\ntests/test_telos_comprehensive.py::TestAhimsaGate::test_ahimsa_fails_rm_rf \u001b[32mPASSED\u001b[0m\u001b[31m [ 71%]\u001b[0m\ntests/test_telos_comprehensive.py::TestAhimsaGate::test_ahimsa_case_insensitive \u001b[32mPASSED\u001b[0m\u001b[31m [ 71%]\u001b[0m\ntests/test_telos_comprehensive.py::TestAhimsaGate::test_ahimsa_fails_with_causes_harm_context \u001b[32mPASSED\u001b[0m\u001b[31m [ 71%]\u001b[0m\ntests/test_telos_comprehensive.py::TestAhimsaGate::test_ahimsa_uncertain_affects_others \u001b[32mPASSED\u001b[0m\u001b[31m [ 71%]\u001b[0m\ntests/test_telos_comprehensive.py::TestSatyaGate::test_satya_passes_when_verified \u001b[32mPASSED\u001b[0m\u001b[31m [ 71%]\u001b[0m\ntests/test_telos_comprehensive.py::TestSatyaGate::test_satya_fails_when_unverified \u001b[32mPASSED\u001b[0m\u001b[31m [ 71%]\u001b[0m\ntests/test_telos_comprehensive.py::TestSatyaGate::test_satya_uncertain_when_no_context \u001b[32mPASSED\u001b[0m\u001b[31m [ 72%]\u001b[0m\ntests/test_telos_comprehensive.py::TestSatyaGate::test_satya_fails_deceptive_patterns \u001b[32mPASSED\u001b[0m\u001b[31m [ 72%]\u001b[0m\ntests/test_telos_comprehensive.py::TestSatyaGate::test_satya_fails_lie_pattern \u001b[32mPASSED\u001b[0m\u001b[31m [ 72%]\u001b[0m\ntests/test_telos_comprehensive.py::TestSatyaGate::test_satya_uncertain_claim_without_source \u001b[32mPASSED\u001b[0m\u001b[31m [ 72%]\u001b[0m\ntests/test_telos_comprehensive.py::TestConsentGate::test_consent_passes_when_granted \u001b[32mPASSED\u001b[0m\u001b[31m [ 72%]\u001b[0m\ntests/test_telos_comprehensive.py::TestConsentGate::test_consent_fails_when_denied \u001b[32mPASSED\u001b[0m\u001b[31m [ 72%]\u001b[0m\ntests/test_telos_comprehensive.py::TestConsentGate::test_consent_needs_human_for_file_modification \u001b[32mPASSED\u001b[0m\u001b[31m [ 73%]\u001b[0m\ntests/test_telos_comprehensive.py::TestConsentGate::test_consent_needs_human_for_sensitive_ops \u001b[32mPASSED\u001b[0m\u001b[31m [ 73%]\u001b[0m\ntests/test_telos_comprehensive.py::TestConsentGate::test_consent_passes_read_only \u001b[32mPASSED\u001b[0m\u001b[31m [ 73%]\u001b[0m\ntests/test_telos_comprehensive.py::TestConsentGate::test_consent_passes_with_modifies_files_and_consent \u001b[32mPASSED\u001b[0m\u001b[31m [ 73%]\u001b[0m\ntests/test_telos_comprehensive.py::TestReversibilityGate::test_reversibility_passes_read_action \u001b[32mPASSED\u001b[0m\u001b[31m [ 73%]\u001b[0m\ntests/test_telos_comprehensive.py::TestReversibilityGate::test_reversibility_fails_permanent \u001b[31mFAILED\u001b[0m\u001b[31m [ 73%]\u001b[0m\ntests/test_telos_comprehensive.py::TestReversibilityGate::test_reversibility_fails_irreversible \u001b[31mFAILED\u001b[0m\u001b[31m [ 74%]\u001b[0m\ntests/test_telos_comprehensive.py::TestReversibilityGate::test_reversibility_uncertain_for_mutation \u001b[32mPASSED\u001b[0m\u001b[31m [ 74%]\u001b[0m\ntests/test_telos_comprehensive.py::TestReversibilityGate::test_reversibility_passes_with_rollback \u001b[32mPASSED\u001b[0m\u001b[31m [ 74%]\u001b[0m\ntests/test_telos_comprehensive.py::TestReversibilityGate::test_reversibility_passes_with_backup_context \u001b[32mPASSED\u001b[0m\u001b[31m [ 74%]\u001b[0m\ntests/test_telos_comprehensive.py::TestReversibilityGate::test_reversibility_fails_when_cannot_undo \u001b[31mFAILED\u001b[0m\u001b[31m [ 74%]\u001b[0m\ntests/test_telos_comprehensive.py::TestVyavasthitGate::test_vyavasthit_default_pass \u001b[32mPASSED\u001b[0m\u001b[31m [ 74%]\u001b[0m\ntests/test_telos_comprehensive.py::TestVyavasthitGate::test_vyavasthit_fails_force_pattern \u001b[31mFAILED\u001b[0m\u001b[31m [ 75%]\u001b[0m\ntests/test_telos_comprehensive.py::TestVyavasthitGate::test_vyavasthit_fails_override_pattern \u001b[31mFAILED\u001b[0m\u001b[31m [ 75%]\u001b[0m\ntests/test_telos_comprehensive.py::TestVyavasthitGate::test_vyavasthit_passes_allow_pattern \u001b[32mPASSED\u001b[0m\u001b[31m [ 75%]\u001b[0m\ntests/test_telos_comprehensive.py::TestSvabhaa\u0432\u0430Gate::test_svabhaava_passes_aligned_action \u001b[32mPASSED\u001b[0m\u001b[31m [ 75%]\u001b[0m\ntests/test_telos_comprehensive.py::TestSvabhaa\u0432\u0430Gate::test_svabhaava_fails_misaligned_action \u001b[31mFAILED\u001b[0m\u001b[31m [ 75%]\u001b[0m\ntests/test_telos_comprehensive.py::TestSvabhaa\u0432\u0430Gate::test_svabhaava_fails_manipulate_pattern \u001b[31mFAILED\u001b[0m\u001b[31m [ 75%]\u001b[0m\ntests/test_telos_comprehensive.py::TestSvabhaa\u0432\u0430Gate::test_svabhaava_uncertain_when_unknown \u001b[32mPASSED\u001b[0m\u001b[31m [ 76%]\u001b[0m\ntests/test_telos_comprehensive.py::TestSvabhaa\u0432\u0430Gate::test_svabhaava_passes_with_context_aligned \u001b[32mPASSED\u001b[0m\u001b[31m [ 76%]\u001b[0m\ntests/test_telos_comprehensive.py::TestSvabhaa\u0432\u0430Gate::test_svabhaava_fails_with_context_misaligned \u001b[31mFAILED\u001b[0m\u001b[31m [ 76%]\u001b[0m\ntests/test_telos_comprehensive.py::TestWitnessGate::test_witness_always_passes \u001b[32mPASSED\u001b[0m\u001b[31m [ 76%]\u001b[0m\ntests/test_telos_comprehensive.py::TestWitnessGate::test_witness_has_strange_loop_metadata \u001b[32mPASSED\u001b[0m\u001b[31m [ 76%]\u001b[0m\ntests/test_telos_comprehensive.py::TestWitnessGate::test_witness_increments_recursion_level \u001b[32mPASSED\u001b[0m\u001b[31m [ 76%]\u001b[0m\ntests/test_telos_comprehensive.py::TestWitnessGate::test_witness_adds_to_log \u001b[32mPASSED\u001b[0m\u001b[31m [ 77%]\u001b[0m\ntests/test_telos_comprehensive.py::TestCheckAction::test_safe_action_passes \u001b[32mPASSED\u001b[0m\u001b[31m [ 77%]\u001b[0m\ntests/test_telos_comprehensive.py::TestCheckAction::test_ahimsa_violation_rejects \u001b[32mPASSED\u001b[0m\u001b[31m [ 77%]\u001b[0m\ntests/test_telos_comprehensive.py::TestCheckAction::test_satya_violation_affects_pass \u001b[32mPASSED\u001b[0m\u001b[31m [ 77%]\u001b[0m\ntests/test_telos_comprehensive.py::TestCheckAction::test_consent_denied_rejects \u001b[32mPASSED\u001b[0m\u001b[31m [ 77%]\u001b[0m\ntests/test_telos_comprehensive.py::TestCheckAction::test_needs_human_blocks \u001b[32mPASSED\u001b[0m\u001b[31m [ 77%]\u001b[0m\ntests/test_telos_comprehensive.py::TestCheckAction::test_all_gates_evaluated \u001b[31mFAILED\u001b[0m\u001b[31m [ 78%]\u001b[0m\ntests/test_telos_comprehensive.py::TestCheckAction::test_null_context_handled \u001b[31mFAILED\u001b[0m\u001b[31m [ 78%]\u001b[0m\ntests/test_telos_comprehensive.py::TestCheckAction::test_alignment_calculation \u001b[32mPASSED\u001b[0m\u001b[31m [ 78%]\u001b[0m\ntests/test_telos_comprehensive.py::TestCheckAction::test_witness_hash_generated \u001b[32mPASSED\u001b[0m\u001b[31m [ 78%]\u001b[0m\ntests/test_telos_comprehensive.py::TestGateCombinations::test_multiple_tier_a_patterns \u001b[32mPASSED\u001b[0m\u001b[31m [ 78%]\u001b[0m\ntests/test_telos_comprehensive.py::TestGateCombinations::test_harm_and_irreversible_combo \u001b[31mFAILED\u001b[0m\u001b[31m [ 78%]\u001b[0m\ntests/test_telos_comprehensive.py::TestGateCombinations::test_fully_aligned_action \u001b[31mFAILED\u001b[0m\u001b[31m [ 78%]\u001b[0m\ntests/test_telos_comprehensive.py::TestEdgeCases::test_empty_action \u001b[31mFAILED\u001b[0m\u001b[31m [ 79%]\u001b[0m\ntests/test_telos_comprehensive.py::TestEdgeCases::test_whitespace_only_action \u001b[32mPASSED\u001b[0m\u001b[31m [ 79%]\u001b[0m\ntests/test_telos_comprehensive.py::TestEdgeCases::test_very_long_action \u001b[32mPASSED\u001b[0m\u001b[31m [ 79%]\u001b[0m\ntests/test_telos_comprehensive.py::TestEdgeCases::test_special_characters_in_action \u001b[32mPASSED\u001b[0m\u001b[31m [ 79%]\u001b[0m\ntests/test_telos_comprehensive.py::TestEdgeCases::test_unicode_action \u001b[32mPASSED\u001b[0m\u001b[31m [ 79%]\u001b[0m\ntests/test_telos_comprehensive.py::TestEdgeCases::test_harmful_pattern_substring \u001b[32mPASSED\u001b[0m\u001b[31m [ 79%]\u001b[0m\ntests/test_telos_comprehensive.py::TestEdgeCases::test_context_with_extra_keys \u001b[32mPASSED\u001b[0m\u001b[31m [ 80%]\u001b[0m\ntests/test_telos_comprehensive.py::TestGetOrientation::test_orientation_returns_dict \u001b[32mPASSED\u001b[0m\u001b[31m [ 80%]\u001b[0m\ntests/test_telos_comprehensive.py::TestGetOrientation::test_orientation_contains_telos \u001b[32mPASSED\u001b[0m\u001b[31m [ 80%]\u001b[0m\ntests/test_telos_comprehensive.py::TestGetOrientation::test_orientation_contains_gates \u001b[32mPASSED\u001b[0m\u001b[31m [ 80%]\u001b[0m\ntests/test_telos_comprehensive.py::TestGetOrientation::test_custom_telos_in_orientation \u001b[32mPASSED\u001b[0m\u001b[31m [ 80%]\u001b[0m\ntests/test_telos_comprehensive.py::TestGetOrientation::test_orientation_contains_gate_tiers \u001b[32mPASSED\u001b[0m\u001b[31m [ 80%]\u001b[0m\ntests/test_telos_comprehensive.py::TestGetOrientation::test_orientation_contains_witness_count \u001b[32mPASSED\u001b[0m\u001b[31m [ 81%]\u001b[0m\ntests/test_telos_comprehensive.py::TestWitnessLog::test_get_witness_log_returns_list \u001b[32mPASSED\u001b[0m\u001b[31m [ 81%]\u001b[0m\ntests/test_telos_comprehensive.py::TestWitnessLog::test_witness_log_accumulates \u001b[32mPASSED\u001b[0m\u001b[31m [ 81%]\u001b[0m\ntests/test_telos_comprehensive.py::TestWitnessLog::test_clear_witness_log \u001b[32mPASSED\u001b[0m\u001b[31m [ 81%]\u001b[0m\ntests/test_telos_comprehensive.py::TestWitnessLog::test_get_witness_log_returns_copy \u001b[32mPASSED\u001b[0m\u001b[31m [ 81%]\u001b[0m\ntests/test_telos_comprehensive.py::TestRecommendations::test_proceed_recommendation \u001b[32mPASSED\u001b[0m\u001b[31m [ 81%]\u001b[0m\ntests/test_telos_comprehensive.py::TestRecommendations::test_ahimsa_reject_recommendation \u001b[32mPASSED\u001b[0m\u001b[31m [ 82%]\u001b[0m\ntests/test_telos_comprehensive.py::TestRecommendations::test_await_human_recommendation \u001b[32mPASSED\u001b[0m\u001b[31m [ 82%]\u001b[0m\ntests/test_telos_comprehensive.py::TestRecommendations::test_tier_b_reject_recommendation \u001b[32mPASSED\u001b[0m\u001b[31m [ 82%]\u001b[0m\ntests/test_telos_comprehensive.py::TestRollbackMechanism::test_rollback_creation \u001b[32mPASSED\u001b[0m\u001b[31m [ 82%]\u001b[0m\ntests/test_telos_comprehensive.py::TestRollbackMechanism::test_rollback_with_snapshot \u001b[32mPASSED\u001b[0m\u001b[31m [ 82%]\u001b[0m\ntests/test_telos_comprehensive.py::TestRollbackMechanism::test_rollback_cannot_rollback \u001b[32mPASSED\u001b[0m\u001b[31m [ 82%]\u001b[0m\ntests/test_telos_comprehensive.py::TestConvenienceFunctions::test_quick_check \u001b[31mFAILED\u001b[0m\u001b[31m [ 83%]\u001b[0m\ntests/test_telos_comprehensive.py::TestConvenienceFunctions::test_needs_human_approval_true \u001b[32mPASSED\u001b[0m\u001b[31m [ 83%]\u001b[0m\ntests/test_telos_comprehensive.py::TestConvenienceFunctions::test_needs_human_approval_false \u001b[32mPASSED\u001b[0m\u001b[31m [ 83%]\u001b[0m\ntests/test_telos_comprehensive.py::TestSafetyCritical::test_harmful_commands_always_blocked \u001b[32mPASSED\u001b[0m\u001b[31m [ 83%]\u001b[0m\ntests/test_telos_comprehensive.py::TestSafetyCritical::test_tier_a_cannot_be_bypassed \u001b[32mPASSED\u001b[0m\u001b[31m [ 83%]\u001b[0m\ntests/test_telos_comprehensive.py::TestSafetyCritical::test_deceptive_actions_blocked \u001b[32mPASSED\u001b[0m\u001b[31m [ 83%]\u001b[0m\ntests/test_telos_comprehensive.py::TestSafetyCritical::test_forcing_actions_blocked \u001b[31mFAILED\u001b[0m\u001b[31m [ 84%]\u001b[0m\ntests/test_telos_layer.py::TestTelosLayer::test_telos_layer_init \u001b[32mPASSED\u001b[0m\u001b[31m  [ 84%]\u001b[0m\ntests/test_telos_layer.py::TestTelosLayer::test_telos_custom_init \u001b[32mPASSED\u001b[0m\u001b[31m [ 84%]\u001b[0m\ntests/test_telos_layer.py::TestTelosLayer::test_telos_gates_defined \u001b[32mPASSED\u001b[0m\u001b[31m [ 84%]\u001b[0m\ntests/test_telos_layer.py::TestTelosLayer::test_telos_gate_tiers \u001b[32mPASSED\u001b[0m\u001b[31m  [ 84%]\u001b[0m\ntests/test_telos_layer.py::TestGateChecks::test_ahimsa_passes_safe_action \u001b[32mPASSED\u001b[0m\u001b[31m [ 84%]\u001b[0m\ntests/test_telos_layer.py::TestGateChecks::test_ahimsa_fails_harmful_action \u001b[32mPASSED\u001b[0m\u001b[31m [ 85%]\u001b[0m\ntests/test_telos_layer.py::TestGateChecks::test_satya_passes_verified \u001b[32mPASSED\u001b[0m\u001b[31m [ 85%]\u001b[0m\ntests/test_telos_layer.py::TestGateChecks::test_satya_fails_unverified \u001b[32mPASSED\u001b[0m\u001b[31m [ 85%]\u001b[0m\ntests/test_telos_layer.py::TestGateChecks::test_consent_needs_human_for_writes \u001b[32mPASSED\u001b[0m\u001b[31m [ 85%]\u001b[0m\ntests/test_telos_layer.py::TestGateChecks::test_consent_passes_with_approval \u001b[32mPASSED\u001b[0m\u001b[31m [ 85%]\u001b[0m\ntests/test_telos_layer.py::TestGateChecks::test_reversibility_passes_read_only \u001b[32mPASSED\u001b[0m\u001b[31m [ 85%]\u001b[0m\ntests/test_telos_layer.py::TestGateChecks::test_reversibility_with_rollback \u001b[32mPASSED\u001b[0m\u001b[31m [ 85%]\u001b[0m\ntests/test_telos_layer.py::TestTelosCheck::test_check_action_returns_telos_check \u001b[32mPASSED\u001b[0m\u001b[31m [ 86%]\u001b[0m\ntests/test_telos_layer.py::TestTelosCheck::test_safe_action_passes \u001b[32mPASSED\u001b[0m\u001b[31m [ 86%]\u001b[0m\ntests/test_telos_layer.py::TestTelosCheck::test_harmful_action_blocked \u001b[32mPASSED\u001b[0m\u001b[31m [ 86%]\u001b[0m\ntests/test_telos_layer.py::TestTelosCheck::test_needs_human_blocks_action \u001b[32mPASSED\u001b[0m\u001b[31m [ 86%]\u001b[0m\ntests/test_telos_layer.py::TestWitness::test_witness_always_passes \u001b[32mPASSED\u001b[0m\u001b[31m [ 86%]\u001b[0m\ntests/test_telos_layer.py::TestWitness::test_witness_log_accumulates \u001b[32mPASSED\u001b[0m\u001b[31m [ 86%]\u001b[0m\ntests/test_telos_layer.py::TestWitness::test_witness_hash_generated \u001b[32mPASSED\u001b[0m\u001b[31m [ 87%]\u001b[0m\ntests/test_telos_layer.py::TestWitness::test_get_witness_log \u001b[32mPASSED\u001b[0m\u001b[31m      [ 87%]\u001b[0m\ntests/test_telos_layer.py::TestWitness::test_clear_witness_log \u001b[32mPASSED\u001b[0m\u001b[31m    [ 87%]\u001b[0m\ntests/test_telos_layer.py::TestGetOrientation::test_get_orientation_returns_dict \u001b[32mPASSED\u001b[0m\u001b[31m [ 87%]\u001b[0m\ntests/test_telos_layer.py::TestGetOrientation::test_orientation_includes_all_gates \u001b[32mPASSED\u001b[0m\u001b[31m [ 87%]\u001b[0m\ntests/test_telos_layer.py::TestSvabhaava::test_svabhaava_passes_aligned_action \u001b[32mPASSED\u001b[0m\u001b[31m [ 87%]\u001b[0m\ntests/test_telos_layer.py::TestSvabhaava::test_svabhaava_fails_misaligned_action \u001b[31mFAILED\u001b[0m\u001b[31m [ 88%]\u001b[0m\ntests/test_telos_layer.py::TestConvenienceFunctions::test_quick_check \u001b[31mFAILED\u001b[0m\u001b[31m [ 88%]\u001b[0m\ntests/test_telos_layer.py::TestConvenienceFunctions::test_needs_human_approval \u001b[32mPASSED\u001b[0m\u001b[31m [ 88%]\u001b[0m\ntests/test_vault_bridge.py::TestVaultBridgeInitialization::test_initialization_with_default_path \u001b[32mPASSED\u001b[0m\u001b[31m [ 88%]\u001b[0m\ntests/test_vault_bridge.py::TestVaultBridgeInitialization::test_initialization_with_custom_path \u001b[32mPASSED\u001b[0m\u001b[31m [ 88%]\u001b[0m\ntests/test_vault_bridge.py::TestVaultBridgeInitialization::test_directory_references \u001b[32mPASSED\u001b[0m\u001b[31m [ 88%]\u001b[0m\ntests/test_vault_bridge.py::TestCrownJewelOperations::test_list_crown_jewels \u001b[32mPASSED\u001b[0m\u001b[31m [ 89%]\u001b[0m\ntests/test_vault_bridge.py::TestCrownJewelOperations::test_list_crown_jewels_empty \u001b[32mPASSED\u001b[0m\u001b[31m [ 89%]\u001b[0m\ntests/test_vault_bridge.py::TestCrownJewelOperations::test_get_crown_jewel_by_exact_name \u001b[32mPASSED\u001b[0m\u001b[31m [ 89%]\u001b[0m\ntests/test_vault_bridge.py::TestCrownJewelOperations::test_get_crown_jewel_with_extension \u001b[32mPASSED\u001b[0m\u001b[31m [ 89%]\u001b[0m\ntests/test_vault_bridge.py::TestCrownJewelOperations::test_get_crown_jewel_fuzzy_match \u001b[32mPASSED\u001b[0m\u001b[31m [ 89%]\u001b[0m\ntests/test_vault_bridge.py::TestCrownJewelOperations::test_get_crown_jewel_not_found \u001b[32mPASSED\u001b[0m\u001b[31m [ 89%]\u001b[0m\ntests/test_vault_bridge.py::TestResidualStreamOperations::test_get_recent_stream \u001b[32mPASSED\u001b[0m\u001b[31m [ 90%]\u001b[0m\ntests/test_vault_bridge.py::TestResidualStreamOperations::test_get_recent_stream_sorted_by_time \u001b[32mPASSED\u001b[0m\u001b[31m [ 90%]\u001b[0m\ntests/test_vault_bridge.py::TestResidualStreamOperations::test_get_stream_entry \u001b[32mPASSED\u001b[0m\u001b[31m [ 90%]\u001b[0m\ntests/test_vault_bridge.py::TestResidualStreamOperations::test_get_stream_entry_not_found \u001b[32mPASSED\u001b[0m\u001b[31m [ 90%]\u001b[0m\ntests/test_vault_bridge.py::TestVaultSearch::test_search_vault_finds_results \u001b[32mPASSED\u001b[0m\u001b[31m [ 90%]\u001b[0m\ntests/test_vault_bridge.py::TestVaultSearch::test_search_vault_includes_snippet \u001b[32mPASSED\u001b[0m\u001b[31m [ 90%]\u001b[0m\ntests/test_vault_bridge.py::TestVaultSearch::test_search_vault_case_insensitive \u001b[32mPASSED\u001b[0m\u001b[31m [ 91%]\u001b[0m\ntests/test_vault_bridge.py::TestVaultSearch::test_search_vault_max_results \u001b[32mPASSED\u001b[0m\u001b[31m [ 91%]\u001b[0m\ntests/test_vault_bridge.py::TestVaultSearch::test_search_vault_no_results \u001b[32mPASSED\u001b[0m\u001b[31m [ 91%]\u001b[0m\ntests/test_vault_bridge.py::TestVaultWrite::test_write_to_vault_success \u001b[32mPASSED\u001b[0m\u001b[31m [ 91%]\u001b[0m\ntests/test_vault_bridge.py::TestVaultWrite::test_write_to_vault_blocked \u001b[32mPASSED\u001b[0m\u001b[31m [ 91%]\u001b[0m\ntests/test_vault_bridge.py::TestVaultWrite::test_write_to_vault_immutability \u001b[32mPASSED\u001b[0m\u001b[31m [ 91%]\u001b[0m\ntests/test_vault_bridge.py::TestInductionPrompts::test_get_induction_summary \u001b[32mPASSED\u001b[0m\u001b[31m [ 92%]\u001b[0m\ntests/test_vault_bridge.py::TestInductionPrompts::test_get_induction_prompt \u001b[32mPASSED\u001b[0m\u001b[31m [ 92%]\u001b[0m\ntests/test_vault_bridge.py::TestVaultSummary::test_get_vault_summary \u001b[32mPASSED\u001b[0m\u001b[31m [ 92%]\u001b[0m\ntests/test_vault_bridge.py::TestVaultSummary::test_get_lineage_context \u001b[32mPASSED\u001b[0m\u001b[31m [ 92%]\u001b[0m\ntests/test_vault_bridge.py::TestReadTracking::test_read_tracking \u001b[32mPASSED\u001b[0m\u001b[31m  [ 92%]\u001b[0m\ntests/test_vault_bridge.py::TestReadTracking::test_read_tracking_limit \u001b[32mPASSED\u001b[0m\u001b[31m [ 92%]\u001b[0m\ntests/test_vault_bridge.py::TestSourceTextPaths::test_get_source_text_paths \u001b[32mPASSED\u001b[0m\u001b[31m [ 92%]\u001b[0m\ntests/test_voting.py::TestMutationProposal::test_create_proposal \u001b[32mPASSED\u001b[0m\u001b[31m  [ 93%]\u001b[0m\ntests/test_voting.py::TestMutationProposal::test_diff_lines_count \u001b[32mPASSED\u001b[0m\u001b[31m [ 93%]\u001b[0m\ntests/test_voting.py::TestMutationProposal::test_metadata_default \u001b[32mPASSED\u001b[0m\u001b[31m [ 93%]\u001b[0m\ntests/test_voting.py::TestVote::test_vote_creation \u001b[32mPASSED\u001b[0m\u001b[31m                [ 93%]\u001b[0m\ntests/test_voting.py::TestVote::test_confidence_clamping_high \u001b[32mPASSED\u001b[0m\u001b[31m     [ 93%]\u001b[0m\ntests/test_voting.py::TestVote::test_confidence_clamping_low \u001b[32mPASSED\u001b[0m\u001b[31m      [ 93%]\u001b[0m\ntests/test_voting.py::TestVoteResult::test_result_summary_approved \u001b[32mPASSED\u001b[0m\u001b[31m [ 94%]\u001b[0m\ntests/test_voting.py::TestVoteResult::test_result_summary_rejected \u001b[32mPASSED\u001b[0m\u001b[31m [ 94%]\u001b[0m\ntests/test_voting.py::TestSecurityReviewer::test_approves_safe_code \u001b[32mPASSED\u001b[0m\u001b[31m [ 94%]\u001b[0m\ntests/test_voting.py::TestSecurityReviewer::test_rejects_eval \u001b[32mPASSED\u001b[0m\u001b[31m     [ 94%]\u001b[0m\ntests/test_voting.py::TestSecurityReviewer::test_rejects_exec \u001b[32mPASSED\u001b[0m\u001b[31m     [ 94%]\u001b[0m\ntests/test_voting.py::TestEleganceReviewer::test_approves_clean_code \u001b[32mPASSED\u001b[0m\u001b[31m [ 94%]\u001b[0m\ntests/test_voting.py::TestEleganceReviewer::test_flags_long_lines \u001b[32mPASSED\u001b[0m\u001b[31m [ 95%]\u001b[0m\ntests/test_voting.py::TestDharmicReviewer::test_approves_beneficial_change \u001b[32mPASSED\u001b[0m\u001b[31m [ 95%]\u001b[0m\ntests/test_voting.py::TestDharmicReviewer::test_flags_irreversible_operation \u001b[32mPASSED\u001b[0m\u001b[31m [ 95%]\u001b[0m\ntests/test_voting.py::TestPerformanceReviewer::test_approves_efficient_code \u001b[32mPASSED\u001b[0m\u001b[31m [ 95%]\u001b[0m\ntests/test_voting.py::TestPerformanceReviewer::test_flags_nested_loops \u001b[32mPASSED\u001b[0m\u001b[31m [ 95%]\u001b[0m\ntests/test_voting.py::TestCorrectnessReviewer::test_approves_correct_code \u001b[32mPASSED\u001b[0m\u001b[31m [ 95%]\u001b[0m\ntests/test_voting.py::TestCorrectnessReviewer::test_flags_mutable_default \u001b[32mPASSED\u001b[0m\u001b[31m [ 96%]\u001b[0m\ntests/test_voting.py::TestMinimalChangeReviewer::test_approves_small_change \u001b[32mPASSED\u001b[0m\u001b[31m [ 96%]\u001b[0m\ntests/test_voting.py::TestMinimalChangeReviewer::test_rejects_large_change \u001b[32mPASSED\u001b[0m\u001b[31m [ 96%]\u001b[0m\ntests/test_voting.py::TestTestReviewer::test_approves_code_with_tests \u001b[32mPASSED\u001b[0m\u001b[31m [ 96%]\u001b[0m\ntests/test_voting.py::TestTestReviewer::test_flags_missing_tests \u001b[32mPASSED\u001b[0m\u001b[31m  [ 96%]\u001b[0m\ntests/test_voting.py::TestArchitectureReviewer::test_approves_good_architecture \u001b[32mPASSED\u001b[0m\u001b[31m [ 96%]\u001b[0m\ntests/test_voting.py::TestArchitectureReviewer::test_flags_inverted_dependency \u001b[32mPASSED\u001b[0m\u001b[31m [ 97%]\u001b[0m\ntests/test_voting.py::TestVotingSwarm::test_create_swarm \u001b[32mPASSED\u001b[0m\u001b[31m          [ 97%]\u001b[0m\ntests/test_voting.py::TestVotingSwarm::test_create_swarm_custom \u001b[32mPASSED\u001b[0m\u001b[31m   [ 97%]\u001b[0m\ntests/test_voting.py::TestVotingSwarm::test_spawn_reviewers_count \u001b[32mPASSED\u001b[0m\u001b[31m [ 97%]\u001b[0m\ntests/test_voting.py::TestVotingSwarm::test_spawn_reviewers_diversity \u001b[32mPASSED\u001b[0m\u001b[31m [ 97%]\u001b[0m\ntests/test_voting.py::TestVotingSwarm::test_diversity_score_uniform \u001b[32mPASSED\u001b[0m\u001b[31m [ 97%]\u001b[0m\ntests/test_voting.py::TestVotingSwarm::test_diversity_score_skewed \u001b[32mPASSED\u001b[0m\u001b[31m [ 98%]\u001b[0m\ntests/test_voting.py::TestVotingSwarm::test_collect_votes_safe_proposal \u001b[32mPASSED\u001b[0m\u001b[31m [ 98%]\u001b[0m\ntests/test_voting.py::TestVotingSwarm::test_collect_votes_dangerous_proposal \u001b[32mPASSED\u001b[0m\u001b[31m [ 98%]\u001b[0m\ntests/test_voting.py::TestVotingSwarm::test_quick_vote \u001b[32mPASSED\u001b[0m\u001b[31m            [ 98%]\u001b[0m\ntests/test_voting.py::TestVotingSwarm::test_rejection_reasons_low_approval \u001b[32mPASSED\u001b[0m\u001b[31m [ 98%]\u001b[0m\ntests/test_voting.py::TestConvenienceFunctions::test_vote_on_proposal \u001b[32mPASSED\u001b[0m\u001b[31m [ 98%]\u001b[0m\ntests/test_voting.py::TestConvenienceFunctions::test_create_proposal \u001b[32mPASSED\u001b[0m\u001b[31m [ 99%]\u001b[0m\ntests/test_voting.py::TestIntegration::test_full_voting_flow_approval \u001b[32mPASSED\u001b[0m\u001b[31m [ 99%]\u001b[0m\ntests/test_voting.py::TestIntegration::test_vote_type_distribution \u001b[32mPASSED\u001b[0m\u001b[31m [ 99%]\u001b[0m\ntests/test_voting.py::TestEdgeCases::test_empty_diff \u001b[32mPASSED\u001b[0m\u001b[31m              [ 99%]\u001b[0m\ntests/test_voting.py::TestEdgeCases::test_single_vote \u001b[32mPASSED\u001b[0m\u001b[31m             [ 99%]\u001b[0m\ntests/test_voting.py::TestEdgeCases::test_diversity_score_empty_votes \u001b[32mPASSED\u001b[0m\u001b[31m [ 99%]\u001b[0m\ntests/test_voting.py::TestEdgeCases::test_diversity_score_single_vote \u001b[32mPASSED\u001b[0m\u001b[31m [100%]\u001b[0m\u001b[31m\u001b[1m\nERROR: Coverage failure: total of 45 is less than fail-under=80\n\u001b[0m\n\n==================================== ERRORS ====================================\n\u001b[31m\u001b[1m________ ERROR at setup of TestCircuitPhases.test_phase_2_valid_syntax _________\u001b[0m\n\u001b[1m\u001b[31mtests/test_circuit_integration.py\u001b[0m:160: in circuit\n    \u001b[0m\u001b[94mreturn\u001b[39;49;00m MutationCircuit(project_root=tmp_path, quick_vote=\u001b[94mTrue\u001b[39;49;00m, min_votes=\u001b[94m3\u001b[39;49;00m)\u001b[90m\u001b[39;49;00m\n           ^^^^^^^^^^^^^^^^^^^^^^^^^^^^^^^^^^^^^^^^^^^^^^^^^^^^^^^^^^^^^^^^^^^^\u001b[90m\u001b[39;49;00m\n\u001b[1m\u001b[31mE   TypeError: MutationCircuit.__init__() got an unexpected keyword argument 'quick_vote'\u001b[0m\n\u001b[31m\u001b[1m_______ ERROR at setup of TestCircuitPhases.test_phase_2_invalid_syntax ________\u001b[0m\n\u001b[1m\u001b[31mtests/test_circuit_integration.py\u001b[0m:160: in circuit\n    \u001b[0m\u001b[94mreturn\u001b[39;49;00m MutationCircuit(project_root=tmp_path, quick_vote=\u001b[94mTrue\u001b[39;49;00m, min_votes=\u001b[94m3\u001b[39;49;00m)\u001b[90m\u001b[39;49;00m\n           ^^^^^^^^^^^^^^^^^^^^^^^^^^^^^^^^^^^^^^^^^^^^^^^^^^^^^^^^^^^^^^^^^^^^\u001b[90m\u001b[39;49;00m\n\u001b[1m\u001b[31mE   TypeError: MutationCircuit.__init__() got an unexpected keyword argument 'quick_vote'\u001b[0m\n\u001b[31m\u001b[1m_________ ERROR at setup of TestCircuitPhases.test_phase_3_create_file _________\u001b[0m\n\u001b[1m\u001b[31mtests/test_circuit_integration.py\u001b[0m:160: in circuit\n    \u001b[0m\u001b[94mreturn\u001b[39;49;00m MutationCircuit(project_root=tmp_path, quick_vote=\u001b[94mTrue\u001b[39;49;00m, min_votes=\u001b[94m3\u001b[39;49;00m)\u001b[90m\u001b[39;49;00m\n           ^^^^^^^^^^^^^^^^^^^^^^^^^^^^^^^^^^^^^^^^^^^^^^^^^^^^^^^^^^^^^^^^^^^^\u001b[90m\u001b[39;49;00m\n\u001b[1m\u001b[31mE   TypeError: MutationCircuit.__init__() got an unexpected keyword argument 'quick_vote'\u001b[0m\n\u001b[31m\u001b[1m_______ ERROR at setup of TestCircuitPhases.test_phase_3_modify_existing _______\u001b[0m\n\u001b[1m\u001b[31mtests/test_circuit_integration.py\u001b[0m:160: in circuit\n    \u001b[0m\u001b[94mreturn\u001b[39;49;00m MutationCircuit(project_root=tmp_path, quick_vote=\u001b[94mTrue\u001b[39;49;00m, min_votes=\u001b[94m3\u001b[39;49;00m)\u001b[90m\u001b[39;49;00m\n           ^^^^^^^^^^^^^^^^^^^^^^^^^^^^^^^^^^^^^^^^^^^^^^^^^^^^^^^^^^^^^^^^^^^^\u001b[90m\u001b[39;49;00m\n\u001b[1m\u001b[31mE   TypeError: MutationCircuit.__init__() got an unexpected keyword argument 'quick_vote'\u001b[0m\n=================================== FAILURES ===================================\n\u001b[31m\u001b[1m_________________ TestMutationProposal.test_to_voting_proposal _________________\u001b[0m\n\u001b[1m\u001b[31mtests/test_circuit_integration.py\u001b[0m:63: in test_to_voting_proposal\n    \u001b[0mproposal = MutationProposal(\u001b[90m\u001b[39;49;00m\n\u001b[1m\u001b[31mE   TypeError: MutationProposal.__init__() got an unexpected keyword argument 'rationale'\u001b[0m\n\u001b[31m\u001b[1m_____________ TestCircuitRollback.test_rollback_restores_original ______________\u001b[0m\n\u001b[1m\u001b[31mtests/test_circuit_integration.py\u001b[0m:256: in test_rollback_restores_original\n    \u001b[0mcircuit._phase_3_implementation(proposal)\u001b[90m\u001b[39;49;00m\n    ^^^^^^^^^^^^^^^^^^^^^^^^^^^^^^^\u001b[90m\u001b[39;49;00m\n\u001b[1m\u001b[31mE   AttributeError: 'MutationCircuit' object has no attribute '_phase_3_implementation'\u001b[0m\n\u001b[31m\u001b[1m______________ TestCircuitRollback.test_rollback_deletes_new_file ______________\u001b[0m\n\u001b[1m\u001b[31mtests/test_circuit_integration.py\u001b[0m:278: in test_rollback_deletes_new_file\n    \u001b[0mcircuit._phase_3_implementation(proposal)\u001b[90m\u001b[39;49;00m\n    ^^^^^^^^^^^^^^^^^^^^^^^^^^^^^^^\u001b[90m\u001b[39;49;00m\n\u001b[1m\u001b[31mE   AttributeError: 'MutationCircuit' object has no attribute '_phase_3_implementation'\u001b[0m\n\u001b[31m\u001b[1m_______________ TestFullCircuitFlow.test_successful_circuit_flow _______________\u001b[0m\n\u001b[1m\u001b[31mtests/test_circuit_integration.py\u001b[0m:295: in test_successful_circuit_flow\n    \u001b[0mcircuit = MutationCircuit(\u001b[90m\u001b[39;49;00m\n\u001b[1m\u001b[31mE   TypeError: MutationCircuit.__init__() got an unexpected keyword argument 'quick_vote'\u001b[0m\n------------------------------ Captured log setup ------------------------------\n\u001b[35mDEBUG   \u001b[0m asyncio:selector_events.py:64 Using selector: KqueueSelector\n\u001b[35mDEBUG   \u001b[0m asyncio:selector_events.py:64 Using selector: KqueueSelector\n\u001b[31m\u001b[1m______________ TestFullCircuitFlow.test_circuit_with_syntax_error ______________\u001b[0m\n\u001b[1m\u001b[31mtests/test_circuit_integration.py\u001b[0m:368: in test_circuit_with_syntax_error\n    \u001b[0mcircuit = MutationCircuit(project_root=tmp_path, quick_vote=\u001b[94mTrue\u001b[39;49;00m, min_votes=\u001b[94m3\u001b[39;49;00m)\u001b[90m\u001b[39;49;00m\n              ^^^^^^^^^^^^^^^^^^^^^^^^^^^^^^^^^^^^^^^^^^^^^^^^^^^^^^^^^^^^^^^^^^^^\u001b[90m\u001b[39;49;00m\n\u001b[1m\u001b[31mE   TypeError: MutationCircuit.__init__() got an unexpected keyword argument 'quick_vote'\u001b[0m\n\u001b[31m\u001b[1m______________ TestConvenienceFunctions.test_run_circuit_function ______________\u001b[0m\n\u001b[1m\u001b[31mtests/test_circuit_integration.py\u001b[0m:434: in test_run_circuit_function\n    \u001b[0mresult = run_circuit(proposal, project_root=tmp_path, quick_vote=\u001b[94mTrue\u001b[39;49;00m, min_votes=\u001b[94m3\u001b[39;49;00m)\u001b[90m\u001b[39;49;00m\n             ^^^^^^^^^^^^^^^^^^^^^^^^^^^^^^^^^^^^^^^^^^^^^^^^^^^^^^^^^^^^^^^^^^^^^^^^^^\u001b[90m\u001b[39;49;00m\n\u001b[1m\u001b[31msrc/dgm/circuit.py\u001b[0m:1085: in run_circuit\n    \u001b[0mcircuit = MutationCircuit(**kwargs)\u001b[90m\u001b[39;49;00m\n              ^^^^^^^^^^^^^^^^^^^^^^^^^\u001b[90m\u001b[39;49;00m\n\u001b[1m\u001b[31mE   TypeError: MutationCircuit.__init__() got an unexpected keyword argument 'quick_vote'\u001b[0m\n\u001b[31m\u001b[1m______________ TestArchiveEntryCreation.test_create_archive_entry ______________\u001b[0m\n\u001b[1m\u001b[31mtests/test_dgm_orchestrator.py\u001b[0m:839: in test_create_archive_entry\n    \u001b[0mGateCheck(gate=\u001b[33m\"\u001b[39;49;00m\u001b[33mAHIMSA\u001b[39;49;00m\u001b[33m\"\u001b[39;49;00m, result=GateResult.PASS, reason=\u001b[33m\"\u001b[39;49;00m\u001b[33mNo harm\u001b[39;49;00m\u001b[33m\"\u001b[39;49;00m),\u001b[90m\u001b[39;49;00m\n    ^^^^^^^^^^^^^^^^^^^^^^^^^^^^^^^^^^^^^^^^^^^^^^^^^^^^^^^^^^^^^^^^^^\u001b[90m\u001b[39;49;00m\n\u001b[1m\u001b[31mE   TypeError: GateCheck.__init__() got an unexpected keyword argument 'gate'\u001b[0m\n----------------------------- Captured stderr call -----------------------------\n2026-02-05 12:21:44 [INFO] codex_proposer: Bridge queue loaded from /Users/dhyana/DHARMIC_GODEL_CLAW/ops/bridge\n2026-02-05 12:21:44 [INFO] codex_proposer: Bridge queue loaded from /Users/dhyana/DHARMIC_GODEL_CLAW/ops/bridge\n2026-02-05 12:21:44 [INFO] codex_proposer: Using bridge queue for Codex tasks\n2026-02-05 12:21:44 [INFO] codex_proposer: Using bridge queue for Codex tasks\n2026-02-05 12:21:44 [INFO] dgm.orchestrator: CodexProposer initialized \u2014 using Codex for fast proposals\n2026-02-05 12:21:44 [INFO] dgm.orchestrator: CodexProposer initialized \u2014 using Codex for fast proposals\n2026-02-05 12:21:44 [INFO] src.dgm.kimi_reviewer: KimiReviewer initialized (direct_api=True)\n2026-02-05 12:21:44 [INFO] src.dgm.kimi_reviewer: KimiReviewer initialized (direct_api=True)\n2026-02-05 12:21:44 [INFO] dgm.orchestrator: KimiReviewer initialized \u2014 using Kimi for deep 128k context review\n2026-02-05 12:21:44 [INFO] dgm.orchestrator: KimiReviewer initialized \u2014 using Kimi for deep 128k context review\n2026-02-05 12:21:44 [INFO] dgm.orchestrator: DGM Orchestrator initialized | project=/var/folders/7t/4mwp51vd6bl6_wvvpjv73t000000gn/T/tmpwj5qz3hg | dry_run=True | models=[Codex(propose), Kimi(review), Claude(build/verify)]\n2026-02-05 12:21:44 [INFO] dgm.orchestrator: DGM Orchestrator initialized | project=/var/folders/7t/4mwp51vd6bl6_wvvpjv73t000000gn/T/tmpwj5qz3hg | dry_run=True | models=[Codex(propose), Kimi(review), Claude(build/verify)]\n------------------------------ Captured log call -------------------------------\n\u001b[32mINFO    \u001b[0m codex_proposer:dharmic_logging.py:128 Bridge queue loaded from /Users/dhyana/DHARMIC_GODEL_CLAW/ops/bridge\n\u001b[32mINFO    \u001b[0m codex_proposer:dharmic_logging.py:128 Using bridge queue for Codex tasks\n\u001b[32mINFO    \u001b[0m dgm.orchestrator:dharmic_logging.py:128 CodexProposer initialized \u2014 using Codex for fast proposals\n\u001b[32mINFO    \u001b[0m src.dgm.kimi_reviewer:dharmic_logging.py:128 KimiReviewer initialized (direct_api=True)\n\u001b[32mINFO    \u001b[0m dgm.orchestrator:dharmic_logging.py:128 KimiReviewer initialized \u2014 using Kimi for deep 128k context review\n\u001b[32mINFO    \u001b[0m dgm.orchestrator:dharmic_logging.py:128 DGM Orchestrator initialized | project=/var/folders/7t/4mwp51vd6bl6_wvvpjv73t000000gn/T/tmpwj5qz3hg | dry_run=True | models=[Codex(propose), Kimi(review), Claude(build/verify)]\n\u001b[31m\u001b[1m_________ TestMutationFlow.test_propose_mutation_nonexistent_component _________\u001b[0m\n\u001b[1m\u001b[31mtests/test_mutator.py\u001b[0m:508: in test_propose_mutation_nonexistent_component\n    \u001b[0m\u001b[94mwith\u001b[39;49;00m pytest.raises(MutationError) \u001b[94mas\u001b[39;49;00m exc_info:\u001b[90m\u001b[39;49;00m\n         ^^^^^^^^^^^^^^^^^^^^^^^^^^^^\u001b[90m\u001b[39;49;00m\n\u001b[1m\u001b[31mE   Failed: DID NOT RAISE <class 'dgm.mutator.MutationError'>\u001b[0m\n---------------------------- Captured stderr setup -----------------------------\n2026-02-05 12:22:04 [INFO] mutator: Mutator initialized\n2026-02-05 12:22:04 [INFO] mutator: Mutator initialized\n2026-02-05 12:22:04 [INFO] mutator: Mutator initialized\n------------------------------ Captured log setup ------------------------------\n\u001b[32mINFO    \u001b[0m mutator:dharmic_logging.py:128 Mutator initialized\n----------------------------- Captured stderr call -----------------------------\n2026-02-05 12:22:04 [INFO] mutator: Proposing mutation\n2026-02-05 12:22:04 [INFO] mutator: Proposing mutation\n2026-02-05 12:22:04 [INFO] mutator: Proposing mutation\n2026-02-05 12:22:04 [INFO] mutator: Component not found (assuming creation): src/nonexistent.py\n2026-02-05 12:22:04 [INFO] mutator: Component not found (assuming creation): src/nonexistent.py\n2026-02-05 12:22:04 [INFO] mutator: Component not found (assuming creation): src/nonexistent.py\n2026-02-05 12:22:04 [INFO] mutator: Using MOCK LLM response\n2026-02-05 12:22:04 [INFO] mutator: Using MOCK LLM response\n2026-02-05 12:22:04 [INFO] mutator: Using MOCK LLM response\n2026-02-05 12:22:04 [DHARMIC] mutator: Mutation proposed\n2026-02-05 12:22:04 [DHARMIC] mutator: Mutation proposed\n2026-02-05 12:22:04 [DHARMIC] mutator: Mutation proposed\n------------------------------ Captured log call -------------------------------\n\u001b[32mINFO    \u001b[0m mutator:dharmic_logging.py:128 Proposing mutation\n\u001b[32mINFO    \u001b[0m mutator:dharmic_logging.py:128 Component not found (assuming creation): src/nonexistent.py\n\u001b[32mINFO    \u001b[0m mutator:dharmic_logging.py:128 Using MOCK LLM response\nDHARMIC  mutator:dharmic_logging.py:122 Mutation proposed\n\u001b[31m\u001b[1m______________ TestErrorHandling.test_claude_timeout_raises_error ______________\u001b[0m\n\u001b[1m\u001b[31mtests/test_mutator.py\u001b[0m:573: in test_claude_timeout_raises_error\n    \u001b[0m\u001b[94mwith\u001b[39;49;00m pytest.raises(MutationError) \u001b[94mas\u001b[39;49;00m exc_info:\u001b[90m\u001b[39;49;00m\n         ^^^^^^^^^^^^^^^^^^^^^^^^^^^^\u001b[90m\u001b[39;49;00m\n\u001b[1m\u001b[31mE   Failed: DID NOT RAISE <class 'dgm.mutator.MutationError'>\u001b[0m\n---------------------------- Captured stderr setup -----------------------------\n2026-02-05 12:22:04 [INFO] mutator: Mutator initialized\n2026-02-05 12:22:04 [INFO] mutator: Mutator initialized\n2026-02-05 12:22:04 [INFO] mutator: Mutator initialized\n------------------------------ Captured log setup ------------------------------\n\u001b[32mINFO    \u001b[0m mutator:dharmic_logging.py:128 Mutator initialized\n----------------------------- Captured stderr call -----------------------------\n2026-02-05 12:22:04 [INFO] mutator: Proposing mutation\n2026-02-05 12:22:04 [INFO] mutator: Proposing mutation\n2026-02-05 12:22:04 [INFO] mutator: Proposing mutation\n2026-02-05 12:22:04 [INFO] mutator: Using MOCK LLM response\n2026-02-05 12:22:04 [INFO] mutator: Using MOCK LLM response\n2026-02-05 12:22:04 [INFO] mutator: Using MOCK LLM response\n2026-02-05 12:22:04 [DHARMIC] mutator: Mutation proposed\n2026-02-05 12:22:04 [DHARMIC] mutator: Mutation proposed\n2026-02-05 12:22:04 [DHARMIC] mutator: Mutation proposed\n------------------------------ Captured log call -------------------------------\n\u001b[32mINFO    \u001b[0m mutator:dharmic_logging.py:128 Proposing mutation\n\u001b[32mINFO    \u001b[0m mutator:dharmic_logging.py:128 Using MOCK LLM response\nDHARMIC  mutator:dharmic_logging.py:122 Mutation proposed\n\u001b[31m\u001b[1m_____________ TestErrorHandling.test_claude_not_found_raises_error _____________\u001b[0m\n\u001b[1m\u001b[31mtests/test_mutator.py\u001b[0m:587: in test_claude_not_found_raises_error\n    \u001b[0m\u001b[94mwith\u001b[39;49;00m pytest.raises(MutationError) \u001b[94mas\u001b[39;49;00m exc_info:\u001b[90m\u001b[39;49;00m\n         ^^^^^^^^^^^^^^^^^^^^^^^^^^^^\u001b[90m\u001b[39;49;00m\n\u001b[1m\u001b[31mE   Failed: DID NOT RAISE <class 'dgm.mutator.MutationError'>\u001b[0m\n---------------------------- Captured stderr setup -----------------------------\n2026-02-05 12:22:04 [INFO] mutator: Mutator initialized\n2026-02-05 12:22:04 [INFO] mutator: Mutator initialized\n2026-02-05 12:22:04 [INFO] mutator: Mutator initialized\n------------------------------ Captured log setup ------------------------------\n\u001b[32mINFO    \u001b[0m mutator:dharmic_logging.py:128 Mutator initialized\n----------------------------- Captured stderr call -----------------------------\n2026-02-05 12:22:04 [INFO] mutator: Proposing mutation\n2026-02-05 12:22:04 [INFO] mutator: Proposing mutation\n2026-02-05 12:22:04 [INFO] mutator: Proposing mutation\n2026-02-05 12:22:04 [INFO] mutator: Using MOCK LLM response\n2026-02-05 12:22:04 [INFO] mutator: Using MOCK LLM response\n2026-02-05 12:22:04 [INFO] mutator: Using MOCK LLM response\n2026-02-05 12:22:04 [DHARMIC] mutator: Mutation proposed\n2026-02-05 12:22:04 [DHARMIC] mutator: Mutation proposed\n2026-02-05 12:22:04 [DHARMIC] mutator: Mutation proposed\n------------------------------ Captured log call -------------------------------\n\u001b[32mINFO    \u001b[0m mutator:dharmic_logging.py:128 Proposing mutation\n\u001b[32mINFO    \u001b[0m mutator:dharmic_logging.py:128 Using MOCK LLM response\nDHARMIC  mutator:dharmic_logging.py:122 Mutation proposed\n\u001b[31m\u001b[1m__________ TestErrorHandling.test_claude_error_raises_mutation_error ___________\u001b[0m\n\u001b[1m\u001b[31mtests/test_mutator.py\u001b[0m:605: in test_claude_error_raises_mutation_error\n    \u001b[0m\u001b[94mwith\u001b[39;49;00m pytest.raises(MutationError) \u001b[94mas\u001b[39;49;00m exc_info:\u001b[90m\u001b[39;49;00m\n         ^^^^^^^^^^^^^^^^^^^^^^^^^^^^\u001b[90m\u001b[39;49;00m\n\u001b[1m\u001b[31mE   Failed: DID NOT RAISE <class 'dgm.mutator.MutationError'>\u001b[0m\n---------------------------- Captured stderr setup -----------------------------\n2026-02-05 12:22:04 [INFO] mutator: Mutator initialized\n2026-02-05 12:22:04 [INFO] mutator: Mutator initialized\n2026-02-05 12:22:04 [INFO] mutator: Mutator initialized\n------------------------------ Captured log setup ------------------------------\n\u001b[32mINFO    \u001b[0m mutator:dharmic_logging.py:128 Mutator initialized\n----------------------------- Captured stderr call -----------------------------\n2026-02-05 12:22:04 [INFO] mutator: Proposing mutation\n2026-02-05 12:22:04 [INFO] mutator: Proposing mutation\n2026-02-05 12:22:04 [INFO] mutator: Proposing mutation\n2026-02-05 12:22:04 [INFO] mutator: Using MOCK LLM response\n2026-02-05 12:22:04 [INFO] mutator: Using MOCK LLM response\n2026-02-05 12:22:04 [INFO] mutator: Using MOCK LLM response\n2026-02-05 12:22:04 [DHARMIC] mutator: Mutation proposed\n2026-02-05 12:22:04 [DHARMIC] mutator: Mutation proposed\n2026-02-05 12:22:04 [DHARMIC] mutator: Mutation proposed\n------------------------------ Captured log call -------------------------------\n\u001b[32mINFO    \u001b[0m mutator:dharmic_logging.py:128 Proposing mutation\n\u001b[32mINFO    \u001b[0m mutator:dharmic_logging.py:128 Using MOCK LLM response\nDHARMIC  mutator:dharmic_logging.py:122 Mutation proposed\n\u001b[31m\u001b[1m___________________ TestGateResult.test_gate_result_members ____________________\u001b[0m\n\u001b[1m\u001b[31mtests/test_telos_comprehensive.py\u001b[0m:45: in test_gate_result_members\n    \u001b[0m\u001b[94massert\u001b[39;49;00m \u001b[96mlen\u001b[39;49;00m(GateResult) == \u001b[94m4\u001b[39;49;00m\u001b[90m\u001b[39;49;00m\n\u001b[1m\u001b[31mE   assert 7 == 4\u001b[0m\n\u001b[1m\u001b[31mE    +  where 7 = len(GateResult)\u001b[0m\n\u001b[31m\u001b[1m____________________ TestGateCheck.test_gate_check_creation ____________________\u001b[0m\n\u001b[1m\u001b[31mtests/test_telos_comprehensive.py\u001b[0m:61: in test_gate_check_creation\n    \u001b[0mcheck = GateCheck(gate=\u001b[33m\"\u001b[39;49;00m\u001b[33mAHIMSA\u001b[39;49;00m\u001b[33m\"\u001b[39;49;00m, result=GateResult.PASS, reason=\u001b[33m\"\u001b[39;49;00m\u001b[33mNo harm\u001b[39;49;00m\u001b[33m\"\u001b[39;49;00m)\u001b[90m\u001b[39;49;00m\n            ^^^^^^^^^^^^^^^^^^^^^^^^^^^^^^^^^^^^^^^^^^^^^^^^^^^^^^^^^^^^^^^^^^\u001b[90m\u001b[39;49;00m\n\u001b[1m\u001b[31mE   TypeError: GateCheck.__init__() got an unexpected keyword argument 'gate'\u001b[0m\n\u001b[31m\u001b[1m___________________ TestGateCheck.test_gate_check_fail_state ___________________\u001b[0m\n\u001b[1m\u001b[31mtests/test_telos_comprehensive.py\u001b[0m:68: in test_gate_check_fail_state\n    \u001b[0mcheck = GateCheck(gate=\u001b[33m\"\u001b[39;49;00m\u001b[33mSATYA\u001b[39;49;00m\u001b[33m\"\u001b[39;49;00m, result=GateResult.FAIL, reason=\u001b[33m\"\u001b[39;49;00m\u001b[33mUnverified\u001b[39;49;00m\u001b[33m\"\u001b[39;49;00m)\u001b[90m\u001b[39;49;00m\n            ^^^^^^^^^^^^^^^^^^^^^^^^^^^^^^^^^^^^^^^^^^^^^^^^^^^^^^^^^^^^^^^^^^^^\u001b[90m\u001b[39;49;00m\n\u001b[1m\u001b[31mE   TypeError: GateCheck.__init__() got an unexpected keyword argument 'gate'\u001b[0m\n\u001b[31m\u001b[1m________________ TestGateCheck.test_gate_check_uncertain_state _________________\u001b[0m\n\u001b[1m\u001b[31mtests/test_telos_comprehensive.py\u001b[0m:73: in test_gate_check_uncertain_state\n    \u001b[0mcheck = GateCheck(gate=\u001b[33m\"\u001b[39;49;00m\u001b[33mCONSENT\u001b[39;49;00m\u001b[33m\"\u001b[39;49;00m, result=GateResult.UNCERTAIN, reason=\u001b[33m\"\u001b[39;49;00m\u001b[33mUnknown\u001b[39;49;00m\u001b[33m\"\u001b[39;49;00m)\u001b[90m\u001b[39;49;00m\n            ^^^^^^^^^^^^^^^^^^^^^^^^^^^^^^^^^^^^^^^^^^^^^^^^^^^^^^^^^^^^^^^^^^^^^^^^\u001b[90m\u001b[39;49;00m\n\u001b[1m\u001b[31mE   TypeError: GateCheck.__init__() got an unexpected keyword argument 'gate'\u001b[0m\n\u001b[31m\u001b[1m_______________ TestGateCheck.test_gate_check_needs_human_state ________________\u001b[0m\n\u001b[1m\u001b[31mtests/test_telos_comprehensive.py\u001b[0m:78: in test_gate_check_needs_human_state\n    \u001b[0mcheck = GateCheck(gate=\u001b[33m\"\u001b[39;49;00m\u001b[33mCONSENT\u001b[39;49;00m\u001b[33m\"\u001b[39;49;00m, result=GateResult.NEEDS_HUMAN, reason=\u001b[33m\"\u001b[39;49;00m\u001b[33mRequires approval\u001b[39;49;00m\u001b[33m\"\u001b[39;49;00m)\u001b[90m\u001b[39;49;00m\n            ^^^^^^^^^^^^^^^^^^^^^^^^^^^^^^^^^^^^^^^^^^^^^^^^^^^^^^^^^^^^^^^^^^^^^^^^^^^^^^^^^^^^\u001b[90m\u001b[39;49;00m\n\u001b[1m\u001b[31mE   TypeError: GateCheck.__init__() got an unexpected keyword argument 'gate'\u001b[0m\n\u001b[31m\u001b[1m__________________ TestGateCheck.test_gate_check_has_metadata __________________\u001b[0m\n\u001b[1m\u001b[31mtests/test_telos_comprehensive.py\u001b[0m:83: in test_gate_check_has_metadata\n    \u001b[0mcheck = GateCheck(gate=\u001b[33m\"\u001b[39;49;00m\u001b[33mTEST\u001b[39;49;00m\u001b[33m\"\u001b[39;49;00m, result=GateResult.PASS, reason=\u001b[33m\"\u001b[39;49;00m\u001b[33mOK\u001b[39;49;00m\u001b[33m\"\u001b[39;49;00m, metadata={\u001b[33m\"\u001b[39;49;00m\u001b[33mkey\u001b[39;49;00m\u001b[33m\"\u001b[39;49;00m: \u001b[33m\"\u001b[39;49;00m\u001b[33mvalue\u001b[39;49;00m\u001b[33m\"\u001b[39;49;00m})\u001b[90m\u001b[39;49;00m\n            ^^^^^^^^^^^^^^^^^^^^^^^^^^^^^^^^^^^^^^^^^^^^^^^^^^^^^^^^^^^^^^^^^^^^^^^^^^^^^^^^^^^^^^\u001b[90m\u001b[39;49;00m\n\u001b[1m\u001b[31mE   TypeError: GateCheck.__init__() got an unexpected keyword argument 'gate'\u001b[0m\n\u001b[31m\u001b[1m_________________ TestGateCheck.test_gate_check_has_timestamp __________________\u001b[0m\n\u001b[1m\u001b[31mtests/test_telos_comprehensive.py\u001b[0m:88: in test_gate_check_has_timestamp\n    \u001b[0mcheck = GateCheck(gate=\u001b[33m\"\u001b[39;49;00m\u001b[33mTEST\u001b[39;49;00m\u001b[33m\"\u001b[39;49;00m, result=GateResult.PASS, reason=\u001b[33m\"\u001b[39;49;00m\u001b[33mOK\u001b[39;49;00m\u001b[33m\"\u001b[39;49;00m)\u001b[90m\u001b[39;49;00m\n            ^^^^^^^^^^^^^^^^^^^^^^^^^^^^^^^^^^^^^^^^^^^^^^^^^^^^^^^^^^^\u001b[90m\u001b[39;49;00m\n\u001b[1m\u001b[31mE   TypeError: GateCheck.__init__() got an unexpected keyword argument 'gate'\u001b[0m\n\u001b[31m\u001b[1m___________________ TestTelosCheck.test_telos_check_creation ___________________\u001b[0m\n\u001b[1m\u001b[31mtests/test_telos_comprehensive.py\u001b[0m:101: in test_telos_check_creation\n    \u001b[0mgates = [GateCheck(\u001b[33m\"\u001b[39;49;00m\u001b[33mTEST\u001b[39;49;00m\u001b[33m\"\u001b[39;49;00m, GateResult.PASS, \u001b[33m\"\u001b[39;49;00m\u001b[33mOK\u001b[39;49;00m\u001b[33m\"\u001b[39;49;00m)]\u001b[90m\u001b[39;49;00m\n             ^^^^^^^^^^^^^^^^^^^^^^^^^^^^^^^^^^^^^^^^\u001b[90m\u001b[39;49;00m\n\u001b[1m\u001b[31mE   TypeError: GateCheck.__init__() missing 3 required positional arguments: 'reason', 'tier', and 'category'\u001b[0m\n\u001b[31m\u001b[1m_________________ TestTelosCheck.test_telos_check_failed_state _________________\u001b[0m\n\u001b[1m\u001b[31mtests/test_telos_comprehensive.py\u001b[0m:110: in test_telos_check_failed_state\n    \u001b[0mgates = [GateCheck(\u001b[33m\"\u001b[39;49;00m\u001b[33mAHIMSA\u001b[39;49;00m\u001b[33m\"\u001b[39;49;00m, GateResult.FAIL, \u001b[33m\"\u001b[39;49;00m\u001b[33mHarmful\u001b[39;49;00m\u001b[33m\"\u001b[39;49;00m)]\u001b[90m\u001b[39;49;00m\n             ^^^^^^^^^^^^^^^^^^^^^^^^^^^^^^^^^^^^^^^^^^^^^^^\u001b[90m\u001b[39;49;00m\n\u001b[1m\u001b[31mE   TypeError: GateCheck.__init__() missing 3 required positional arguments: 'reason', 'tier', and 'category'\u001b[0m\n\u001b[31m\u001b[1m_______________ TestTelosCheck.test_telos_check_has_witness_hash _______________\u001b[0m\n\u001b[1m\u001b[31mtests/test_telos_comprehensive.py\u001b[0m:116: in test_telos_check_has_witness_hash\n    \u001b[0mgates = [GateCheck(\u001b[33m\"\u001b[39;49;00m\u001b[33mTEST\u001b[39;49;00m\u001b[33m\"\u001b[39;49;00m, GateResult.PASS, \u001b[33m\"\u001b[39;49;00m\u001b[33mOK\u001b[39;49;00m\u001b[33m\"\u001b[39;49;00m)]\u001b[90m\u001b[39;49;00m\n             ^^^^^^^^^^^^^^^^^^^^^^^^^^^^^^^^^^^^^^^^\u001b[90m\u001b[39;49;00m\n\u001b[1m\u001b[31mE   TypeError: GateCheck.__init__() missing 3 required positional arguments: 'reason', 'tier', and 'category'\u001b[0m\n\u001b[31m\u001b[1m___________ TestReversibilityGate.test_reversibility_fails_permanent ___________\u001b[0m\n\u001b[1m\u001b[31mtests/test_telos_comprehensive.py\u001b[0m:294: in test_reversibility_fails_permanent\n    \u001b[0m\u001b[94massert\u001b[39;49;00m result.result == GateResult.FAIL\u001b[90m\u001b[39;49;00m\n\u001b[1m\u001b[31mE   assert <GateResult.WARN: 'warn'> == <GateResult.FAIL: 'fail'>\u001b[0m\n\u001b[1m\u001b[31mE    +  where <GateResult.WARN: 'warn'> = GateCheck(gate_id=13, gate_name='REVERSIBILITY', result=<GateResult.WARN: 'warn'>, reason=\"Irreversible pattern: 'permanent'\", tier=<GateTier.ADVISORY: 'advisory'>, category=<GateCategory.DHARMIC: 'dharmic'>, metadata={'pattern': 'permanent', 'reversible': False}, timestamp='2026-02-05T04:22:05.525380+00:00', duration_seconds=0.0).result\u001b[0m\n\u001b[1m\u001b[31mE    +  and   <GateResult.FAIL: 'fail'> = GateResult.FAIL\u001b[0m\n----------------------------- Captured stderr call -----------------------------\n2026-02-05 12:22:05 [INFO] unified_gates.witness: WITNESS_HASH: beb42e7a4e5648fce677456c286df529 for action 'permanent deletion...' [can_proceed=False, alignment=38%]\n2026-02-05 12:22:05 [INFO] unified_gates.witness: WITNESS_HASH: beb42e7a4e5648fce677456c286df529 for action 'permanent deletion...' [can_proceed=False, alignment=38%]\n2026-02-05 12:22:05 [INFO] unified_gates.witness: WITNESS_HASH: beb42e7a4e5648fce677456c286df529 for action 'permanent deletion...' [can_proceed=False, alignment=38%]\n------------------------------ Captured log call -------------------------------\n\u001b[35mDEBUG   \u001b[0m unified_gates.witness:dharmic_logging.py:134 WITNESS[1]: Observing check of 'permanent deletion...' at 2026-02-05T04:22:05.525391+00:00\n\u001b[32mINFO    \u001b[0m unified_gates.witness:dharmic_logging.py:128 WITNESS_HASH: beb42e7a4e5648fce677456c286df529 for action 'permanent deletion...' [can_proceed=False, alignment=38%]\n\u001b[31m\u001b[1m_________ TestReversibilityGate.test_reversibility_fails_irreversible __________\u001b[0m\n\u001b[1m\u001b[31mtests/test_telos_comprehensive.py\u001b[0m:300: in test_reversibility_fails_irreversible\n    \u001b[0m\u001b[94massert\u001b[39;49;00m result.result == GateResult.FAIL\u001b[90m\u001b[39;49;00m\n\u001b[1m\u001b[31mE   assert <GateResult.WARN: 'warn'> == <GateResult.FAIL: 'fail'>\u001b[0m\n\u001b[1m\u001b[31mE    +  where <GateResult.WARN: 'warn'> = GateCheck(gate_id=13, gate_name='REVERSIBILITY', result=<GateResult.WARN: 'warn'>, reason=\"Irreversible pattern: 'irreversible'\", tier=<GateTier.ADVISORY: 'advisory'>, category=<GateCategory.DHARMIC: 'dharmic'>, metadata={'pattern': 'irreversible', 'reversible': False}, timestamp='2026-02-05T04:22:05.533800+00:00', duration_seconds=0.0).result\u001b[0m\n\u001b[1m\u001b[31mE    +  and   <GateResult.FAIL: 'fail'> = GateResult.FAIL\u001b[0m\n----------------------------- Captured stderr call -----------------------------\n2026-02-05 12:22:05 [INFO] unified_gates.witness: WITNESS_HASH: ec5ef71cf268c6d1f33e9da367ed7b65 for action 'irreversible change...' [can_proceed=True, alignment=38%]\n2026-02-05 12:22:05 [INFO] unified_gates.witness: WITNESS_HASH: ec5ef71cf268c6d1f33e9da367ed7b65 for action 'irreversible change...' [can_proceed=True, alignment=38%]\n2026-02-05 12:22:05 [INFO] unified_gates.witness: WITNESS_HASH: ec5ef71cf268c6d1f33e9da367ed7b65 for action 'irreversible change...' [can_proceed=True, alignment=38%]\n------------------------------ Captured log call -------------------------------\n\u001b[35mDEBUG   \u001b[0m unified_gates.witness:dharmic_logging.py:134 WITNESS[1]: Observing check of 'irreversible change...' at 2026-02-05T04:22:05.533811+00:00\n\u001b[32mINFO    \u001b[0m unified_gates.witness:dharmic_logging.py:128 WITNESS_HASH: ec5ef71cf268c6d1f33e9da367ed7b65 for action 'irreversible change...' [can_proceed=True, alignment=38%]\n\u001b[31m\u001b[1m_______ TestReversibilityGate.test_reversibility_fails_when_cannot_undo ________\u001b[0m\n\u001b[1m\u001b[31mtests/test_telos_comprehensive.py\u001b[0m:321: in test_reversibility_fails_when_cannot_undo\n    \u001b[0m\u001b[94massert\u001b[39;49;00m result.result == GateResult.FAIL\u001b[90m\u001b[39;49;00m\n\u001b[1m\u001b[31mE   AssertionError: assert <GateResult.WARN: 'warn'> == <GateResult.FAIL: 'fail'>\u001b[0m\n\u001b[1m\u001b[31mE    +  where <GateResult.WARN: 'warn'> = GateCheck(gate_id=13, gate_name='REVERSIBILITY', result=<GateResult.WARN: 'warn'>, reason='Action marked as permanent/irreversible', tier=<GateTier.ADVISORY: 'advisory'>, category=<GateCategory.DHARMIC: 'dharmic'>, metadata={}, timestamp='2026-02-05T04:22:05.544839+00:00', duration_seconds=0.0).result\u001b[0m\n\u001b[1m\u001b[31mE    +  and   <GateResult.FAIL: 'fail'> = GateResult.FAIL\u001b[0m\n----------------------------- Captured stderr call -----------------------------\n2026-02-05 12:22:05 [INFO] unified_gates.witness: WITNESS_HASH: 5becd4b9b1bc0d021a0bd22cc30b3878 for action 'action...' [can_proceed=True, alignment=38%]\n2026-02-05 12:22:05 [INFO] unified_gates.witness: WITNESS_HASH: 5becd4b9b1bc0d021a0bd22cc30b3878 for action 'action...' [can_proceed=True, alignment=38%]\n2026-02-05 12:22:05 [INFO] unified_gates.witness: WITNESS_HASH: 5becd4b9b1bc0d021a0bd22cc30b3878 for action 'action...' [can_proceed=True, alignment=38%]\n------------------------------ Captured log call -------------------------------\n\u001b[35mDEBUG   \u001b[0m unified_gates.witness:dharmic_logging.py:134 WITNESS[1]: Observing check of 'action...' at 2026-02-05T04:22:05.544851+00:00\n\u001b[32mINFO    \u001b[0m unified_gates.witness:dharmic_logging.py:128 WITNESS_HASH: 5becd4b9b1bc0d021a0bd22cc30b3878 for action 'action...' [can_proceed=True, alignment=38%]\n\u001b[31m\u001b[1m____________ TestVyavasthitGate.test_vyavasthit_fails_force_pattern ____________\u001b[0m\n\u001b[1m\u001b[31mtests/test_telos_comprehensive.py\u001b[0m:335: in test_vyavasthit_fails_force_pattern\n    \u001b[0m\u001b[94massert\u001b[39;49;00m result.result == GateResult.FAIL\u001b[90m\u001b[39;49;00m\n\u001b[1m\u001b[31mE   assert <GateResult.WARN: 'warn'> == <GateResult.FAIL: 'fail'>\u001b[0m\n\u001b[1m\u001b[31mE    +  where <GateResult.WARN: 'warn'> = GateCheck(gate_id=12, gate_name='VYAVASTHIT', result=<GateResult.WARN: 'warn'>, reason=\"Forcing pattern detected: 'force'\", tier=<GateTier.ADVISORY: 'advisory'>, category=<GateCategory.DHARMIC: 'dharmic'>, metadata={'pattern': 'force', 'violation': 'forced_outcome'}, timestamp='2026-02-05T04:22:05.553850+00:00', duration_seconds=0.0).result\u001b[0m\n\u001b[1m\u001b[31mE    +  and   <GateResult.FAIL: 'fail'> = GateResult.FAIL\u001b[0m\n----------------------------- Captured stderr call -----------------------------\n2026-02-05 12:22:05 [INFO] unified_gates.witness: WITNESS_HASH: b8cf17d2c9b604b1d9b920071e1aea9c for action 'force the system to comply...' [can_proceed=True, alignment=25%]\n2026-02-05 12:22:05 [INFO] unified_gates.witness: WITNESS_HASH: b8cf17d2c9b604b1d9b920071e1aea9c for action 'force the system to comply...' [can_proceed=True, alignment=25%]\n2026-02-05 12:22:05 [INFO] unified_gates.witness: WITNESS_HASH: b8cf17d2c9b604b1d9b920071e1aea9c for action 'force the system to comply...' [can_proceed=True, alignment=25%]\n------------------------------ Captured log call -------------------------------\n\u001b[35mDEBUG   \u001b[0m unified_gates.witness:dharmic_logging.py:134 WITNESS[1]: Observing check of 'force the system to comply...' at 2026-02-05T04:22:05.553871+00:00\n\u001b[32mINFO    \u001b[0m unified_gates.witness:dharmic_logging.py:128 WITNESS_HASH: b8cf17d2c9b604b1d9b920071e1aea9c for action 'force the system to comply...' [can_proceed=True, alignment=25%]\n\u001b[31m\u001b[1m__________ TestVyavasthitGate.test_vyavasthit_fails_override_pattern ___________\u001b[0m\n\u001b[1m\u001b[31mtests/test_telos_comprehensive.py\u001b[0m:340: in test_vyavasthit_fails_override_pattern\n    \u001b[0m\u001b[94massert\u001b[39;49;00m result.result == GateResult.FAIL\u001b[90m\u001b[39;49;00m\n\u001b[1m\u001b[31mE   assert <GateResult.WARN: 'warn'> == <GateResult.FAIL: 'fail'>\u001b[0m\n\u001b[1m\u001b[31mE    +  where <GateResult.WARN: 'warn'> = GateCheck(gate_id=12, gate_name='VYAVASTHIT', result=<GateResult.WARN: 'warn'>, reason=\"Forcing pattern detected: 'override'\", tier=<GateTier.ADVISORY: 'advisory'>, category=<GateCategory.DHARMIC: 'dharmic'>, metadata={'pattern': 'override', 'violation': 'forced_outcome'}, timestamp='2026-02-05T04:22:05.562221+00:00', duration_seconds=0.0).result\u001b[0m\n\u001b[1m\u001b[31mE    +  and   <GateResult.FAIL: 'fail'> = GateResult.FAIL\u001b[0m\n----------------------------- Captured stderr call -----------------------------\n2026-02-05 12:22:05 [INFO] unified_gates.witness: WITNESS_HASH: b2ca32c75a8baeff259be19edaf1e1c1 for action 'override the safety check...' [can_proceed=True, alignment=50%]\n2026-02-05 12:22:05 [INFO] unified_gates.witness: WITNESS_HASH: b2ca32c75a8baeff259be19edaf1e1c1 for action 'override the safety check...' [can_proceed=True, alignment=50%]\n2026-02-05 12:22:05 [INFO] unified_gates.witness: WITNESS_HASH: b2ca32c75a8baeff259be19edaf1e1c1 for action 'override the safety check...' [can_proceed=True, alignment=50%]\n------------------------------ Captured log call -------------------------------\n\u001b[35mDEBUG   \u001b[0m unified_gates.witness:dharmic_logging.py:134 WITNESS[1]: Observing check of 'override the safety check...' at 2026-02-05T04:22:05.562241+00:00\n\u001b[32mINFO    \u001b[0m unified_gates.witness:dharmic_logging.py:128 WITNESS_HASH: b2ca32c75a8baeff259be19edaf1e1c1 for action 'override the safety check...' [can_proceed=True, alignment=50%]\n\u001b[31m\u001b[1m___________ TestSvabhaa\u0432\u0430Gate.test_svabhaava_fails_misaligned_action ___________\u001b[0m\n\u001b[1m\u001b[31mtests/test_telos_comprehensive.py\u001b[0m:359: in test_svabhaava_fails_misaligned_action\n    \u001b[0m\u001b[94massert\u001b[39;49;00m result.result == GateResult.FAIL\u001b[90m\u001b[39;49;00m\n\u001b[1m\u001b[31mE   assert <GateResult.WARN: 'warn'> == <GateResult.FAIL: 'fail'>\u001b[0m\n\u001b[1m\u001b[31mE    +  where <GateResult.WARN: 'warn'> = GateCheck(gate_id=14, gate_name='SVABHAAVA', result=<GateResult.WARN: 'warn'>, reason=\"Action misaligned with telos 'moksha': 'deceive'\", tier=<GateTier.ADVISORY: 'advisory'>, category=<GateCategory.DHARMIC: 'dharmic'>, metadata={'telos': 'moksha', 'pattern': 'deceive'}, timestamp='2026-02-05T04:22:05.572062+00:00', duration_seconds=0.0).result\u001b[0m\n\u001b[1m\u001b[31mE    +  and   <GateResult.FAIL: 'fail'> = GateResult.FAIL\u001b[0m\n----------------------------- Captured stderr call -----------------------------\n2026-02-05 12:22:05 [INFO] unified_gates.witness: WITNESS_HASH: 8ed21a8418238ee471e8905f9df54c08 for action 'deceive the user...' [can_proceed=False, alignment=38%]\n2026-02-05 12:22:05 [INFO] unified_gates.witness: WITNESS_HASH: 8ed21a8418238ee471e8905f9df54c08 for action 'deceive the user...' [can_proceed=False, alignment=38%]\n2026-02-05 12:22:05 [INFO] unified_gates.witness: WITNESS_HASH: 8ed21a8418238ee471e8905f9df54c08 for action 'deceive the user...' [can_proceed=False, alignment=38%]\n------------------------------ Captured log call -------------------------------\n\u001b[35mDEBUG   \u001b[0m unified_gates.witness:dharmic_logging.py:134 WITNESS[1]: Observing check of 'deceive the user...' at 2026-02-05T04:22:05.572066+00:00\n\u001b[32mINFO    \u001b[0m unified_gates.witness:dharmic_logging.py:128 WITNESS_HASH: 8ed21a8418238ee471e8905f9df54c08 for action 'deceive the user...' [can_proceed=False, alignment=38%]\n\u001b[31m\u001b[1m__________ TestSvabhaa\u0432\u0430Gate.test_svabhaava_fails_manipulate_pattern ___________\u001b[0m\n\u001b[1m\u001b[31mtests/test_telos_comprehensive.py\u001b[0m:364: in test_svabhaava_fails_manipulate_pattern\n    \u001b[0m\u001b[94massert\u001b[39;49;00m result.result == GateResult.FAIL\u001b[90m\u001b[39;49;00m\n\u001b[1m\u001b[31mE   assert <GateResult.WARN: 'warn'> == <GateResult.FAIL: 'fail'>\u001b[0m\n\u001b[1m\u001b[31mE    +  where <GateResult.WARN: 'warn'> = GateCheck(gate_id=14, gate_name='SVABHAAVA', result=<GateResult.WARN: 'warn'>, reason=\"Action misaligned with telos 'moksha': 'manipulate'\", tier=<GateTier.ADVISORY: 'advisory'>, category=<GateCategory.DHARMIC: 'dharmic'>, metadata={'telos': 'moksha', 'pattern': 'manipulate'}, timestamp='2026-02-05T04:22:05.580507+00:00', duration_seconds=0.0).result\u001b[0m\n\u001b[1m\u001b[31mE    +  and   <GateResult.FAIL: 'fail'> = GateResult.FAIL\u001b[0m\n----------------------------- Captured stderr call -----------------------------\n2026-02-05 12:22:05 [INFO] unified_gates.witness: WITNESS_HASH: f74ff94ba9c0a6598139757a5953e5c7 for action 'manipulate the outcome...' [can_proceed=True, alignment=38%]\n2026-02-05 12:22:05 [INFO] unified_gates.witness: WITNESS_HASH: f74ff94ba9c0a6598139757a5953e5c7 for action 'manipulate the outcome...' [can_proceed=True, alignment=38%]\n2026-02-05 12:22:05 [INFO] unified_gates.witness: WITNESS_HASH: f74ff94ba9c0a6598139757a5953e5c7 for action 'manipulate the outcome...' [can_proceed=True, alignment=38%]\n------------------------------ Captured log call -------------------------------\n\u001b[35mDEBUG   \u001b[0m unified_gates.witness:dharmic_logging.py:134 WITNESS[1]: Observing check of 'manipulate the outcome...' at 2026-02-05T04:22:05.580511+00:00\n\u001b[32mINFO    \u001b[0m unified_gates.witness:dharmic_logging.py:128 WITNESS_HASH: f74ff94ba9c0a6598139757a5953e5c7 for action 'manipulate the outcome...' [can_proceed=True, alignment=38%]\n\u001b[31m\u001b[1m________ TestSvabhaa\u0432\u0430Gate.test_svabhaava_fails_with_context_misaligned ________\u001b[0m\n\u001b[1m\u001b[31mtests/test_telos_comprehensive.py\u001b[0m:379: in test_svabhaava_fails_with_context_misaligned\n    \u001b[0m\u001b[94massert\u001b[39;49;00m result.result == GateResult.FAIL\u001b[90m\u001b[39;49;00m\n\u001b[1m\u001b[31mE   AssertionError: assert <GateResult.WARN: 'warn'> == <GateResult.FAIL: 'fail'>\u001b[0m\n\u001b[1m\u001b[31mE    +  where <GateResult.WARN: 'warn'> = GateCheck(gate_id=14, gate_name='SVABHAAVA', result=<GateResult.WARN: 'warn'>, reason='Telos misalignment indicated by context', tier=<GateTier.ADVISORY: 'advisory'>, category=<GateCategory.DHARMIC: 'dharmic'>, metadata={}, timestamp='2026-02-05T04:22:05.590342+00:00', duration_seconds=0.0).result\u001b[0m\n\u001b[1m\u001b[31mE    +  and   <GateResult.FAIL: 'fail'> = GateResult.FAIL\u001b[0m\n----------------------------- Captured stderr call -----------------------------\n2026-02-05 12:22:05 [INFO] unified_gates.witness: WITNESS_HASH: 321b68d7ff74e42bdf9c79420ed68a40 for action 'action...' [can_proceed=True, alignment=38%]\n2026-02-05 12:22:05 [INFO] unified_gates.witness: WITNESS_HASH: 321b68d7ff74e42bdf9c79420ed68a40 for action 'action...' [can_proceed=True, alignment=38%]\n2026-02-05 12:22:05 [INFO] unified_gates.witness: WITNESS_HASH: 321b68d7ff74e42bdf9c79420ed68a40 for action 'action...' [can_proceed=True, alignment=38%]\n------------------------------ Captured log call -------------------------------\n\u001b[35mDEBUG   \u001b[0m unified_gates.witness:dharmic_logging.py:134 WITNESS[1]: Observing check of 'action...' at 2026-02-05T04:22:05.590346+00:00\n\u001b[32mINFO    \u001b[0m unified_gates.witness:dharmic_logging.py:128 WITNESS_HASH: 321b68d7ff74e42bdf9c79420ed68a40 for action 'action...' [can_proceed=True, alignment=38%]\n\u001b[31m\u001b[1m___________________ TestCheckAction.test_all_gates_evaluated ___________________\u001b[0m\n\u001b[1m\u001b[31mtests/test_telos_comprehensive.py\u001b[0m:448: in test_all_gates_evaluated\n    \u001b[0m\u001b[94massert\u001b[39;49;00m \u001b[96mlen\u001b[39;49;00m(result.gates) == \u001b[94m7\u001b[39;49;00m\u001b[90m\u001b[39;49;00m\n\u001b[1m\u001b[31mE   assert 8 == 7\u001b[0m\n\u001b[1m\u001b[31mE    +  where 8 = len([GateCheck(gate_id=9, gate_name='AHIMSA', result=<GateResult.PASS: 'pass'>, reason='No harm detected', tier=<GateTier.ABSOLUTE: 'absolute'>, category=<GateCategory.DHARMIC: 'dharmic'>, metadata={}, timestamp='2026-02-05T04:22:05.605864+00:00', duration_seconds=0.0), GateCheck(gate_id=10, gate_name='SATYA', result=<GateResult.UNCERTAIN: 'uncertain'>, reason='Truth status unknown - verify if possible', tier=<GateTier.STRONG: 'strong'>, category=<GateCategory.DHARMIC: 'dharmic'>, metadata={}, timestamp='2026-02-05T04:22:05.605870+00:00', duration_seconds=0.0), GateCheck(gate_id=11, gate_name='CONSENT', result=<GateResult.UNCERTAIN: 'uncertain'>, reason='Consent status unclear - consider requesting', tier=<GateTier.STRONG: 'strong'>, category=<GateCategory.DHARMIC: 'dharmic'>, metadata={}, timestamp='2026-02-05T04:22:05.605885+00:00', duration_seconds=0.0), GateCheck(gate_id=12, gate_name='VYAVASTHIT', result=<GateResult.PASS: 'pass'>, reason='No forcing detected - natural order respected', tier=<GateTier.ADVISORY: 'advisory'>, category=<GateCategory.DHARMIC: 'dharmic'>, metadata={}, timestamp='2026-02-05T04:22:05.605891+00:00', duration_seconds=0.0), GateCheck(gate_id=13, gate_name='REVERSIBILITY', result=<GateResult.PASS: 'pass'>, reason='Non-mutating operation - inherently reversible', tier=<GateTier.ADVISORY: 'advisory'>, category=<GateCategory.DHARMIC: 'dharmic'>, metadata={}, timestamp='2026-02-05T04:22:05.605898+00:00', duration_seconds=0.0), GateCheck(gate_id=14, gate_name='SVABHAAVA', result=<GateResult.UNCERTAIN: 'uncertain'>, reason=\"Telos alignment with 'moksha' unclear - verify intent\", tier=<GateTier.ADVISORY: 'advisory'>, category=<GateCategory.DHARMIC: 'dharmic'>, metadata={}, timestamp='2026-02-05T04:22:05.605905+00:00', duration_seconds=0.0), ...])\u001b[0m\n\u001b[1m\u001b[31mE    +    where [GateCheck(gate_id=9, gate_name='AHIMSA', result=<GateResult.PASS: 'pass'>, reason='No harm detected', tier=<GateTier.ABSOLUTE: 'absolute'>, category=<GateCategory.DHARMIC: 'dharmic'>, metadata={}, timestamp='2026-02-05T04:22:05.605864+00:00', duration_seconds=0.0), GateCheck(gate_id=10, gate_name='SATYA', result=<GateResult.UNCERTAIN: 'uncertain'>, reason='Truth status unknown - verify if possible', tier=<GateTier.STRONG: 'strong'>, category=<GateCategory.DHARMIC: 'dharmic'>, metadata={}, timestamp='2026-02-05T04:22:05.605870+00:00', duration_seconds=0.0), GateCheck(gate_id=11, gate_name='CONSENT', result=<GateResult.UNCERTAIN: 'uncertain'>, reason='Consent status unclear - consider requesting', tier=<GateTier.STRONG: 'strong'>, category=<GateCategory.DHARMIC: 'dharmic'>, metadata={}, timestamp='2026-02-05T04:22:05.605885+00:00', duration_seconds=0.0), GateCheck(gate_id=12, gate_name='VYAVASTHIT', result=<GateResult.PASS: 'pass'>, reason='No forcing detected - natural order respected', tier=<GateTier.ADVISORY: 'advisory'>, category=<GateCategory.DHARMIC: 'dharmic'>, metadata={}, timestamp='2026-02-05T04:22:05.605891+00:00', duration_seconds=0.0), GateCheck(gate_id=13, gate_name='REVERSIBILITY', result=<GateResult.PASS: 'pass'>, reason='Non-mutating operation - inherently reversible', tier=<GateTier.ADVISORY: 'advisory'>, category=<GateCategory.DHARMIC: 'dharmic'>, metadata={}, timestamp='2026-02-05T04:22:05.605898+00:00', duration_seconds=0.0), GateCheck(gate_id=14, gate_name='SVABHAAVA', result=<GateResult.UNCERTAIN: 'uncertain'>, reason=\"Telos alignment with 'moksha' unclear - verify intent\", tier=<GateTier.ADVISORY: 'advisory'>, category=<GateCategory.DHARMIC: 'dharmic'>, metadata={}, timestamp='2026-02-05T04:22:05.605905+00:00', duration_seconds=0.0), ...] = TelosCheck(passed=True, gates=[GateCheck(gate_id=9, gate_name='AHIMSA', result=<GateResult.PASS: 'pass'>, reason='No harm detected', tier=<GateTier.ABSOLUTE: 'absolute'>, category=<GateCategory.DHARMIC: 'dharmic'>, metadata={}, timestamp='2026-02-05T04:22:05.605864+00:00', duration_seconds=0.0), GateCheck(gate_id=10, gate_name='SATYA', result=<GateResult.UNCERTAIN: 'uncertain'>, reason='Truth status unknown - verify if possible', tier=<GateTier.STRONG: 'strong'>, category=<GateCategory.DHARMIC: 'dharmic'>, metadata={}, timestamp='2026-02-05T04:22:05.605870+00:00', duration_seconds=0.0), GateCheck(gate_id=11, gate_name='CONSENT', result=<GateResult.UNCERTAIN: 'uncertain'>, reason='Consent status unclear - consider requesting', tier=<GateTier.STRONG: 'strong'>, category=<GateCategory.DHARMIC: 'dharmic'>, metadata={}, timestamp='2026-02-05T04:22:05.605885+00:00', duration_seconds=0.0), GateCheck(gate_id=12, gate_name='VYAVASTHIT', result=<GateResult.PASS: 'pass'>, reason='No forcing detected - natural order respected', tier=<GateTier.ADVISORY: 'advisory'>, category=<GateCategory.DHARMIC: 'dharmic'>, metadata={}, timestamp='2026-02-05T04:22:05.605891+00:00', duration_seconds=0.0), Ga...:00', duration_seconds=0.0), GateCheck(gate_id=14, gate_name='SVABHAAVA', result=<GateResult.UNCERTAIN: 'uncertain'>, reason=\"Telos alignment with 'moksha' unclear - verify intent\", tier=<GateTier.ADVISORY: 'advisory'>, category=<GateCategory.DHARMIC: 'dharmic'>, metadata={}, timestamp='2026-02-05T04:22:05.605905+00:00', duration_seconds=0.0), GateCheck(gate_id=15, gate_name='WITNESS', result=<GateResult.PASS: 'pass'>, reason='Witness observed this check (strange loop active)', tier=<GateTier.ADVISORY: 'advisory'>, category=<GateCategory.DHARMIC: 'dharmic'>, metadata={'strange_loop': True, 'recursion_level': 1, 'witness_id': 'b455c23539b431e4'}, timestamp='2026-02-05T04:22:05.605991+00:00', duration_seconds=0.0), GateCheck(gate_id=16, gate_name='BHED_GNAN', result=<GateResult.UNCERTAIN: 'uncertain'>, reason='No witness/doer markers detected - stance unclear', tier=<GateTier.ADVISORY: 'advisory'>, category=<GateCategory.DHARMIC: 'dharmic'>, metadata={'clarity_ratio': 0.5}, timestamp='2026-02-05T04:22:05.605999+00:00', duration_seconds=0.0)], alignment_score=0.5, recommendation='REVIEW: Dharmic alignment 50% - verify uncertain gates', witness_hash='dad036f4e1a9e8c1cbb9660e29d89ec4').gates\u001b[0m\n----------------------------- Captured stderr call -----------------------------\n2026-02-05 12:22:05 [INFO] unified_gates.witness: WITNESS_HASH: dad036f4e1a9e8c1cbb9660e29d89ec4 for action 'test action...' [can_proceed=True, alignment=50%]\n2026-02-05 12:22:05 [INFO] unified_gates.witness: WITNESS_HASH: dad036f4e1a9e8c1cbb9660e29d89ec4 for action 'test action...' [can_proceed=True, alignment=50%]\n2026-02-05 12:22:05 [INFO] unified_gates.witness: WITNESS_HASH: dad036f4e1a9e8c1cbb9660e29d89ec4 for action 'test action...' [can_proceed=True, alignment=50%]\n------------------------------ Captured log call -------------------------------\n\u001b[35mDEBUG   \u001b[0m unified_gates.witness:dharmic_logging.py:134 WITNESS[1]: Observing check of 'test action...' at 2026-02-05T04:22:05.605909+00:00\n\u001b[32mINFO    \u001b[0m unified_gates.witness:dharmic_logging.py:128 WITNESS_HASH: dad036f4e1a9e8c1cbb9660e29d89ec4 for action 'test action...' [can_proceed=True, alignment=50%]\n\u001b[31m\u001b[1m__________________ TestCheckAction.test_null_context_handled ___________________\u001b[0m\n\u001b[1m\u001b[31mtests/test_telos_comprehensive.py\u001b[0m:462: in test_null_context_handled\n    \u001b[0m\u001b[94massert\u001b[39;49;00m \u001b[96mlen\u001b[39;49;00m(result.gates) == \u001b[94m7\u001b[39;49;00m\u001b[90m\u001b[39;49;00m\n\u001b[1m\u001b[31mE   assert 8 == 7\u001b[0m\n\u001b[1m\u001b[31mE    +  where 8 = len([GateCheck(gate_id=9, gate_name='AHIMSA', result=<GateResult.PASS: 'pass'>, reason='No harm detected', tier=<GateTier.ABSOLUTE: 'absolute'>, category=<GateCategory.DHARMIC: 'dharmic'>, metadata={}, timestamp='2026-02-05T04:22:05.614383+00:00', duration_seconds=0.0), GateCheck(gate_id=10, gate_name='SATYA', result=<GateResult.UNCERTAIN: 'uncertain'>, reason='Truth status unknown - verify if possible', tier=<GateTier.STRONG: 'strong'>, category=<GateCategory.DHARMIC: 'dharmic'>, metadata={}, timestamp='2026-02-05T04:22:05.614390+00:00', duration_seconds=0.0), GateCheck(gate_id=11, gate_name='CONSENT', result=<GateResult.UNCERTAIN: 'uncertain'>, reason='Consent status unclear - consider requesting', tier=<GateTier.STRONG: 'strong'>, category=<GateCategory.DHARMIC: 'dharmic'>, metadata={}, timestamp='2026-02-05T04:22:05.614406+00:00', duration_seconds=0.0), GateCheck(gate_id=12, gate_name='VYAVASTHIT', result=<GateResult.PASS: 'pass'>, reason='No forcing detected - natural order respected', tier=<GateTier.ADVISORY: 'advisory'>, category=<GateCategory.DHARMIC: 'dharmic'>, metadata={}, timestamp='2026-02-05T04:22:05.614413+00:00', duration_seconds=0.0), GateCheck(gate_id=13, gate_name='REVERSIBILITY', result=<GateResult.PASS: 'pass'>, reason='Non-mutating operation - inherently reversible', tier=<GateTier.ADVISORY: 'advisory'>, category=<GateCategory.DHARMIC: 'dharmic'>, metadata={}, timestamp='2026-02-05T04:22:05.614420+00:00', duration_seconds=0.0), GateCheck(gate_id=14, gate_name='SVABHAAVA', result=<GateResult.UNCERTAIN: 'uncertain'>, reason=\"Telos alignment with 'moksha' unclear - verify intent\", tier=<GateTier.ADVISORY: 'advisory'>, category=<GateCategory.DHARMIC: 'dharmic'>, metadata={}, timestamp='2026-02-05T04:22:05.614428+00:00', duration_seconds=0.0), ...])\u001b[0m\n\u001b[1m\u001b[31mE    +    where [GateCheck(gate_id=9, gate_name='AHIMSA', result=<GateResult.PASS: 'pass'>, reason='No harm detected', tier=<GateTier.ABSOLUTE: 'absolute'>, category=<GateCategory.DHARMIC: 'dharmic'>, metadata={}, timestamp='2026-02-05T04:22:05.614383+00:00', duration_seconds=0.0), GateCheck(gate_id=10, gate_name='SATYA', result=<GateResult.UNCERTAIN: 'uncertain'>, reason='Truth status unknown - verify if possible', tier=<GateTier.STRONG: 'strong'>, category=<GateCategory.DHARMIC: 'dharmic'>, metadata={}, timestamp='2026-02-05T04:22:05.614390+00:00', duration_seconds=0.0), GateCheck(gate_id=11, gate_name='CONSENT', result=<GateResult.UNCERTAIN: 'uncertain'>, reason='Consent status unclear - consider requesting', tier=<GateTier.STRONG: 'strong'>, category=<GateCategory.DHARMIC: 'dharmic'>, metadata={}, timestamp='2026-02-05T04:22:05.614406+00:00', duration_seconds=0.0), GateCheck(gate_id=12, gate_name='VYAVASTHIT', result=<GateResult.PASS: 'pass'>, reason='No forcing detected - natural order respected', tier=<GateTier.ADVISORY: 'advisory'>, category=<GateCategory.DHARMIC: 'dharmic'>, metadata={}, timestamp='2026-02-05T04:22:05.614413+00:00', duration_seconds=0.0), GateCheck(gate_id=13, gate_name='REVERSIBILITY', result=<GateResult.PASS: 'pass'>, reason='Non-mutating operation - inherently reversible', tier=<GateTier.ADVISORY: 'advisory'>, category=<GateCategory.DHARMIC: 'dharmic'>, metadata={}, timestamp='2026-02-05T04:22:05.614420+00:00', duration_seconds=0.0), GateCheck(gate_id=14, gate_name='SVABHAAVA', result=<GateResult.UNCERTAIN: 'uncertain'>, reason=\"Telos alignment with 'moksha' unclear - verify intent\", tier=<GateTier.ADVISORY: 'advisory'>, category=<GateCategory.DHARMIC: 'dharmic'>, metadata={}, timestamp='2026-02-05T04:22:05.614428+00:00', duration_seconds=0.0), ...] = TelosCheck(passed=True, gates=[GateCheck(gate_id=9, gate_name='AHIMSA', result=<GateResult.PASS: 'pass'>, reason='No harm detected', tier=<GateTier.ABSOLUTE: 'absolute'>, category=<GateCategory.DHARMIC: 'dharmic'>, metadata={}, timestamp='2026-02-05T04:22:05.614383+00:00', duration_seconds=0.0), GateCheck(gate_id=10, gate_name='SATYA', result=<GateResult.UNCERTAIN: 'uncertain'>, reason='Truth status unknown - verify if possible', tier=<GateTier.STRONG: 'strong'>, category=<GateCategory.DHARMIC: 'dharmic'>, metadata={}, timestamp='2026-02-05T04:22:05.614390+00:00', duration_seconds=0.0), GateCheck(gate_id=11, gate_name='CONSENT', result=<GateResult.UNCERTAIN: 'uncertain'>, reason='Consent status unclear - consider requesting', tier=<GateTier.STRONG: 'strong'>, category=<GateCategory.DHARMIC: 'dharmic'>, metadata={}, timestamp='2026-02-05T04:22:05.614406+00:00', duration_seconds=0.0), GateCheck(gate_id=12, gate_name='VYAVASTHIT', result=<GateResult.PASS: 'pass'>, reason='No forcing detected - natural order respected', tier=<GateTier.ADVISORY: 'advisory'>, category=<GateCategory.DHARMIC: 'dharmic'>, metadata={}, timestamp='2026-02-05T04:22:05.614413+00:00', duration_seconds=0.0), Ga...:00', duration_seconds=0.0), GateCheck(gate_id=14, gate_name='SVABHAAVA', result=<GateResult.UNCERTAIN: 'uncertain'>, reason=\"Telos alignment with 'moksha' unclear - verify intent\", tier=<GateTier.ADVISORY: 'advisory'>, category=<GateCategory.DHARMIC: 'dharmic'>, metadata={}, timestamp='2026-02-05T04:22:05.614428+00:00', duration_seconds=0.0), GateCheck(gate_id=15, gate_name='WITNESS', result=<GateResult.PASS: 'pass'>, reason='Witness observed this check (strange loop active)', tier=<GateTier.ADVISORY: 'advisory'>, category=<GateCategory.DHARMIC: 'dharmic'>, metadata={'strange_loop': True, 'recursion_level': 1, 'witness_id': 'edf7786f33ce4678'}, timestamp='2026-02-05T04:22:05.614526+00:00', duration_seconds=0.0), GateCheck(gate_id=16, gate_name='BHED_GNAN', result=<GateResult.UNCERTAIN: 'uncertain'>, reason='No witness/doer markers detected - stance unclear', tier=<GateTier.ADVISORY: 'advisory'>, category=<GateCategory.DHARMIC: 'dharmic'>, metadata={'clarity_ratio': 0.5}, timestamp='2026-02-05T04:22:05.614534+00:00', duration_seconds=0.0)], alignment_score=0.5, recommendation='REVIEW: Dharmic alignment 50% - verify uncertain gates', witness_hash='04c157e25417f0c88afd9eaa6f1c36ba').gates\u001b[0m\n----------------------------- Captured stderr call -----------------------------\n2026-02-05 12:22:05 [INFO] unified_gates.witness: WITNESS_HASH: 04c157e25417f0c88afd9eaa6f1c36ba for action 'test action...' [can_proceed=True, alignment=50%]\n2026-02-05 12:22:05 [INFO] unified_gates.witness: WITNESS_HASH: 04c157e25417f0c88afd9eaa6f1c36ba for action 'test action...' [can_proceed=True, alignment=50%]\n2026-02-05 12:22:05 [INFO] unified_gates.witness: WITNESS_HASH: 04c157e25417f0c88afd9eaa6f1c36ba for action 'test action...' [can_proceed=True, alignment=50%]\n------------------------------ Captured log call -------------------------------\n\u001b[35mDEBUG   \u001b[0m unified_gates.witness:dharmic_logging.py:134 WITNESS[1]: Observing check of 'test action...' at 2026-02-05T04:22:05.614431+00:00\n\u001b[32mINFO    \u001b[0m unified_gates.witness:dharmic_logging.py:128 WITNESS_HASH: 04c157e25417f0c88afd9eaa6f1c36ba for action 'test action...' [can_proceed=True, alignment=50%]\n\u001b[31m\u001b[1m____________ TestGateCombinations.test_harm_and_irreversible_combo _____________\u001b[0m\n\u001b[1m\u001b[31mtests/test_telos_comprehensive.py\u001b[0m:499: in test_harm_and_irreversible_combo\n    \u001b[0m\u001b[94massert\u001b[39;49;00m reversibility.result == GateResult.FAIL\u001b[90m\u001b[39;49;00m\n\u001b[1m\u001b[31mE   assert <GateResult.WARN: 'warn'> == <GateResult.FAIL: 'fail'>\u001b[0m\n\u001b[1m\u001b[31mE    +  where <GateResult.WARN: 'warn'> = GateCheck(gate_id=13, gate_name='REVERSIBILITY', result=<GateResult.WARN: 'warn'>, reason=\"Irreversible pattern: 'permanent'\", tier=<GateTier.ADVISORY: 'advisory'>, category=<GateCategory.DHARMIC: 'dharmic'>, metadata={'pattern': 'permanent', 'reversible': False}, timestamp='2026-02-05T04:22:05.626277+00:00', duration_seconds=0.0).result\u001b[0m\n\u001b[1m\u001b[31mE    +  and   <GateResult.FAIL: 'fail'> = GateResult.FAIL\u001b[0m\n----------------------------- Captured stderr call -----------------------------\n2026-02-05 12:22:05 [INFO] unified_gates.witness: WITNESS_HASH: 9504bd47716166236c53610a252ad491 for action 'permanent delete all data...' [can_proceed=False, alignment=50%]\n2026-02-05 12:22:05 [INFO] unified_gates.witness: WITNESS_HASH: 9504bd47716166236c53610a252ad491 for action 'permanent delete all data...' [can_proceed=False, alignment=50%]\n2026-02-05 12:22:05 [INFO] unified_gates.witness: WITNESS_HASH: 9504bd47716166236c53610a252ad491 for action 'permanent delete all data...' [can_proceed=False, alignment=50%]\n------------------------------ Captured log call -------------------------------\n\u001b[35mDEBUG   \u001b[0m unified_gates.witness:dharmic_logging.py:134 WITNESS[1]: Observing check of 'permanent delete all data...' at 2026-02-05T04:22:05.626289+00:00\n\u001b[32mINFO    \u001b[0m unified_gates.witness:dharmic_logging.py:128 WITNESS_HASH: 9504bd47716166236c53610a252ad491 for action 'permanent delete all data...' [can_proceed=False, alignment=50%]\n\u001b[31m\u001b[1m________________ TestGateCombinations.test_fully_aligned_action ________________\u001b[0m\n\u001b[1m\u001b[31mtests/test_telos_comprehensive.py\u001b[0m:514: in test_fully_aligned_action\n    \u001b[0m\u001b[94massert\u001b[39;49;00m result.alignment_score == \u001b[94m1.0\u001b[39;49;00m\u001b[90m\u001b[39;49;00m\n\u001b[1m\u001b[31mE   assert 0.875 == 1.0\u001b[0m\n\u001b[1m\u001b[31mE    +  where 0.875 = TelosCheck(passed=True, gates=[GateCheck(gate_id=9, gate_name='AHIMSA', result=<GateResult.PASS: 'pass'>, reason='No harm detected', tier=<GateTier.ABSOLUTE: 'absolute'>, category=<GateCategory.DHARMIC: 'dharmic'>, metadata={}, timestamp='2026-02-05T04:22:05.634665+00:00', duration_seconds=0.0), GateCheck(gate_id=10, gate_name='SATYA', result=<GateResult.PASS: 'pass'>, reason='Information verified', tier=<GateTier.STRONG: 'strong'>, category=<GateCategory.DHARMIC: 'dharmic'>, metadata={'verified_by': 'context'}, timestamp='2026-02-05T04:22:05.634672+00:00', duration_seconds=0.0), GateCheck(gate_id=11, gate_name='CONSENT', result=<GateResult.PASS: 'pass'>, reason='Consent explicitly granted', tier=<GateTier.STRONG: 'strong'>, category=<GateCategory.DHARMIC: 'dharmic'>, metadata={'consent_status': 'granted'}, timestamp='2026-02-05T04:22:05.634686+00:00', duration_seconds=0.0), GateCheck(gate_id=12, gate_name='VYAVASTHIT', result=<GateResult.PASS: 'pass'>, reason='No forcing detected - natural order respected', tier=<GateTier.ADVISORY: 'advisory'>, category=<GateCategory.DHARMIC: 'dharmic'>, metadata={}, timestamp='2026-02-05T04:22:05.634692+00:00', duration_seconds=0.0), GateCheck(...', duration_seconds=0.0), GateCheck(gate_id=14, gate_name='SVABHAAVA', result=<GateResult.PASS: 'pass'>, reason=\"Action aligned with telos 'moksha'\", tier=<GateTier.ADVISORY: 'advisory'>, category=<GateCategory.DHARMIC: 'dharmic'>, metadata={'telos': 'moksha', 'patterns': ['learn', 'help', 'grow']}, timestamp='2026-02-05T04:22:05.634707+00:00', duration_seconds=0.0), GateCheck(gate_id=15, gate_name='WITNESS', result=<GateResult.PASS: 'pass'>, reason='Witness observed this check (strange loop active)', tier=<GateTier.ADVISORY: 'advisory'>, category=<GateCategory.DHARMIC: 'dharmic'>, metadata={'strange_loop': True, 'recursion_level': 1, 'witness_id': '021a50fb92e4c3f5'}, timestamp='2026-02-05T04:22:05.634807+00:00', duration_seconds=0.0), GateCheck(gate_id=16, gate_name='BHED_GNAN', result=<GateResult.UNCERTAIN: 'uncertain'>, reason='No witness/doer markers detected - stance unclear', tier=<GateTier.ADVISORY: 'advisory'>, category=<GateCategory.DHARMIC: 'dharmic'>, metadata={'clarity_ratio': 0.5}, timestamp='2026-02-05T04:22:05.634815+00:00', duration_seconds=0.0)], alignment_score=0.875, recommendation='PROCEED: All gates satisfied', witness_hash='f987cda6481437f57ac126b0267e7820').alignment_score\u001b[0m\n----------------------------- Captured stderr call -----------------------------\n2026-02-05 12:22:05 [INFO] unified_gates.witness: WITNESS_HASH: f987cda6481437f57ac126b0267e7820 for action 'help user learn and grow...' [can_proceed=True, alignment=88%]\n2026-02-05 12:22:05 [INFO] unified_gates.witness: WITNESS_HASH: f987cda6481437f57ac126b0267e7820 for action 'help user learn and grow...' [can_proceed=True, alignment=88%]\n2026-02-05 12:22:05 [INFO] unified_gates.witness: WITNESS_HASH: f987cda6481437f57ac126b0267e7820 for action 'help user learn and grow...' [can_proceed=True, alignment=88%]\n------------------------------ Captured log call -------------------------------\n\u001b[35mDEBUG   \u001b[0m unified_gates.witness:dharmic_logging.py:134 WITNESS[1]: Observing check of 'help user learn and grow...' at 2026-02-05T04:22:05.634711+00:00\n\u001b[32mINFO    \u001b[0m unified_gates.witness:dharmic_logging.py:128 WITNESS_HASH: f987cda6481437f57ac126b0267e7820 for action 'help user learn and grow...' [can_proceed=True, alignment=88%]\n\u001b[31m\u001b[1m_______________________ TestEdgeCases.test_empty_action ________________________\u001b[0m\n\u001b[1m\u001b[31mtests/test_telos_comprehensive.py\u001b[0m:528: in test_empty_action\n    \u001b[0m\u001b[94massert\u001b[39;49;00m \u001b[96mlen\u001b[39;49;00m(result.gates) == \u001b[94m7\u001b[39;49;00m\u001b[90m\u001b[39;49;00m\n\u001b[1m\u001b[31mE   assert 8 == 7\u001b[0m\n\u001b[1m\u001b[31mE    +  where 8 = len([GateCheck(gate_id=9, gate_name='AHIMSA', result=<GateResult.PASS: 'pass'>, reason='No harm detected', tier=<GateTier.ABSOLUTE: 'absolute'>, category=<GateCategory.DHARMIC: 'dharmic'>, metadata={}, timestamp='2026-02-05T04:22:05.642852+00:00', duration_seconds=0.0), GateCheck(gate_id=10, gate_name='SATYA', result=<GateResult.UNCERTAIN: 'uncertain'>, reason='Truth status unknown - verify if possible', tier=<GateTier.STRONG: 'strong'>, category=<GateCategory.DHARMIC: 'dharmic'>, metadata={}, timestamp='2026-02-05T04:22:05.642858+00:00', duration_seconds=0.0), GateCheck(gate_id=11, gate_name='CONSENT', result=<GateResult.UNCERTAIN: 'uncertain'>, reason='Consent status unclear - consider requesting', tier=<GateTier.STRONG: 'strong'>, category=<GateCategory.DHARMIC: 'dharmic'>, metadata={}, timestamp='2026-02-05T04:22:05.642873+00:00', duration_seconds=0.0), GateCheck(gate_id=12, gate_name='VYAVASTHIT', result=<GateResult.PASS: 'pass'>, reason='No forcing detected - natural order respected', tier=<GateTier.ADVISORY: 'advisory'>, category=<GateCategory.DHARMIC: 'dharmic'>, metadata={}, timestamp='2026-02-05T04:22:05.642879+00:00', duration_seconds=0.0), GateCheck(gate_id=13, gate_name='REVERSIBILITY', result=<GateResult.UNCERTAIN: 'uncertain'>, reason='Reversibility unknown - verify undo capability', tier=<GateTier.ADVISORY: 'advisory'>, category=<GateCategory.DHARMIC: 'dharmic'>, metadata={}, timestamp='2026-02-05T04:22:05.642888+00:00', duration_seconds=0.0), GateCheck(gate_id=14, gate_name='SVABHAAVA', result=<GateResult.UNCERTAIN: 'uncertain'>, reason=\"Telos alignment with 'moksha' unclear - verify intent\", tier=<GateTier.ADVISORY: 'advisory'>, category=<GateCategory.DHARMIC: 'dharmic'>, metadata={}, timestamp='2026-02-05T04:22:05.642895+00:00', duration_seconds=0.0), ...])\u001b[0m\n\u001b[1m\u001b[31mE    +    where [GateCheck(gate_id=9, gate_name='AHIMSA', result=<GateResult.PASS: 'pass'>, reason='No harm detected', tier=<GateTier.ABSOLUTE: 'absolute'>, category=<GateCategory.DHARMIC: 'dharmic'>, metadata={}, timestamp='2026-02-05T04:22:05.642852+00:00', duration_seconds=0.0), GateCheck(gate_id=10, gate_name='SATYA', result=<GateResult.UNCERTAIN: 'uncertain'>, reason='Truth status unknown - verify if possible', tier=<GateTier.STRONG: 'strong'>, category=<GateCategory.DHARMIC: 'dharmic'>, metadata={}, timestamp='2026-02-05T04:22:05.642858+00:00', duration_seconds=0.0), GateCheck(gate_id=11, gate_name='CONSENT', result=<GateResult.UNCERTAIN: 'uncertain'>, reason='Consent status unclear - consider requesting', tier=<GateTier.STRONG: 'strong'>, category=<GateCategory.DHARMIC: 'dharmic'>, metadata={}, timestamp='2026-02-05T04:22:05.642873+00:00', duration_seconds=0.0), GateCheck(gate_id=12, gate_name='VYAVASTHIT', result=<GateResult.PASS: 'pass'>, reason='No forcing detected - natural order respected', tier=<GateTier.ADVISORY: 'advisory'>, category=<GateCategory.DHARMIC: 'dharmic'>, metadata={}, timestamp='2026-02-05T04:22:05.642879+00:00', duration_seconds=0.0), GateCheck(gate_id=13, gate_name='REVERSIBILITY', result=<GateResult.UNCERTAIN: 'uncertain'>, reason='Reversibility unknown - verify undo capability', tier=<GateTier.ADVISORY: 'advisory'>, category=<GateCategory.DHARMIC: 'dharmic'>, metadata={}, timestamp='2026-02-05T04:22:05.642888+00:00', duration_seconds=0.0), GateCheck(gate_id=14, gate_name='SVABHAAVA', result=<GateResult.UNCERTAIN: 'uncertain'>, reason=\"Telos alignment with 'moksha' unclear - verify intent\", tier=<GateTier.ADVISORY: 'advisory'>, category=<GateCategory.DHARMIC: 'dharmic'>, metadata={}, timestamp='2026-02-05T04:22:05.642895+00:00', duration_seconds=0.0), ...] = TelosCheck(passed=True, gates=[GateCheck(gate_id=9, gate_name='AHIMSA', result=<GateResult.PASS: 'pass'>, reason='No harm detected', tier=<GateTier.ABSOLUTE: 'absolute'>, category=<GateCategory.DHARMIC: 'dharmic'>, metadata={}, timestamp='2026-02-05T04:22:05.642852+00:00', duration_seconds=0.0), GateCheck(gate_id=10, gate_name='SATYA', result=<GateResult.UNCERTAIN: 'uncertain'>, reason='Truth status unknown - verify if possible', tier=<GateTier.STRONG: 'strong'>, category=<GateCategory.DHARMIC: 'dharmic'>, metadata={}, timestamp='2026-02-05T04:22:05.642858+00:00', duration_seconds=0.0), GateCheck(gate_id=11, gate_name='CONSENT', result=<GateResult.UNCERTAIN: 'uncertain'>, reason='Consent status unclear - consider requesting', tier=<GateTier.STRONG: 'strong'>, category=<GateCategory.DHARMIC: 'dharmic'>, metadata={}, timestamp='2026-02-05T04:22:05.642873+00:00', duration_seconds=0.0), GateCheck(gate_id=12, gate_name='VYAVASTHIT', result=<GateResult.PASS: 'pass'>, reason='No forcing detected - natural order respected', tier=<GateTier.ADVISORY: 'advisory'>, category=<GateCategory.DHARMIC: 'dharmic'>, metadata={}, timestamp='2026-02-05T04:22:05.642879+00:00', duration_seconds=0.0), Ga...4:22:05.642888+00:00', duration_seconds=0.0), GateCheck(gate_id=14, gate_name='SVABHAAVA', result=<GateResult.UNCERTAIN: 'uncertain'>, reason=\"Telos alignment with 'moksha' unclear - verify intent\", tier=<GateTier.ADVISORY: 'advisory'>, category=<GateCategory.DHARMIC: 'dharmic'>, metadata={}, timestamp='2026-02-05T04:22:05.642895+00:00', duration_seconds=0.0), GateCheck(gate_id=15, gate_name='WITNESS', result=<GateResult.PASS: 'pass'>, reason='Witness observed this check (strange loop active)', tier=<GateTier.ADVISORY: 'advisory'>, category=<GateCategory.DHARMIC: 'dharmic'>, metadata={'strange_loop': True, 'recursion_level': 1, 'witness_id': 'caa3270e8d1e94cc'}, timestamp='2026-02-05T04:22:05.642985+00:00', duration_seconds=0.0), GateCheck(gate_id=16, gate_name='BHED_GNAN', result=<GateResult.UNCERTAIN: 'uncertain'>, reason='No witness/doer markers detected - stance unclear', tier=<GateTier.ADVISORY: 'advisory'>, category=<GateCategory.DHARMIC: 'dharmic'>, metadata={'clarity_ratio': 0.5}, timestamp='2026-02-05T04:22:05.642993+00:00', duration_seconds=0.0)], alignment_score=0.375, recommendation='REJECT: Low dharmic alignment (38%)', witness_hash='f9c163b0cd14fdfb99ddd4f0f3f172ba').gates\u001b[0m\n----------------------------- Captured stderr call -----------------------------\n2026-02-05 12:22:05 [INFO] unified_gates.witness: WITNESS_HASH: f9c163b0cd14fdfb99ddd4f0f3f172ba for action '...' [can_proceed=True, alignment=38%]\n2026-02-05 12:22:05 [INFO] unified_gates.witness: WITNESS_HASH: f9c163b0cd14fdfb99ddd4f0f3f172ba for action '...' [can_proceed=True, alignment=38%]\n2026-02-05 12:22:05 [INFO] unified_gates.witness: WITNESS_HASH: f9c163b0cd14fdfb99ddd4f0f3f172ba for action '...' [can_proceed=True, alignment=38%]\n------------------------------ Captured log call -------------------------------\n\u001b[35mDEBUG   \u001b[0m unified_gates.witness:dharmic_logging.py:134 WITNESS[1]: Observing check of '...' at 2026-02-05T04:22:05.642899+00:00\n\u001b[32mINFO    \u001b[0m unified_gates.witness:dharmic_logging.py:128 WITNESS_HASH: f9c163b0cd14fdfb99ddd4f0f3f172ba for action '...' [can_proceed=True, alignment=38%]\n\u001b[31m\u001b[1m__________________ TestConvenienceFunctions.test_quick_check ___________________\u001b[0m\n\u001b[1m\u001b[31mtests/test_telos_comprehensive.py\u001b[0m:713: in test_quick_check\n    \u001b[0m\u001b[94massert\u001b[39;49;00m result.passed \u001b[95mis\u001b[39;49;00m \u001b[94mTrue\u001b[39;49;00m\u001b[90m\u001b[39;49;00m\n\u001b[1m\u001b[31mE   assert False is True\u001b[0m\n\u001b[1m\u001b[31mE    +  where False = TelosCheck(passed=False, gates=[GateCheck(gate_id=1, gate_name='LINT_FORMAT', result=<GateResult.FAIL: 'fail'>, reason='Found 507 linting issues', tier=<GateTier.REQUIRED: 'required'>, category=<GateCategory.TECHNICAL: 'technical'>, metadata={'issue_count': 507}, timestamp='2026-02-05T04:22:05.733961+00:00', duration_seconds=0.066202), GateCheck(gate_id=2, gate_name='TYPE_CHECK', result=<GateResult.SKIP: 'skip'>, reason='Type check deferred - run pyright/mypy separately', tier=<GateTier.REQUIRED: 'required'>, category=<GateCategory.TECHNICAL: 'technical'>, metadata={'note': 'Integrate with CI for full type checking'}, timestamp='2026-02-05T04:22:05.734079+00:00', duration_seconds=0.0), GateCheck(gate_id=3, gate_name='SECURITY_SCAN', result=<GateResult.PASS: 'pass'>, reason='No obvious security issues detected', tier=<GateTier.REQUIRED: 'required'>, category=<GateCategory.TECHNICAL: 'technical'>, metadata={}, timestamp='2026-02-05T04:22:05.734097+00:00', duration_seconds=0.0), GateCheck(gate_id=4, gate_name='DEPENDENCY_SAFETY', result=<GateResult.SKIP: 'skip'>, reason='Dependency scan deferred - run pip-audit separately', tier=<GateTier.REQUIRED: 'required'>, category=<GateCategor...26-02-05T04:22:05.734209+00:00', duration_seconds=0.0), GateCheck(gate_id=14, gate_name='SVABHAAVA', result=<GateResult.UNCERTAIN: 'uncertain'>, reason=\"Telos alignment with 'moksha' unclear - verify intent\", tier=<GateTier.ADVISORY: 'advisory'>, category=<GateCategory.DHARMIC: 'dharmic'>, metadata={}, timestamp='2026-02-05T04:22:05.734218+00:00', duration_seconds=0.0), GateCheck(gate_id=15, gate_name='WITNESS', result=<GateResult.PASS: 'pass'>, reason='Witness observed this check (strange loop active)', tier=<GateTier.ADVISORY: 'advisory'>, category=<GateCategory.DHARMIC: 'dharmic'>, metadata={'strange_loop': True, 'recursion_level': 1, 'witness_id': '693386eed377b819'}, timestamp='2026-02-05T04:22:05.734551+00:00', duration_seconds=0.0), GateCheck(gate_id=16, gate_name='BHED_GNAN', result=<GateResult.UNCERTAIN: 'uncertain'>, reason='No witness/doer markers detected - stance unclear', tier=<GateTier.ADVISORY: 'advisory'>, category=<GateCategory.DHARMIC: 'dharmic'>, metadata={'clarity_ratio': 0.5}, timestamp='2026-02-05T04:22:05.734563+00:00', duration_seconds=0.0)], alignment_score=0.75, recommendation='REJECT: LINT_FORMAT failed', witness_hash='ab07521a437359c0fe54854ddfee95ed').passed\u001b[0m\n----------------------------- Captured stderr call -----------------------------\n2026-02-05 12:22:05 [INFO] unified_gates.witness: WITNESS_HASH: ab07521a437359c0fe54854ddfee95ed for action 'read file...' [can_proceed=False, alignment=75%]\n2026-02-05 12:22:05 [INFO] unified_gates.witness: WITNESS_HASH: ab07521a437359c0fe54854ddfee95ed for action 'read file...' [can_proceed=False, alignment=75%]\n2026-02-05 12:22:05 [INFO] unified_gates.witness: WITNESS_HASH: ab07521a437359c0fe54854ddfee95ed for action 'read file...' [can_proceed=False, alignment=75%]\n------------------------------ Captured log call -------------------------------\n\u001b[35mDEBUG   \u001b[0m unified_gates.witness:dharmic_logging.py:134 WITNESS[1]: Observing check of 'read file...' at 2026-02-05T04:22:05.734223+00:00\n\u001b[32mINFO    \u001b[0m unified_gates.witness:dharmic_logging.py:128 WITNESS_HASH: ab07521a437359c0fe54854ddfee95ed for action 'read file...' [can_proceed=False, alignment=75%]\n\u001b[31m\u001b[1m_______________ TestSafetyCritical.test_forcing_actions_blocked ________________\u001b[0m\n\u001b[1m\u001b[31mtests/test_telos_comprehensive.py\u001b[0m:775: in test_forcing_actions_blocked\n    \u001b[0m\u001b[94massert\u001b[39;49;00m vyavasthit.result == GateResult.FAIL, \u001b[33mf\u001b[39;49;00m\u001b[33m\"\u001b[39;49;00m\u001b[33m'\u001b[39;49;00m\u001b[33m{\u001b[39;49;00mcmd\u001b[33m}\u001b[39;49;00m\u001b[33m'\u001b[39;49;00m\u001b[33m should fail VYAVASTHIT\u001b[39;49;00m\u001b[33m\"\u001b[39;49;00m\u001b[90m\u001b[39;49;00m\n\u001b[1m\u001b[31mE   AssertionError: 'force compliance' should fail VYAVASTHIT\u001b[0m\n\u001b[1m\u001b[31mE   assert <GateResult.WARN: 'warn'> == <GateResult.FAIL: 'fail'>\u001b[0m\n\u001b[1m\u001b[31mE    +  where <GateResult.WARN: 'warn'> = GateCheck(gate_id=12, gate_name='VYAVASTHIT', result=<GateResult.WARN: 'warn'>, reason=\"Forcing pattern detected: 'force'\", tier=<GateTier.ADVISORY: 'advisory'>, category=<GateCategory.DHARMIC: 'dharmic'>, metadata={'pattern': 'force', 'violation': 'forced_outcome'}, timestamp='2026-02-05T04:22:05.821942+00:00', duration_seconds=0.0).result\u001b[0m\n\u001b[1m\u001b[31mE    +  and   <GateResult.FAIL: 'fail'> = GateResult.FAIL\u001b[0m\n----------------------------- Captured stderr call -----------------------------\n2026-02-05 12:22:05 [INFO] unified_gates.witness: WITNESS_HASH: 5ec8a93f20eb2c389167ce9d5a670d9b for action 'force compliance...' [can_proceed=True, alignment=50%]\n2026-02-05 12:22:05 [INFO] unified_gates.witness: WITNESS_HASH: 5ec8a93f20eb2c389167ce9d5a670d9b for action 'force compliance...' [can_proceed=True, alignment=50%]\n2026-02-05 12:22:05 [INFO] unified_gates.witness: WITNESS_HASH: 5ec8a93f20eb2c389167ce9d5a670d9b for action 'force compliance...' [can_proceed=True, alignment=50%]\n------------------------------ Captured log call -------------------------------\n\u001b[35mDEBUG   \u001b[0m unified_gates.witness:dharmic_logging.py:134 WITNESS[1]: Observing check of 'force compliance...' at 2026-02-05T04:22:05.821964+00:00\n\u001b[32mINFO    \u001b[0m unified_gates.witness:dharmic_logging.py:128 WITNESS_HASH: 5ec8a93f20eb2c389167ce9d5a670d9b for action 'force compliance...' [can_proceed=True, alignment=50%]\n\u001b[31m\u001b[1m_____________ TestSvabhaava.test_svabhaava_fails_misaligned_action _____________\u001b[0m\n\u001b[1m\u001b[31mtests/test_telos_layer.py\u001b[0m:234: in test_svabhaava_fails_misaligned_action\n    \u001b[0m\u001b[94massert\u001b[39;49;00m svabhaava.result == GateResult.FAIL\u001b[90m\u001b[39;49;00m\n\u001b[1m\u001b[31mE   assert <GateResult.WARN: 'warn'> == <GateResult.FAIL: 'fail'>\u001b[0m\n\u001b[1m\u001b[31mE    +  where <GateResult.WARN: 'warn'> = GateCheck(gate_id=14, gate_name='SVABHAAVA', result=<GateResult.WARN: 'warn'>, reason=\"Action misaligned with telos 'moksha': 'deceive'\", tier=<GateTier.ADVISORY: 'advisory'>, category=<GateCategory.DHARMIC: 'dharmic'>, metadata={'telos': 'moksha', 'pattern': 'deceive'}, timestamp='2026-02-05T04:22:05.848211+00:00', duration_seconds=0.0).result\u001b[0m\n\u001b[1m\u001b[31mE    +  and   <GateResult.FAIL: 'fail'> = GateResult.FAIL\u001b[0m\n----------------------------- Captured stderr call -----------------------------\n2026-02-05 12:22:05 [INFO] unified_gates.witness: WITNESS_HASH: f751ece17fcd33b6c2090e441f2e6e23 for action 'deceive and manipulate users...' [can_proceed=False, alignment=38%]\n2026-02-05 12:22:05 [INFO] unified_gates.witness: WITNESS_HASH: f751ece17fcd33b6c2090e441f2e6e23 for action 'deceive and manipulate users...' [can_proceed=False, alignment=38%]\n2026-02-05 12:22:05 [INFO] unified_gates.witness: WITNESS_HASH: f751ece17fcd33b6c2090e441f2e6e23 for action 'deceive and manipulate users...' [can_proceed=False, alignment=38%]\n------------------------------ Captured log call -------------------------------\n\u001b[35mDEBUG   \u001b[0m unified_gates.witness:dharmic_logging.py:134 WITNESS[1]: Observing check of 'deceive and manipulate users...' at 2026-02-05T04:22:05.848215+00:00\n\u001b[32mINFO    \u001b[0m unified_gates.witness:dharmic_logging.py:128 WITNESS_HASH: f751ece17fcd33b6c2090e441f2e6e23 for action 'deceive and manipulate users...' [can_proceed=False, alignment=38%]\n\u001b[31m\u001b[1m__________________ TestConvenienceFunctions.test_quick_check ___________________\u001b[0m\n\u001b[1m\u001b[31mtests/test_telos_layer.py\u001b[0m:245: in test_quick_check\n    \u001b[0m\u001b[94massert\u001b[39;49;00m result.passed \u001b[95mis\u001b[39;49;00m \u001b[94mTrue\u001b[39;49;00m\u001b[90m\u001b[39;49;00m\n\u001b[1m\u001b[31mE   assert False is True\u001b[0m\n\u001b[1m\u001b[31mE    +  where False = TelosCheck(passed=False, gates=[GateCheck(gate_id=1, gate_name='LINT_FORMAT', result=<GateResult.FAIL: 'fail'>, reason='Found 507 linting issues', tier=<GateTier.REQUIRED: 'required'>, category=<GateCategory.TECHNICAL: 'technical'>, metadata={'issue_count': 507}, timestamp='2026-02-05T04:22:05.883333+00:00', duration_seconds=0.03089), GateCheck(gate_id=2, gate_name='TYPE_CHECK', result=<GateResult.SKIP: 'skip'>, reason='Type check deferred - run pyright/mypy separately', tier=<GateTier.REQUIRED: 'required'>, category=<GateCategory.TECHNICAL: 'technical'>, metadata={'note': 'Integrate with CI for full type checking'}, timestamp='2026-02-05T04:22:05.883442+00:00', duration_seconds=0.0), GateCheck(gate_id=3, gate_name='SECURITY_SCAN', result=<GateResult.PASS: 'pass'>, reason='No obvious security issues detected', tier=<GateTier.REQUIRED: 'required'>, category=<GateCategory.TECHNICAL: 'technical'>, metadata={}, timestamp='2026-02-05T04:22:05.883461+00:00', duration_seconds=0.0), GateCheck(gate_id=4, gate_name='DEPENDENCY_SAFETY', result=<GateResult.SKIP: 'skip'>, reason='Dependency scan deferred - run pip-audit separately', tier=<GateTier.REQUIRED: 'required'>, category=<GateCategory...26-02-05T04:22:05.883557+00:00', duration_seconds=0.0), GateCheck(gate_id=14, gate_name='SVABHAAVA', result=<GateResult.UNCERTAIN: 'uncertain'>, reason=\"Telos alignment with 'moksha' unclear - verify intent\", tier=<GateTier.ADVISORY: 'advisory'>, category=<GateCategory.DHARMIC: 'dharmic'>, metadata={}, timestamp='2026-02-05T04:22:05.883567+00:00', duration_seconds=0.0), GateCheck(gate_id=15, gate_name='WITNESS', result=<GateResult.PASS: 'pass'>, reason='Witness observed this check (strange loop active)', tier=<GateTier.ADVISORY: 'advisory'>, category=<GateCategory.DHARMIC: 'dharmic'>, metadata={'strange_loop': True, 'recursion_level': 1, 'witness_id': '4693c540e7cc061b'}, timestamp='2026-02-05T04:22:05.883972+00:00', duration_seconds=0.0), GateCheck(gate_id=16, gate_name='BHED_GNAN', result=<GateResult.UNCERTAIN: 'uncertain'>, reason='No witness/doer markers detected - stance unclear', tier=<GateTier.ADVISORY: 'advisory'>, category=<GateCategory.DHARMIC: 'dharmic'>, metadata={'clarity_ratio': 0.5}, timestamp='2026-02-05T04:22:05.883985+00:00', duration_seconds=0.0)], alignment_score=0.75, recommendation='REJECT: LINT_FORMAT failed', witness_hash='6ab875c23be35ff774d76a6fbc24e4ed').passed\u001b[0m\n----------------------------- Captured stderr call -----------------------------\n2026-02-05 12:22:05 [INFO] unified_gates.witness: WITNESS_HASH: 6ab875c23be35ff774d76a6fbc24e4ed for action 'read documentation...' [can_proceed=False, alignment=75%]\n2026-02-05 12:22:05 [INFO] unified_gates.witness: WITNESS_HASH: 6ab875c23be35ff774d76a6fbc24e4ed for action 'read documentation...' [can_proceed=False, alignment=75%]\n2026-02-05 12:22:05 [INFO] unified_gates.witness: WITNESS_HASH: 6ab875c23be35ff774d76a6fbc24e4ed for action 'read documentation...' [can_proceed=False, alignment=75%]\n------------------------------ Captured log call -------------------------------\n\u001b[35mDEBUG   \u001b[0m unified_gates.witness:dharmic_logging.py:134 WITNESS[1]: Observing check of 'read documentation...' at 2026-02-05T04:22:05.883573+00:00\n\u001b[32mINFO    \u001b[0m unified_gates.witness:dharmic_logging.py:128 WITNESS_HASH: 6ab875c23be35ff774d76a6fbc24e4ed for action 'read documentation...' [can_proceed=False, alignment=75%]\n--- generated xml file: /Users/dhyana/DHARMIC_GODEL_CLAW/pytest_results.xml ----\n================================ tests coverage ================================\n_______________ coverage: platform darwin, python 3.13.5-final-0 _______________\n\nCoverage JSON written to file coverage.json\n\u001b[31m\u001b[1mFAIL Required test coverage of 80% not reached. Total coverage: 44.74%\n\u001b[0m\u001b[36m\u001b[1m=========================== short test summary info ============================\u001b[0m\n\u001b[31mFAILED\u001b[0m tests/test_circuit_integration.py::\u001b[1mTestMutationProposal::test_to_voting_proposal\u001b[0m - TypeError: MutationProposal.__init__() got an unexpected keyword argument '...\n\u001b[31mFAILED\u001b[0m tests/test_circuit_integration.py::\u001b[1mTestCircuitRollback::test_rollback_restores_original\u001b[0m - AttributeError: 'MutationCircuit' object has no attribute '_phase_3_impleme...\n\u001b[31mFAILED\u001b[0m tests/test_circuit_integration.py::\u001b[1mTestCircuitRollback::test_rollback_deletes_new_file\u001b[0m - AttributeError: 'MutationCircuit' object has no attribute '_phase_3_impleme...\n\u001b[31mFAILED\u001b[0m tests/test_circuit_integration.py::\u001b[1mTestFullCircuitFlow::test_successful_circuit_flow\u001b[0m - TypeError: MutationCircuit.__init__() got an unexpected keyword argument 'q...\n\u001b[31mFAILED\u001b[0m tests/test_circuit_integration.py::\u001b[1mTestFullCircuitFlow::test_circuit_with_syntax_error\u001b[0m - TypeError: MutationCircuit.__init__() got an unexpected keyword argument 'q...\n\u001b[31mFAILED\u001b[0m tests/test_circuit_integration.py::\u001b[1mTestConvenienceFunctions::test_run_circuit_function\u001b[0m - TypeError: MutationCircuit.__init__() got an unexpected keyword argument 'q...\n\u001b[31mFAILED\u001b[0m tests/test_dgm_orchestrator.py::\u001b[1mTestArchiveEntryCreation::test_create_archive_entry\u001b[0m - TypeError: GateCheck.__init__() got an unexpected keyword argument 'gate'\n\u001b[31mFAILED\u001b[0m tests/test_mutator.py::\u001b[1mTestMutationFlow::test_propose_mutation_nonexistent_component\u001b[0m - Failed: DID NOT RAISE <class 'dgm.mutator.MutationError'>\n\u001b[31mFAILED\u001b[0m tests/test_mutator.py::\u001b[1mTestErrorHandling::test_claude_timeout_raises_error\u001b[0m - Failed: DID NOT RAISE <class 'dgm.mutator.MutationError'>\n\u001b[31mFAILED\u001b[0m tests/test_mutator.py::\u001b[1mTestErrorHandling::test_claude_not_found_raises_error\u001b[0m - Failed: DID NOT RAISE <class 'dgm.mutator.MutationError'>\n\u001b[31mFAILED\u001b[0m tests/test_mutator.py::\u001b[1mTestErrorHandling::test_claude_error_raises_mutation_error\u001b[0m - Failed: DID NOT RAISE <class 'dgm.mutator.MutationError'>\n\u001b[31mFAILED\u001b[0m tests/test_telos_comprehensive.py::\u001b[1mTestGateResult::test_gate_result_members\u001b[0m - assert 7 == 4\n\u001b[31mFAILED\u001b[0m tests/test_telos_comprehensive.py::\u001b[1mTestGateCheck::test_gate_check_creation\u001b[0m - TypeError: GateCheck.__init__() got an unexpected keyword argument 'gate'\n\u001b[31mFAILED\u001b[0m tests/test_telos_comprehensive.py::\u001b[1mTestGateCheck::test_gate_check_fail_state\u001b[0m - TypeError: GateCheck.__init__() got an unexpected keyword argument 'gate'\n\u001b[31mFAILED\u001b[0m tests/test_telos_comprehensive.py::\u001b[1mTestGateCheck::test_gate_check_uncertain_state\u001b[0m - TypeError: GateCheck.__init__() got an unexpected keyword argument 'gate'\n\u001b[31mFAILED\u001b[0m tests/test_telos_comprehensive.py::\u001b[1mTestGateCheck::test_gate_check_needs_human_state\u001b[0m - TypeError: GateCheck.__init__() got an unexpected keyword argument 'gate'\n\u001b[31mFAILED\u001b[0m tests/test_telos_comprehensive.py::\u001b[1mTestGateCheck::test_gate_check_has_metadata\u001b[0m - TypeError: GateCheck.__init__() got an unexpected keyword argument 'gate'\n\u001b[31mFAILED\u001b[0m tests/test_telos_comprehensive.py::\u001b[1mTestGateCheck::test_gate_check_has_timestamp\u001b[0m - TypeError: GateCheck.__init__() got an unexpected keyword argument 'gate'\n\u001b[31mFAILED\u001b[0m tests/test_telos_comprehensive.py::\u001b[1mTestTelosCheck::test_telos_check_creation\u001b[0m - TypeError: GateCheck.__init__() missing 3 required positional arguments: 'r...\n\u001b[31mFAILED\u001b[0m tests/test_telos_comprehensive.py::\u001b[1mTestTelosCheck::test_telos_check_failed_state\u001b[0m - TypeError: GateCheck.__init__() missing 3 required positional arguments: 'r...\n\u001b[31mFAILED\u001b[0m tests/test_telos_comprehensive.py::\u001b[1mTestTelosCheck::test_telos_check_has_witness_hash\u001b[0m - TypeError: GateCheck.__init__() missing 3 required positional arguments: 'r...\n\u001b[31mFAILED\u001b[0m tests/test_telos_comprehensive.py::\u001b[1mTestReversibilityGate::test_reversibility_fails_permanent\u001b[0m - assert <GateResult.WARN: 'warn'> == <GateResult.FAIL: 'fail'>\n\u001b[31mFAILED\u001b[0m tests/test_telos_comprehensive.py::\u001b[1mTestReversibilityGate::test_reversibility_fails_irreversible\u001b[0m - assert <GateResult.WARN: 'warn'> == <GateResult.FAIL: 'fail'>\n\u001b[31mFAILED\u001b[0m tests/test_telos_comprehensive.py::\u001b[1mTestReversibilityGate::test_reversibility_fails_when_cannot_undo\u001b[0m - AssertionError: assert <GateResult.WARN: 'warn'> == <GateResult.FAIL: 'fail'>\n\u001b[31mFAILED\u001b[0m tests/test_telos_comprehensive.py::\u001b[1mTestVyavasthitGate::test_vyavasthit_fails_force_pattern\u001b[0m - assert <GateResult.WARN: 'warn'> == <GateResult.FAIL: 'fail'>\n\u001b[31mFAILED\u001b[0m tests/test_telos_comprehensive.py::\u001b[1mTestVyavasthitGate::test_vyavasthit_fails_override_pattern\u001b[0m - assert <GateResult.WARN: 'warn'> == <GateResult.FAIL: 'fail'>\n\u001b[31mFAILED\u001b[0m tests/test_telos_comprehensive.py::\u001b[1mTestSvabhaa\u0432\u0430Gate::test_svabhaava_fails_misaligned_action\u001b[0m - assert <GateResult.WARN: 'warn'> == <GateResult.FAIL: 'fail'>\n\u001b[31mFAILED\u001b[0m tests/test_telos_comprehensive.py::\u001b[1mTestSvabhaa\u0432\u0430Gate::test_svabhaava_fails_manipulate_pattern\u001b[0m - assert <GateResult.WARN: 'warn'> == <GateResult.FAIL: 'fail'>\n\u001b[31mFAILED\u001b[0m tests/test_telos_comprehensive.py::\u001b[1mTestSvabhaa\u0432\u0430Gate::test_svabhaava_fails_with_context_misaligned\u001b[0m - AssertionError: assert <GateResult.WARN: 'warn'> == <GateResult.FAIL: 'fail'>\n\u001b[31mFAILED\u001b[0m tests/test_telos_comprehensive.py::\u001b[1mTestCheckAction::test_all_gates_evaluated\u001b[0m - assert 8 == 7\n\u001b[31mFAILED\u001b[0m tests/test_telos_comprehensive.py::\u001b[1mTestCheckAction::test_null_context_handled\u001b[0m - assert 8 == 7\n\u001b[31mFAILED\u001b[0m tests/test_telos_comprehensive.py::\u001b[1mTestGateCombinations::test_harm_and_irreversible_combo\u001b[0m - assert <GateResult.WARN: 'warn'> == <GateResult.FAIL: 'fail'>\n\u001b[31mFAILED\u001b[0m tests/test_telos_comprehensive.py::\u001b[1mTestGateCombinations::test_fully_aligned_action\u001b[0m - assert 0.875 == 1.0\n\u001b[31mFAILED\u001b[0m tests/test_telos_comprehensive.py::\u001b[1mTestEdgeCases::test_empty_action\u001b[0m - assert 8 == 7\n\u001b[31mFAILED\u001b[0m tests/test_telos_comprehensive.py::\u001b[1mTestConvenienceFunctions::test_quick_check\u001b[0m - assert False is True\n\u001b[31mFAILED\u001b[0m tests/test_telos_comprehensive.py::\u001b[1mTestSafetyCritical::test_forcing_actions_blocked\u001b[0m - AssertionError: 'force compliance' should fail VYAVASTHIT\n\u001b[31mFAILED\u001b[0m tests/test_telos_layer.py::\u001b[1mTestSvabhaava::test_svabhaava_fails_misaligned_action\u001b[0m - assert <GateResult.WARN: 'warn'> == <GateResult.FAIL: 'fail'>\n\u001b[31mFAILED\u001b[0m tests/test_telos_layer.py::\u001b[1mTestConvenienceFunctions::test_quick_check\u001b[0m - assert False is True\n\u001b[31mERROR\u001b[0m tests/test_circuit_integration.py::\u001b[1mTestCircuitPhases::test_phase_2_valid_syntax\u001b[0m - TypeError: MutationCircuit.__init__() got an unexpected keyword argument 'q...\n\u001b[31mERROR\u001b[0m tests/test_circuit_integration.py::\u001b[1mTestCircuitPhases::test_phase_2_invalid_syntax\u001b[0m - TypeError: MutationCircuit.__init__() got an unexpected keyword argument 'q...\n\u001b[31mERROR\u001b[0m tests/test_circuit_integration.py::\u001b[1mTestCircuitPhases::test_phase_3_create_file\u001b[0m - TypeError: MutationCircuit.__init__() got an unexpected keyword argument 'q...\n\u001b[31mERROR\u001b[0m tests/test_circuit_integration.py::\u001b[1mTestCircuitPhases::test_phase_3_modify_existing\u001b[0m - TypeError: MutationCircuit.__init__() got an unexpected keyword argument 'q...\n\u001b[31m= \u001b[31m\u001b[1m38 failed\u001b[0m, \u001b[32m571 passed\u001b[0m, \u001b[33m1 skipped\u001b[0m, \u001b[33m83 warnings\u001b[0m, \u001b[31m\u001b[1m4 errors\u001b[0m\u001b[31m in 94.92s (0:01:34)\u001b[0m\u001b[31m ==\u001b[0m\n",
      "stderr": "",
      "artifacts": [],
      "error_message": "Command failed with exit code 1",
      "exception_applied": false,
      "exception_reason": ""
    },
    {
      "gate_id": "6",
      "gate_name": "PROPERTY_TESTING",
      "result": "fail",
      "duration_seconds": 1.8677277565002441,
      "stdout": "",
      "stderr": "",
      "artifacts": [],
      "error_message": "Command failed with exit code 5",
      "exception_applied": false,
      "exception_reason": ""
    },
    {
      "gate_id": "7",
      "gate_name": "CONTRACT_INTEGRATION",
      "result": "fail",
      "duration_seconds": 0.3215620517730713,
      "stdout": "\u001b[1m============================= test session starts ==============================\u001b[0m\nplatform darwin -- Python 3.13.5, pytest-8.4.2, pluggy-1.6.0 -- /Library/Frameworks/Python.framework/Versions/3.13/bin/python3\ncachedir: .pytest_cache\nhypothesis profile 'default'\nrootdir: /Users/dhyana/DHARMIC_GODEL_CLAW\nconfigfile: pytest.ini\nplugins: jaxtyping-0.3.5, asyncio-1.2.0, anyio-4.9.0, hypothesis-6.151.5, typeguard-4.4.4, cov-7.0.0\nasyncio: mode=Mode.AUTO, debug=False, asyncio_default_fixture_loop_scope=None, asyncio_default_test_loop_scope=function\n\u001b[1mcollecting ... \u001b[0mcollected 0 items\n\n- generated xml file: /Users/dhyana/DHARMIC_GODEL_CLAW/integration_results.xml -\n\u001b[33m============================ \u001b[33mno tests ran\u001b[0m\u001b[33m in 0.06s\u001b[0m\u001b[33m =============================\u001b[0m\n",
      "stderr": "ERROR: file or directory not found: tests/integration/\n\n",
      "artifacts": [],
      "error_message": "Command failed with exit code 4",
      "exception_applied": false,
      "exception_reason": ""
    },
    {
      "gate_id": "8",
      "gate_name": "PERFORMANCE_REGRESSION",
      "result": "fail",
      "duration_seconds": 0.22564196586608887,
      "stdout": "",
      "stderr": "ERROR: usage: pytest [options] [file_or_dir] [file_or_dir] [...]\npytest: error: unrecognized arguments: --benchmark-compare --benchmark-json=benchmark.json\n  inifile: /Users/dhyana/DHARMIC_GODEL_CLAW/pytest.ini\n  rootdir: /Users/dhyana/DHARMIC_GODEL_CLAW\n\n",
      "artifacts": [],
      "error_message": "Command failed with exit code 4",
      "exception_applied": false,
      "exception_reason": ""
    },
    {
      "gate_id": "9",
      "gate_name": "AHIMSA",
      "result": "fail",
      "duration_seconds": 0.00015997886657714844,
      "stdout": "",
      "stderr": "",
      "artifacts": [],
      "error_message": "Missing required files: proposal.yaml",
      "exception_applied": false,
      "exception_reason": ""
    },
    {
      "gate_id": "10",
      "gate_name": "SATYA",
      "result": "skip",
      "duration_seconds": 0,
      "stdout": "",
      "stderr": "",
      "artifacts": [],
      "error_message": "Skipped due to emergency bypass",
      "exception_applied": false,
      "exception_reason": ""
    },
    {
      "gate_id": "11",
      "gate_name": "CONSENT",
      "result": "skip",
      "duration_seconds": 0,
      "stdout": "",
      "stderr": "",
      "artifacts": [],
      "error_message": "Skipped due to emergency bypass",
      "exception_applied": false,
      "exception_reason": ""
    },
    {
      "gate_id": "12",
      "gate_name": "VYAVASTHIT",
      "result": "skip",
      "duration_seconds": 0,
      "stdout": "",
      "stderr": "",
      "artifacts": [],
      "error_message": "Skipped due to emergency bypass",
      "exception_applied": false,
      "exception_reason": ""
    },
    {
      "gate_id": "13",
      "gate_name": "REVERSIBILITY",
      "result": "skip",
      "duration_seconds": 0,
      "stdout": "",
      "stderr": "",
      "artifacts": [],
      "error_message": "Skipped due to emergency bypass",
      "exception_applied": false,
      "exception_reason": ""
    },
    {
      "gate_id": "14",
      "gate_name": "SVABHAAVA",
      "result": "skip",
      "duration_seconds": 0,
      "stdout": "",
      "stderr": "",
      "artifacts": [],
      "error_message": "Skipped due to emergency bypass",
      "exception_applied": false,
      "exception_reason": ""
    },
    {
      "gate_id": "15",
      "gate_name": "WITNESS",
      "result": "skip",
      "duration_seconds": 0,
      "stdout": "",
      "stderr": "",
      "artifacts": [],
      "error_message": "Skipped due to emergency bypass",
      "exception_applied": false,
      "exception_reason": ""
    },
    {
      "gate_id": "16",
      "gate_name": "SBOM_PROVENANCE",
      "result": "error",
      "duration_seconds": 0.00026106834411621094,
      "stdout": "",
      "stderr": "",
      "artifacts": [],
      "error_message": "ExecGuard blocked command: cyclonedx-py environment -o sbom.json",
      "exception_applied": false,
      "exception_reason": ""
    },
    {
      "gate_id": "17",
      "gate_name": "LICENSE_COMPLIANCE",
      "result": "error",
      "duration_seconds": 7.510185241699219e-05,
      "stdout": "",
      "stderr": "",
      "artifacts": [],
      "error_message": "ExecGuard blocked command: pip-licenses --format=json --output-file=licenses.json",
      "exception_applied": false,
      "exception_reason": ""
    },
    {
      "gate_id": "CKC_META_CHECK",
      "gate_name": "CKC_META_CHECK",
      "result": "pass",
      "duration_seconds": 2.193450927734375e-05,
      "stdout": "",
      "stderr": "",
      "artifacts": [],
      "error_message": "",
      "exception_applied": false,
      "exception_reason": "Meta-observation active"
    },
    {
      "gate_id": "CKC_SPEED_LIMIT",
      "gate_name": "CKC_SPEED_LIMIT",
      "result": "pass",
      "duration_seconds": 0.0,
      "stdout": "",
      "stderr": "",
      "artifacts": [],
      "error_message": "",
      "exception_applied": false,
      "exception_reason": ""
    },
    {
      "gate_id": "ML_DATA_PROVENANCE",
      "gate_name": "ML_DATA_PROVENANCE",
      "result": "fail",
      "duration_seconds": 4.887580871582031e-05,
      "stdout": "",
      "stderr": "",
      "artifacts": [],
      "error_message": "Missing required files: DATA_PROVENANCE.md, data_manifest.json",
      "exception_applied": false,
      "exception_reason": ""
    },
    {
      "gate_id": "ML_EVAL_SUITE",
      "gate_name": "ML_EVAL_SUITE",
      "result": "fail",
      "duration_seconds": 0.3060789108276367,
      "stdout": "\u001b[1m============================= test session starts ==============================\u001b[0m\nplatform darwin -- Python 3.13.5, pytest-8.4.2, pluggy-1.6.0 -- /Library/Frameworks/Python.framework/Versions/3.13/bin/python3\ncachedir: .pytest_cache\nhypothesis profile 'default'\nrootdir: /Users/dhyana/DHARMIC_GODEL_CLAW\nconfigfile: pytest.ini\nplugins: jaxtyping-0.3.5, asyncio-1.2.0, anyio-4.9.0, hypothesis-6.151.5, typeguard-4.4.4, cov-7.0.0\nasyncio: mode=Mode.AUTO, debug=False, asyncio_default_fixture_loop_scope=None, asyncio_default_test_loop_scope=function\n\u001b[1mcollecting ... \u001b[0mcollected 0 items\n\n\u001b[33m============================ \u001b[33mno tests ran\u001b[0m\u001b[33m in 0.06s\u001b[0m\u001b[33m =============================\u001b[0m\n",
      "stderr": "ERROR: file or directory not found: tests/ml_eval/\n\n",
      "artifacts": [],
      "error_message": "Command failed with exit code 4",
      "exception_applied": false,
      "exception_reason": ""
    },
    {
      "gate_id": "ML_MODEL_CARD",
      "gate_name": "ML_MODEL_CARD",
      "result": "fail",
      "duration_seconds": 0.00012493133544921875,
      "stdout": "",
      "stderr": "",
      "artifacts": [],
      "error_message": "Missing required files: MODEL_CARD.md",
      "exception_applied": false,
      "exception_reason": ""
    },
    {
      "gate_id": "ML_RISK_REGISTER",
      "gate_name": "ML_RISK_REGISTER",
      "result": "warn",
      "duration_seconds": 1.6927719116210938e-05,
      "stdout": "",
      "stderr": "",
      "artifacts": [],
      "error_message": "Missing required files: AI_RISK_REGISTER.md",
      "exception_applied": false,
      "exception_reason": ""
    },
    {
      "gate_id": "ML_REPRODUCIBILITY",
      "gate_name": "ML_REPRODUCIBILITY",
      "result": "fail",
      "duration_seconds": 4.100799560546875e-05,
      "stdout": "",
      "stderr": "",
      "artifacts": [],
      "error_message": "Missing required files: requirements.txt, config.yaml, environment.lock",
      "exception_applied": false,
      "exception_reason": ""
    },
    {
      "gate_id": "ACCELERATOR_PLAN",
      "gate_name": "ACCELERATOR_PLAN",
      "result": "pass",
      "duration_seconds": 6.389617919921875e-05,
      "stdout": "",
      "stderr": "",
      "artifacts": [],
      "error_message": "",
      "exception_applied": false,
      "exception_reason": ""
    },
    {
      "gate_id": "CUDA_COMPAT",
      "gate_name": "CUDA_COMPAT",
      "result": "pass",
      "duration_seconds": 1.0967254638671875e-05,
      "stdout": "",
      "stderr": "",
      "artifacts": [],
      "error_message": "",
      "exception_applied": false,
      "exception_reason": ""
    },
    {
      "gate_id": "ACCELERATOR_BENCHMARKS",
      "gate_name": "ACCELERATOR_BENCHMARKS",
      "result": "pass",
      "duration_seconds": 1.4066696166992188e-05,
      "stdout": "",
      "stderr": "",
      "artifacts": [],
      "error_message": "",
      "exception_applied": false,
      "exception_reason": ""
    },
    {
      "gate_id": "SKILL_REGISTRY_SIGNED",
      "gate_name": "SKILL_REGISTRY_SIGNED",
      "result": "error",
      "duration_seconds": 0.00045490264892578125,
      "stdout": "",
      "stderr": "",
      "artifacts": [],
      "error_message": "ExecGuard blocked command: python -m swarm.skill_registry verify",
      "exception_applied": false,
      "exception_reason": ""
    },
    {
      "gate_id": "SKILL_SUPPLY_CHAIN_SCAN",
      "gate_name": "SKILL_SUPPLY_CHAIN_SCAN",
      "result": "error",
      "duration_seconds": 8.0108642578125e-05,
      "stdout": "",
      "stderr": "",
      "artifacts": [],
      "error_message": "ExecGuard blocked command: python -m swarm.skill_supply_chain scan",
      "exception_applied": false,
      "exception_reason": ""
    }
  ],
  "evidence_bundle_hash": "1c2bc0f7a1efa24ef6525b3d3526615ee77894c94a4e810554348c974a9c87cf",
  "evidence_signature": "",
  "signature_method": "hmac-sha256",
  "signature_key_id": "",
  "signature_required": true,
  "signature_present": false,
  "emergency_bypass": true,
  "emergency_reason": "YOLO Mode Active",
  "emergency_approver": "CosmicKrishna",
  "exceptions_applied": []
}