{
  "proposal_id": "PROP-20260205211304",
  "created_at": "2026-02-05T21:17:09.672532+00:00",
  "evidence": [
    {
      "gate_id": "1",
      "gate_name": "LINT_FORMAT",
      "result": "fail",
      "duration_seconds": 0.4665110111236572,
      "stdout": "",
      "stderr": "",
      "artifacts": [],
      "error_message": "Command failed with exit code 1",
      "exception_applied": false,
      "exception_reason": ""
    },
    {
      "gate_id": "2",
      "gate_name": "TYPE_CHECK",
      "result": "fail",
      "duration_seconds": 0.38903188705444336,
      "stdout": "",
      "stderr": "Unexpected option --strict.\npyright --help for usage\n",
      "artifacts": [],
      "error_message": "Command failed with exit code 4",
      "exception_applied": false,
      "exception_reason": ""
    },
    {
      "gate_id": "3",
      "gate_name": "SECURITY_SCAN",
      "result": "fail",
      "duration_seconds": 180.042818069458,
      "stdout": "",
      "stderr": "",
      "artifacts": [],
      "error_message": "Gate timed out after 180s",
      "exception_applied": false,
      "exception_reason": ""
    },
    {
      "gate_id": "4",
      "gate_name": "DEPENDENCY_SAFETY",
      "result": "fail",
      "duration_seconds": 62.11760091781616,
      "stdout": "",
      "stderr": "Found 31 known vulnerabilities in 14 packages\n",
      "artifacts": [],
      "error_message": "Command failed with exit code 1",
      "exception_applied": false,
      "exception_reason": ""
    },
    {
      "gate_id": "5",
      "gate_name": "TEST_COVERAGE",
      "result": "fail",
      "duration_seconds": 1.0584290027618408,
      "stdout": "",
      "stderr": "ERROR: usage: pytest [options] [file_or_dir] [file_or_dir] [...]\npytest: error: unrecognized arguments: --cov=. --cov-report=json:coverage.json --cov-fail-under=80\n  inifile: /Users/dhyana/DHARMIC_GODEL_CLAW/pytest.ini\n  rootdir: /Users/dhyana/DHARMIC_GODEL_CLAW\n\n",
      "artifacts": [],
      "error_message": "Command failed with exit code 4",
      "exception_applied": false,
      "exception_reason": ""
    },
    {
      "gate_id": "6",
      "gate_name": "PROPERTY_TESTING",
      "result": "fail",
      "duration_seconds": 0.16900181770324707,
      "stdout": "",
      "stderr": "ERROR: usage: pytest [options] [file_or_dir] [file_or_dir] [...]\npytest: error: unrecognized arguments: --hypothesis-show-statistics\n  inifile: /Users/dhyana/DHARMIC_GODEL_CLAW/tests/pytest.ini\n  rootdir: /Users/dhyana/DHARMIC_GODEL_CLAW/tests\n\n",
      "artifacts": [],
      "error_message": "Command failed with exit code 4",
      "exception_applied": false,
      "exception_reason": ""
    },
    {
      "gate_id": "7",
      "gate_name": "CONTRACT_INTEGRATION",
      "result": "fail",
      "duration_seconds": 0.2258598804473877,
      "stdout": "\u001b[1m============================= test session starts ==============================\u001b[0m\nplatform darwin -- Python 3.14.2, pytest-9.0.2, pluggy-1.6.0 -- /opt/homebrew/opt/python@3.14/bin/python3.14\ncachedir: .pytest_cache\nrootdir: /Users/dhyana/DHARMIC_GODEL_CLAW\nconfigfile: pytest.ini\nplugins: anyio-4.12.1\n\u001b[1mcollecting ... \u001b[0mcollected 0 items\n\n- generated xml file: /Users/dhyana/DHARMIC_GODEL_CLAW/integration_results.xml -\n\u001b[33m============================== \u001b[33m\u001b[1m1 warning\u001b[0m\u001b[33m in 0.01s\u001b[0m\u001b[33m ==============================\u001b[0m\n",
      "stderr": "ERROR: file or directory not found: tests/integration/\n\n",
      "artifacts": [],
      "error_message": "Command failed with exit code 4",
      "exception_applied": false,
      "exception_reason": ""
    },
    {
      "gate_id": "8",
      "gate_name": "PERFORMANCE_REGRESSION",
      "result": "fail",
      "duration_seconds": 0.1905531883239746,
      "stdout": "",
      "stderr": "ERROR: usage: pytest [options] [file_or_dir] [file_or_dir] [...]\npytest: error: unrecognized arguments: --benchmark-compare --benchmark-json=benchmark.json\n  inifile: /Users/dhyana/DHARMIC_GODEL_CLAW/pytest.ini\n  rootdir: /Users/dhyana/DHARMIC_GODEL_CLAW\n\n",
      "artifacts": [],
      "error_message": "Command failed with exit code 4",
      "exception_applied": false,
      "exception_reason": ""
    },
    {
      "gate_id": "9",
      "gate_name": "AHIMSA",
      "result": "fail",
      "duration_seconds": 0.0007810592651367188,
      "stdout": "",
      "stderr": "",
      "artifacts": [],
      "error_message": "Missing required files: proposal.yaml",
      "exception_applied": false,
      "exception_reason": ""
    },
    {
      "gate_id": "10",
      "gate_name": "SATYA",
      "result": "fail",
      "duration_seconds": 0.002663135528564453,
      "stdout": "",
      "stderr": "",
      "artifacts": [],
      "error_message": "Missing required artifacts: satya_assessment.json, claim_evidence_map.json",
      "exception_applied": false,
      "exception_reason": ""
    },
    {
      "gate_id": "11",
      "gate_name": "CONSENT",
      "result": "fail",
      "duration_seconds": 3.0279159545898438e-05,
      "stdout": "",
      "stderr": "",
      "artifacts": [],
      "error_message": "Missing required artifacts: consent_record.json, approval_signature.txt",
      "exception_applied": false,
      "exception_reason": ""
    },
    {
      "gate_id": "12",
      "gate_name": "VYAVASTHIT",
      "result": "warn",
      "duration_seconds": 1.7881393432617188e-05,
      "stdout": "",
      "stderr": "",
      "artifacts": [],
      "error_message": "Missing required artifacts: vyavasthit_assessment.json",
      "exception_applied": false,
      "exception_reason": ""
    },
    {
      "gate_id": "13",
      "gate_name": "REVERSIBILITY",
      "result": "pass",
      "duration_seconds": 2.09808349609375e-05,
      "stdout": "",
      "stderr": "",
      "artifacts": [],
      "error_message": "",
      "exception_applied": false,
      "exception_reason": ""
    },
    {
      "gate_id": "14",
      "gate_name": "SVABHAAVA",
      "result": "warn",
      "duration_seconds": 1.0967254638671875e-05,
      "stdout": "",
      "stderr": "",
      "artifacts": [],
      "error_message": "Missing required artifacts: svabhaava_assessment.json",
      "exception_applied": false,
      "exception_reason": ""
    },
    {
      "gate_id": "15",
      "gate_name": "WITNESS",
      "result": "warn",
      "duration_seconds": 0.0006260871887207031,
      "stdout": "",
      "stderr": "",
      "artifacts": [],
      "error_message": "Missing required artifacts: audit_trail.jsonl, evidence_bundle_hash.sha256, witness_trail.json, evidence_hash.sha256",
      "exception_applied": false,
      "exception_reason": ""
    },
    {
      "gate_id": "16",
      "gate_name": "SBOM_PROVENANCE",
      "result": "error",
      "duration_seconds": 0.0005660057067871094,
      "stdout": "",
      "stderr": "",
      "artifacts": [],
      "error_message": "ExecGuard blocked command: cyclonedx-py environment -o sbom.json",
      "exception_applied": false,
      "exception_reason": ""
    },
    {
      "gate_id": "17",
      "gate_name": "LICENSE_COMPLIANCE",
      "result": "error",
      "duration_seconds": 8.96453857421875e-05,
      "stdout": "",
      "stderr": "",
      "artifacts": [],
      "error_message": "ExecGuard blocked command: pip-licenses --format=json --output-file=licenses.json",
      "exception_applied": false,
      "exception_reason": ""
    },
    {
      "gate_id": "CKC_META_CHECK",
      "gate_name": "CKC_META_CHECK",
      "result": "pass",
      "duration_seconds": 1.2159347534179688e-05,
      "stdout": "",
      "stderr": "",
      "artifacts": [],
      "error_message": "",
      "exception_applied": false,
      "exception_reason": "Meta-observation active"
    },
    {
      "gate_id": "CKC_SPEED_LIMIT",
      "gate_name": "CKC_SPEED_LIMIT",
      "result": "pass",
      "duration_seconds": 1.1920928955078125e-06,
      "stdout": "",
      "stderr": "",
      "artifacts": [],
      "error_message": "",
      "exception_applied": false,
      "exception_reason": ""
    },
    {
      "gate_id": "ML_DATA_PROVENANCE",
      "gate_name": "ML_DATA_PROVENANCE",
      "result": "fail",
      "duration_seconds": 3.0040740966796875e-05,
      "stdout": "",
      "stderr": "",
      "artifacts": [],
      "error_message": "Missing required files: DATA_PROVENANCE.md, data_manifest.json",
      "exception_applied": false,
      "exception_reason": ""
    },
    {
      "gate_id": "ML_EVAL_SUITE",
      "gate_name": "ML_EVAL_SUITE",
      "result": "fail",
      "duration_seconds": 0.23839211463928223,
      "stdout": "\u001b[1m============================= test session starts ==============================\u001b[0m\nplatform darwin -- Python 3.14.2, pytest-9.0.2, pluggy-1.6.0 -- /opt/homebrew/opt/python@3.14/bin/python3.14\ncachedir: .pytest_cache\nrootdir: /Users/dhyana/DHARMIC_GODEL_CLAW\nconfigfile: pytest.ini\nplugins: anyio-4.12.1\n\u001b[1mcollecting ... \u001b[0mcollected 0 items\n\n\u001b[33m============================== \u001b[33m\u001b[1m1 warning\u001b[0m\u001b[33m in 0.01s\u001b[0m\u001b[33m ==============================\u001b[0m\n",
      "stderr": "ERROR: file or directory not found: tests/ml_eval/\n\n",
      "artifacts": [],
      "error_message": "Command failed with exit code 4",
      "exception_applied": false,
      "exception_reason": ""
    },
    {
      "gate_id": "ML_MODEL_CARD",
      "gate_name": "ML_MODEL_CARD",
      "result": "fail",
      "duration_seconds": 0.0004241466522216797,
      "stdout": "",
      "stderr": "",
      "artifacts": [],
      "error_message": "Missing required files: MODEL_CARD.md",
      "exception_applied": false,
      "exception_reason": ""
    },
    {
      "gate_id": "ML_RISK_REGISTER",
      "gate_name": "ML_RISK_REGISTER",
      "result": "warn",
      "duration_seconds": 1.621246337890625e-05,
      "stdout": "",
      "stderr": "",
      "artifacts": [],
      "error_message": "Missing required files: AI_RISK_REGISTER.md",
      "exception_applied": false,
      "exception_reason": ""
    },
    {
      "gate_id": "ML_REPRODUCIBILITY",
      "gate_name": "ML_REPRODUCIBILITY",
      "result": "fail",
      "duration_seconds": 4.7206878662109375e-05,
      "stdout": "",
      "stderr": "",
      "artifacts": [],
      "error_message": "Missing required files: requirements.txt, config.yaml, environment.lock",
      "exception_applied": false,
      "exception_reason": ""
    },
    {
      "gate_id": "ACCELERATOR_PLAN",
      "gate_name": "ACCELERATOR_PLAN",
      "result": "pass",
      "duration_seconds": 9.298324584960938e-05,
      "stdout": "",
      "stderr": "",
      "artifacts": [],
      "error_message": "",
      "exception_applied": false,
      "exception_reason": ""
    },
    {
      "gate_id": "CUDA_COMPAT",
      "gate_name": "CUDA_COMPAT",
      "result": "pass",
      "duration_seconds": 1.71661376953125e-05,
      "stdout": "",
      "stderr": "",
      "artifacts": [],
      "error_message": "",
      "exception_applied": false,
      "exception_reason": ""
    },
    {
      "gate_id": "ACCELERATOR_BENCHMARKS",
      "gate_name": "ACCELERATOR_BENCHMARKS",
      "result": "pass",
      "duration_seconds": 0.0004420280456542969,
      "stdout": "",
      "stderr": "",
      "artifacts": [],
      "error_message": "",
      "exception_applied": false,
      "exception_reason": ""
    },
    {
      "gate_id": "SKILL_REGISTRY_SIGNED",
      "gate_name": "SKILL_REGISTRY_SIGNED",
      "result": "fail",
      "duration_seconds": 0.006554841995239258,
      "stdout": "",
      "stderr": "/bin/sh: python: command not found\n",
      "artifacts": [],
      "error_message": "Command failed with exit code 127",
      "exception_applied": false,
      "exception_reason": ""
    },
    {
      "gate_id": "SKILL_SUPPLY_CHAIN_SCAN",
      "gate_name": "SKILL_SUPPLY_CHAIN_SCAN",
      "result": "fail",
      "duration_seconds": 0.005239009857177734,
      "stdout": "",
      "stderr": "/bin/sh: python: command not found\n",
      "artifacts": [],
      "error_message": "Command failed with exit code 127",
      "exception_applied": false,
      "exception_reason": ""
    }
  ],
  "artifact_hashes": {},
  "exceptions_applied": []
}