{
  "proposal_id": "PROP-20260209080312",
  "created_at": "2026-02-09T08:03:13.914751+00:00",
  "evidence": [
    {
      "gate_id": "1",
      "gate_name": "LINT_FORMAT",
      "result": "warn",
      "duration_seconds": 0.0035550594329833984,
      "stdout": "",
      "stderr": "/bin/sh: ruff: command not found\n",
      "artifacts": [],
      "error_message": "Command failed with exit code 127",
      "exception_applied": false,
      "exception_reason": ""
    },
    {
      "gate_id": "2",
      "gate_name": "TYPE_CHECK",
      "result": "warn",
      "duration_seconds": 0.0034418106079101562,
      "stdout": "",
      "stderr": "/bin/sh: pyright: command not found\n",
      "artifacts": [],
      "error_message": "Command failed with exit code 127",
      "exception_applied": false,
      "exception_reason": ""
    },
    {
      "gate_id": "3",
      "gate_name": "SECURITY_SCAN",
      "result": "warn",
      "duration_seconds": 0.0029840469360351562,
      "stdout": "",
      "stderr": "/bin/sh: bandit: command not found\n",
      "artifacts": [],
      "error_message": "Command failed with exit code 127",
      "exception_applied": false,
      "exception_reason": ""
    },
    {
      "gate_id": "4",
      "gate_name": "DEPENDENCY_SAFETY",
      "result": "warn",
      "duration_seconds": 0.0028390884399414062,
      "stdout": "",
      "stderr": "/bin/sh: pip-audit: command not found\n",
      "artifacts": [],
      "error_message": "Command failed with exit code 127",
      "exception_applied": false,
      "exception_reason": ""
    },
    {
      "gate_id": "5",
      "gate_name": "TEST_COVERAGE",
      "result": "warn",
      "duration_seconds": 0.14054203033447266,
      "stdout": "",
      "stderr": "ERROR: usage: pytest [options] [file_or_dir] [file_or_dir] [...]\npytest: error: unrecognized arguments: --cov=. --cov-report=json:coverage.json --cov-fail-under=80\n  inifile: /Users/dhyana/DHARMIC_GODEL_CLAW/pytest.ini\n  rootdir: /Users/dhyana/DHARMIC_GODEL_CLAW\n\n",
      "artifacts": [],
      "error_message": "Command failed with exit code 4",
      "exception_applied": false,
      "exception_reason": ""
    },
    {
      "gate_id": "6",
      "gate_name": "PROPERTY_TESTING",
      "result": "warn",
      "duration_seconds": 0.14092516899108887,
      "stdout": "",
      "stderr": "ERROR: usage: pytest [options] [file_or_dir] [file_or_dir] [...]\npytest: error: unrecognized arguments: --hypothesis-show-statistics\n  inifile: /Users/dhyana/DHARMIC_GODEL_CLAW/tests/pytest.ini\n  rootdir: /Users/dhyana/DHARMIC_GODEL_CLAW/tests\n\n",
      "artifacts": [],
      "error_message": "Command failed with exit code 4",
      "exception_applied": false,
      "exception_reason": ""
    },
    {
      "gate_id": "7",
      "gate_name": "CONTRACT_INTEGRATION",
      "result": "warn",
      "duration_seconds": 0.16341710090637207,
      "stdout": "\u001b[1m============================= test session starts ==============================\u001b[0m\nplatform darwin -- Python 3.14.2, pytest-9.0.2, pluggy-1.6.0 -- /opt/homebrew/opt/python@3.14/bin/python3.14\ncachedir: .pytest_cache\nrootdir: /Users/dhyana/DHARMIC_GODEL_CLAW\nconfigfile: pytest.ini\nplugins: anyio-4.12.1\n\u001b[1mcollecting ... \u001b[0mcollected 0 items\n\n- generated xml file: /Users/dhyana/DHARMIC_GODEL_CLAW/integration_results.xml -\n\u001b[33m============================== \u001b[33m\u001b[1m1 warning\u001b[0m\u001b[33m in 0.00s\u001b[0m\u001b[33m ==============================\u001b[0m\n",
      "stderr": "ERROR: file or directory not found: tests/integration/\n\n",
      "artifacts": [],
      "error_message": "Command failed with exit code 4",
      "exception_applied": false,
      "exception_reason": ""
    },
    {
      "gate_id": "8",
      "gate_name": "PERFORMANCE_REGRESSION",
      "result": "warn",
      "duration_seconds": 0.15404701232910156,
      "stdout": "",
      "stderr": "ERROR: usage: pytest [options] [file_or_dir] [file_or_dir] [...]\npytest: error: unrecognized arguments: --benchmark-compare --benchmark-json=benchmark.json\n  inifile: /Users/dhyana/DHARMIC_GODEL_CLAW/pytest.ini\n  rootdir: /Users/dhyana/DHARMIC_GODEL_CLAW\n\n",
      "artifacts": [],
      "error_message": "Command failed with exit code 4",
      "exception_applied": false,
      "exception_reason": ""
    },
    {
      "gate_id": "9",
      "gate_name": "AHIMSA",
      "result": "warn",
      "duration_seconds": 0.00011396408081054688,
      "stdout": "",
      "stderr": "",
      "artifacts": [],
      "error_message": "Missing required files: proposal.yaml",
      "exception_applied": false,
      "exception_reason": ""
    },
    {
      "gate_id": "10",
      "gate_name": "SATYA",
      "result": "warn",
      "duration_seconds": 0.0011839866638183594,
      "stdout": "",
      "stderr": "",
      "artifacts": [],
      "error_message": "Missing required artifacts: satya_assessment.json, claim_evidence_map.json",
      "exception_applied": false,
      "exception_reason": ""
    },
    {
      "gate_id": "11",
      "gate_name": "CONSENT",
      "result": "warn",
      "duration_seconds": 3.5762786865234375e-05,
      "stdout": "",
      "stderr": "",
      "artifacts": [],
      "error_message": "Missing required artifacts: consent_record.json, approval_signature.txt",
      "exception_applied": false,
      "exception_reason": ""
    },
    {
      "gate_id": "12",
      "gate_name": "VYAVASTHIT",
      "result": "warn",
      "duration_seconds": 1.1920928955078125e-05,
      "stdout": "",
      "stderr": "",
      "artifacts": [],
      "error_message": "Missing required artifacts: vyavasthit_assessment.json",
      "exception_applied": false,
      "exception_reason": ""
    },
    {
      "gate_id": "13",
      "gate_name": "REVERSIBILITY",
      "result": "pass",
      "duration_seconds": 1.0967254638671875e-05,
      "stdout": "",
      "stderr": "",
      "artifacts": [],
      "error_message": "",
      "exception_applied": false,
      "exception_reason": ""
    },
    {
      "gate_id": "14",
      "gate_name": "SVABHAAVA",
      "result": "warn",
      "duration_seconds": 1.4066696166992188e-05,
      "stdout": "",
      "stderr": "",
      "artifacts": [],
      "error_message": "Missing required artifacts: svabhaava_assessment.json",
      "exception_applied": false,
      "exception_reason": ""
    },
    {
      "gate_id": "15",
      "gate_name": "WITNESS",
      "result": "warn",
      "duration_seconds": 4.410743713378906e-05,
      "stdout": "",
      "stderr": "",
      "artifacts": [],
      "error_message": "Missing required artifacts: audit_trail.jsonl, evidence_bundle_hash.sha256, witness_trail.json, evidence_hash.sha256",
      "exception_applied": false,
      "exception_reason": ""
    },
    {
      "gate_id": "16",
      "gate_name": "SBOM_PROVENANCE",
      "result": "error",
      "duration_seconds": 0.00021505355834960938,
      "stdout": "",
      "stderr": "",
      "artifacts": [],
      "error_message": "ExecGuard blocked command: cyclonedx-py environment -o sbom.json",
      "exception_applied": false,
      "exception_reason": ""
    },
    {
      "gate_id": "17",
      "gate_name": "LICENSE_COMPLIANCE",
      "result": "error",
      "duration_seconds": 8.296966552734375e-05,
      "stdout": "",
      "stderr": "",
      "artifacts": [],
      "error_message": "ExecGuard blocked command: pip-licenses --format=json --output-file=licenses.json",
      "exception_applied": false,
      "exception_reason": ""
    },
    {
      "gate_id": "CKC_META_CHECK",
      "gate_name": "CKC_META_CHECK",
      "result": "pass",
      "duration_seconds": 1.0013580322265625e-05,
      "stdout": "",
      "stderr": "",
      "artifacts": [],
      "error_message": "",
      "exception_applied": false,
      "exception_reason": "Meta-observation active"
    },
    {
      "gate_id": "CKC_SPEED_LIMIT",
      "gate_name": "CKC_SPEED_LIMIT",
      "result": "pass",
      "duration_seconds": 9.5367431640625e-07,
      "stdout": "",
      "stderr": "",
      "artifacts": [],
      "error_message": "",
      "exception_applied": false,
      "exception_reason": ""
    },
    {
      "gate_id": "ML_DATA_PROVENANCE",
      "gate_name": "ML_DATA_PROVENANCE",
      "result": "warn",
      "duration_seconds": 2.1696090698242188e-05,
      "stdout": "",
      "stderr": "",
      "artifacts": [],
      "error_message": "Missing required files: DATA_PROVENANCE.md, data_manifest.json",
      "exception_applied": false,
      "exception_reason": ""
    },
    {
      "gate_id": "ML_EVAL_SUITE",
      "gate_name": "ML_EVAL_SUITE",
      "result": "warn",
      "duration_seconds": 0.16148614883422852,
      "stdout": "\u001b[1m============================= test session starts ==============================\u001b[0m\nplatform darwin -- Python 3.14.2, pytest-9.0.2, pluggy-1.6.0 -- /opt/homebrew/opt/python@3.14/bin/python3.14\ncachedir: .pytest_cache\nrootdir: /Users/dhyana/DHARMIC_GODEL_CLAW\nconfigfile: pytest.ini\nplugins: anyio-4.12.1\n\u001b[1mcollecting ... \u001b[0mcollected 0 items\n\n\u001b[33m============================== \u001b[33m\u001b[1m1 warning\u001b[0m\u001b[33m in 0.00s\u001b[0m\u001b[33m ==============================\u001b[0m\n",
      "stderr": "ERROR: file or directory not found: tests/ml_eval/\n\n",
      "artifacts": [],
      "error_message": "Command failed with exit code 4",
      "exception_applied": false,
      "exception_reason": ""
    },
    {
      "gate_id": "ML_MODEL_CARD",
      "gate_name": "ML_MODEL_CARD",
      "result": "warn",
      "duration_seconds": 9.870529174804688e-05,
      "stdout": "",
      "stderr": "",
      "artifacts": [],
      "error_message": "Missing required files: MODEL_CARD.md",
      "exception_applied": false,
      "exception_reason": ""
    },
    {
      "gate_id": "ML_RISK_REGISTER",
      "gate_name": "ML_RISK_REGISTER",
      "result": "warn",
      "duration_seconds": 1.0967254638671875e-05,
      "stdout": "",
      "stderr": "",
      "artifacts": [],
      "error_message": "Missing required files: AI_RISK_REGISTER.md",
      "exception_applied": false,
      "exception_reason": ""
    },
    {
      "gate_id": "ML_REPRODUCIBILITY",
      "gate_name": "ML_REPRODUCIBILITY",
      "result": "warn",
      "duration_seconds": 2.9087066650390625e-05,
      "stdout": "",
      "stderr": "",
      "artifacts": [],
      "error_message": "Missing required files: requirements.txt, config.yaml, environment.lock",
      "exception_applied": false,
      "exception_reason": ""
    },
    {
      "gate_id": "ACCELERATOR_PLAN",
      "gate_name": "ACCELERATOR_PLAN",
      "result": "pass",
      "duration_seconds": 3.504753112792969e-05,
      "stdout": "",
      "stderr": "",
      "artifacts": [],
      "error_message": "",
      "exception_applied": false,
      "exception_reason": ""
    },
    {
      "gate_id": "CUDA_COMPAT",
      "gate_name": "CUDA_COMPAT",
      "result": "pass",
      "duration_seconds": 1.0013580322265625e-05,
      "stdout": "",
      "stderr": "",
      "artifacts": [],
      "error_message": "",
      "exception_applied": false,
      "exception_reason": ""
    },
    {
      "gate_id": "ACCELERATOR_BENCHMARKS",
      "gate_name": "ACCELERATOR_BENCHMARKS",
      "result": "pass",
      "duration_seconds": 1.3828277587890625e-05,
      "stdout": "",
      "stderr": "",
      "artifacts": [],
      "error_message": "",
      "exception_applied": false,
      "exception_reason": ""
    },
    {
      "gate_id": "SKILL_REGISTRY_SIGNED",
      "gate_name": "SKILL_REGISTRY_SIGNED",
      "result": "warn",
      "duration_seconds": 0.0036039352416992188,
      "stdout": "",
      "stderr": "/bin/sh: python: command not found\n",
      "artifacts": [],
      "error_message": "Command failed with exit code 127",
      "exception_applied": false,
      "exception_reason": ""
    },
    {
      "gate_id": "SKILL_SUPPLY_CHAIN_SCAN",
      "gate_name": "SKILL_SUPPLY_CHAIN_SCAN",
      "result": "warn",
      "duration_seconds": 0.002904176712036133,
      "stdout": "",
      "stderr": "/bin/sh: python: command not found\n",
      "artifacts": [],
      "error_message": "Command failed with exit code 127",
      "exception_applied": false,
      "exception_reason": ""
    }
  ],
  "artifact_hashes": {},
  "exceptions_applied": []
}